  INFO root [0x0000163c] [2017-12-21 10:57:26,940] - 
  INFO root [0x0000163c] [2017-12-21 10:57:26,941] - -----------------------------------------------------------------------------------------


  INFO root [0x0000163c] [2017-12-21 10:57:26,942] - Resmgr::initialize: KBE_ROOT=I:/KBE/kbengine-1.0.0/kbe-ball/
  INFO root [0x0000163c] [2017-12-21 10:57:26,942] - Resmgr::initialize: KBE_RES_PATH=I:/KBE/kbengine-1.0.0/kbe-ball/kbe/res/;I:/KBE/kbengine-1.0.0/kbe-ball/balls_server_assets/;I:/KBE/kbengine-1.0.0/kbe-ball/balls_server_assets/scripts/;I:/KBE/kbengine-1.0.0/kbe-ball/balls_server_assets/res/
  INFO root [0x0000163c] [2017-12-21 10:57:26,942] - Resmgr::initialize: KBE_BIN_PATH=I:/KBE/kbengine-1.0.0/kbe-ball/kbe/bin/server/
  INFO root [0x0000163c] [2017-12-21 10:57:26,950] - NetworkInterface::recreateListeningSocket(INTERNAL): bound to all interfaces with default route interface on 192.168.100.93 ( 192.168.100.93:1661 )
  INFO root [0x0000163c] [2017-12-21 10:57:26,950] - NetworkInterface::recreateListeningSocket(INTERNAL): address 192.168.100.93:1661, SOMAXCONN=5.
  INFO root [0x0000163c] [2017-12-21 10:57:26,950] - server-configs:
  INFO root [0x0000163c] [2017-12-21 10:57:26,950] - 	gameUpdateHertz : 30
  INFO root [0x0000163c] [2017-12-21 10:57:26,951] - 	defaultAoIRadius : 80
  INFO root [0x0000163c] [2017-12-21 10:57:26,951] - 	defaultAoIHysteresisArea : 5
  INFO root [0x0000163c] [2017-12-21 10:57:26,951] - 	entryScriptFile : kbemain
  INFO root [0x0000163c] [2017-12-21 10:57:26,951] - 	internalAddr : 192.168.100.93:1661
  INFO root [0x0000163c] [2017-12-21 10:57:26,951] - 	componentID : 8001
  INFO root [0x0000163c] [2017-12-21 10:57:27,003] - Components::findLogger: found logger, addr:192.168.100.93:1627
  INFO root [0x0000163c] [2017-12-21 10:57:27,003] - Components::addComponent: reset orderLog, uid=10103!
  INFO root [0x0000163c] [2017-12-21 10:57:27,003] - Components::addComponent[logger], uid=10103, componentID=2000, globalorderid=1, grouporderid=1, totalcount=1
  INFO root [0x0000163c] [2017-12-21 10:57:27,008] - ---- cellapp Version: 1.0.0. ScriptVersion: 0.1.0. Protocol: D25B4E16028C33EB467B7BE2F3500426. Config: Debug X86. Built: 15:24:49 Nov 23 2017. AppID: 8001. UID: 10103. PID: 5504 ----
  INFO root [0x0000163c] [2017-12-21 10:57:27,008] - Server :         Intel(R) Core(TM) i5-3470 CPU @ 3.20GHz with 4194303kB RAM
  INFO root [0x0000163c] [2017-12-21 10:57:27,009] - ThreadPool::createThreadPool: creating  threadpool...
  INFO root [0x0000163c] [2017-12-21 10:57:27,009] - ThreadPool::createThreadPool: successfully(2), newThreadCount=1, normalMaxThreadCount=2, maxThreadCount=8
 DEBUG root [0x0000163c] [2017-12-21 10:57:27,157] - Script::install_py_dlls(): PyInit_pyexpat
 DEBUG root [0x0000163c] [2017-12-21 10:57:27,158] - Script::install_py_dlls(): PyInit__socket
 DEBUG root [0x0000163c] [2017-12-21 10:57:27,158] - Script::install_py_dlls(): PyInit__ssl
 DEBUG root [0x0000163c] [2017-12-21 10:57:27,161] - Script::install_py_dlls(): PyInit__hashlib
 DEBUG root [0x0000163c] [2017-12-21 10:57:27,162] - Script::install_py_dlls(): PyInit_select
 DEBUG root [0x0000163c] [2017-12-21 10:57:27,162] - Script::install_py_dlls(): PyInit__ctypes
 DEBUG root [0x0000163c] [2017-12-21 10:57:27,162] - Script::install_py_dlls(): PyInit__elementtree
 DEBUG root [0x0000163c] [2017-12-21 10:57:27,198] - Script::install_py_dlls(): PyInit_unicodedata
  INFO root [0x0000163c] [2017-12-21 10:57:27,235] - Script::install(): is successfully, Python=(3.4.2 (default, Nov 23 2017, 15:24:08) [MSC v.1800 32 bit (Intel)])!
  INFO root [0x0000163c] [2017-12-21 10:57:27,235] - Script::install(): KBExtra is successfully!
 DEBUG root [0x0000163c] [2017-12-21 10:57:27,313] - loaded script:Avatar(1).
 DEBUG root [0x0000163c] [2017-12-21 10:57:27,316] - loaded script:Room(3).
 DEBUG root [0x0000163c] [2017-12-21 10:57:27,317] - loaded script:Food(4).
 DEBUG root [0x0000163c] [2017-12-21 10:57:27,318] - loaded script:Smash(5).
  INFO root [0x0000163c] [2017-12-21 10:57:27,319] - TelnetServer server is running on port 50000
  INFO root [0x0000163c] [2017-12-21 10:57:27,579] - ---- cellapp is running ----
 DEBUG root [0x0000163c] [2017-12-21 10:57:27,579] - Components::process(): Request for the process of identity...
  WARN root [0x0000163c] [2017-12-21 10:57:33,640] - Forwarding logs to logger[192.168.100.93:1627/0/0/0]...
 ERROR root [0x0000163c] [2017-12-21 10:57:40,376] - Components::removeComponentByChannel: logger : 2000, Abnormal exit! errorno=10054
  INFO root [0x0000163c] [2017-12-21 10:57:40,378] - The following logs sent to logger failed:
  WARN root [0x0000163c] [2017-12-21 10:57:40,378] - ==> [2017-12-21 10:57:40 375] TCPPacketReceiver::processPendingEvents(192.168.100.93:1627): Throwing REASON_GENERAL_NETWORK - WSAECONNRESET
 ERROR root [0x0000163c] [2017-12-21 10:57:40,378] - ==> [2017-12-21 10:57:40 376] Components::removeComponentByChannel: logger : 2000, Abnormal exit! errorno=10054
  INFO root [0x00000c68] [2017-12-21 10:57:47,038] - 
  INFO root [0x00000c68] [2017-12-21 10:57:47,038] - -----------------------------------------------------------------------------------------


  INFO root [0x00000c68] [2017-12-21 10:57:47,039] - Resmgr::initialize: KBE_ROOT=I:/KBE/kbengine-1.0.0/kbe-ball/
  INFO root [0x00000c68] [2017-12-21 10:57:47,039] - Resmgr::initialize: KBE_RES_PATH=I:/KBE/kbengine-1.0.0/kbe-ball/kbe/res/;I:/KBE/kbengine-1.0.0/kbe-ball/balls_server_assets/;I:/KBE/kbengine-1.0.0/kbe-ball/balls_server_assets/scripts/;I:/KBE/kbengine-1.0.0/kbe-ball/balls_server_assets/res/
  INFO root [0x00000c68] [2017-12-21 10:57:47,039] - Resmgr::initialize: KBE_BIN_PATH=I:/KBE/kbengine-1.0.0/kbe-ball/kbe/bin/server/
  INFO root [0x00000c68] [2017-12-21 10:57:47,047] - NetworkInterface::recreateListeningSocket(INTERNAL): bound to all interfaces with default route interface on 192.168.100.93 ( 192.168.100.93:1697 )
  INFO root [0x00000c68] [2017-12-21 10:57:47,048] - NetworkInterface::recreateListeningSocket(INTERNAL): address 192.168.100.93:1697, SOMAXCONN=5.
  INFO root [0x00000c68] [2017-12-21 10:57:47,048] - server-configs:
  INFO root [0x00000c68] [2017-12-21 10:57:47,048] - 	gameUpdateHertz : 30
  INFO root [0x00000c68] [2017-12-21 10:57:47,048] - 	defaultAoIRadius : 80
  INFO root [0x00000c68] [2017-12-21 10:57:47,048] - 	defaultAoIHysteresisArea : 5
  INFO root [0x00000c68] [2017-12-21 10:57:47,048] - 	entryScriptFile : kbemain
  INFO root [0x00000c68] [2017-12-21 10:57:47,048] - 	internalAddr : 192.168.100.93:1697
  INFO root [0x00000c68] [2017-12-21 10:57:47,048] - 	componentID : 8001
  INFO root [0x00000c68] [2017-12-21 10:57:47,130] - Components::findLogger: found logger, addr:192.168.100.93:1683
  INFO root [0x00000c68] [2017-12-21 10:57:47,130] - Components::addComponent: reset orderLog, uid=10103!
  INFO root [0x00000c68] [2017-12-21 10:57:47,130] - Components::addComponent[logger], uid=10103, componentID=2000, globalorderid=1, grouporderid=1, totalcount=1
  INFO root [0x00000c68] [2017-12-21 10:57:47,135] - ---- cellapp Version: 1.0.0. ScriptVersion: 0.1.0. Protocol: D25B4E16028C33EB467B7BE2F3500426. Config: Debug X86. Built: 15:24:49 Nov 23 2017. AppID: 8001. UID: 10103. PID: 3312 ----
  INFO root [0x00000c68] [2017-12-21 10:57:47,135] - Server :         Intel(R) Core(TM) i5-3470 CPU @ 3.20GHz with 4194303kB RAM
  INFO root [0x00000c68] [2017-12-21 10:57:47,135] - ThreadPool::createThreadPool: creating  threadpool...
  INFO root [0x00000c68] [2017-12-21 10:57:47,136] - ThreadPool::createThreadPool: successfully(2), newThreadCount=1, normalMaxThreadCount=2, maxThreadCount=8
 DEBUG root [0x00000c68] [2017-12-21 10:57:47,267] - Script::install_py_dlls(): PyInit_pyexpat
 DEBUG root [0x00000c68] [2017-12-21 10:57:47,268] - Script::install_py_dlls(): PyInit__socket
 DEBUG root [0x00000c68] [2017-12-21 10:57:47,268] - Script::install_py_dlls(): PyInit__ssl
 DEBUG root [0x00000c68] [2017-12-21 10:57:47,271] - Script::install_py_dlls(): PyInit__hashlib
 DEBUG root [0x00000c68] [2017-12-21 10:57:47,272] - Script::install_py_dlls(): PyInit_select
 DEBUG root [0x00000c68] [2017-12-21 10:57:47,272] - Script::install_py_dlls(): PyInit__ctypes
 DEBUG root [0x00000c68] [2017-12-21 10:57:47,272] - Script::install_py_dlls(): PyInit__elementtree
 DEBUG root [0x00000c68] [2017-12-21 10:57:47,307] - Script::install_py_dlls(): PyInit_unicodedata
  INFO root [0x00000c68] [2017-12-21 10:57:47,341] - Script::install(): is successfully, Python=(3.4.2 (default, Nov 23 2017, 15:24:08) [MSC v.1800 32 bit (Intel)])!
  INFO root [0x00000c68] [2017-12-21 10:57:47,341] - Script::install(): KBExtra is successfully!
 DEBUG root [0x00000c68] [2017-12-21 10:57:47,365] - loaded script:Avatar(1).
 DEBUG root [0x00000c68] [2017-12-21 10:57:47,367] - loaded script:Room(3).
 DEBUG root [0x00000c68] [2017-12-21 10:57:47,368] - loaded script:Food(4).
 DEBUG root [0x00000c68] [2017-12-21 10:57:47,369] - loaded script:Smash(5).
  INFO root [0x00000c68] [2017-12-21 10:57:47,369] - TelnetServer server is running on port 50000
  INFO root [0x00000c68] [2017-12-21 10:57:47,623] - ---- cellapp is running ----
 DEBUG root [0x00000c68] [2017-12-21 10:57:47,624] - Components::process(): Request for the process of identity...
  WARN root [0x00000c68] [2017-12-21 10:57:53,667] - Forwarding logs to logger[192.168.100.93:1683/0/0/0]...
 ERROR root [0x00000c68] [2017-12-21 10:57:56,155] - Components::removeComponentByChannel: logger : 2000, Abnormal exit! errorno=10054
  INFO root [0x00000c68] [2017-12-21 10:57:56,157] - The following logs sent to logger failed:
  WARN root [0x00000c68] [2017-12-21 10:57:56,157] - ==> [2017-12-21 10:57:56 155] TCPPacketReceiver::processPendingEvents(192.168.100.93:1683): Throwing REASON_GENERAL_NETWORK - WSAECONNRESET
 ERROR root [0x00000c68] [2017-12-21 10:57:56,158] - ==> [2017-12-21 10:57:56 156] Components::removeComponentByChannel: logger : 2000, Abnormal exit! errorno=10054
  INFO root [0x0000031c] [2017-12-21 11:30:58,529] - 
  INFO root [0x0000031c] [2017-12-21 11:30:58,530] - -----------------------------------------------------------------------------------------


  INFO root [0x0000031c] [2017-12-21 11:30:58,530] - Resmgr::initialize: KBE_ROOT=I:/KBE/kbengine-1.0.0/kbe-ball/
  INFO root [0x0000031c] [2017-12-21 11:30:58,531] - Resmgr::initialize: KBE_RES_PATH=I:/KBE/kbengine-1.0.0/kbe-ball/kbe/res/;I:/KBE/kbengine-1.0.0/kbe-ball/balls_server_assets/;I:/KBE/kbengine-1.0.0/kbe-ball/balls_server_assets/scripts/;I:/KBE/kbengine-1.0.0/kbe-ball/balls_server_assets/res/
  INFO root [0x0000031c] [2017-12-21 11:30:58,531] - Resmgr::initialize: KBE_BIN_PATH=I:/KBE/kbengine-1.0.0/kbe-ball/kbe/bin/server/
  INFO root [0x0000031c] [2017-12-21 11:30:58,538] - NetworkInterface::recreateListeningSocket(INTERNAL): bound to all interfaces with default route interface on 192.168.100.93 ( 192.168.100.93:2210 )
  INFO root [0x0000031c] [2017-12-21 11:30:58,538] - NetworkInterface::recreateListeningSocket(INTERNAL): address 192.168.100.93:2210, SOMAXCONN=5.
  INFO root [0x0000031c] [2017-12-21 11:30:58,539] - server-configs:
  INFO root [0x0000031c] [2017-12-21 11:30:58,539] - 	gameUpdateHertz : 30
  INFO root [0x0000031c] [2017-12-21 11:30:58,539] - 	defaultAoIRadius : 80
  INFO root [0x0000031c] [2017-12-21 11:30:58,539] - 	defaultAoIHysteresisArea : 5
  INFO root [0x0000031c] [2017-12-21 11:30:58,539] - 	entryScriptFile : kbemain
  INFO root [0x0000031c] [2017-12-21 11:30:58,539] - 	internalAddr : 192.168.100.93:2210
  INFO root [0x0000031c] [2017-12-21 11:30:58,539] - 	componentID : 8001
  INFO root [0x0000031c] [2017-12-21 11:30:58,584] - Components::findLogger: found logger, addr:192.168.100.93:2186
  INFO root [0x0000031c] [2017-12-21 11:30:58,584] - Components::addComponent: reset orderLog, uid=10103!
  INFO root [0x0000031c] [2017-12-21 11:30:58,584] - Components::addComponent[logger], uid=10103, componentID=2000, globalorderid=1, grouporderid=1, totalcount=1
  INFO root [0x0000031c] [2017-12-21 11:30:58,589] - ---- cellapp Version: 1.0.0. ScriptVersion: 0.1.0. Protocol: D25B4E16028C33EB467B7BE2F3500426. Config: Debug X86. Built: 15:24:49 Nov 23 2017. AppID: 8001. UID: 10103. PID: 4672 ----
  INFO root [0x0000031c] [2017-12-21 11:30:58,589] - Server :         Intel(R) Core(TM) i5-3470 CPU @ 3.20GHz with 4194303kB RAM
  INFO root [0x0000031c] [2017-12-21 11:30:58,589] - ThreadPool::createThreadPool: creating  threadpool...
  INFO root [0x0000031c] [2017-12-21 11:30:58,590] - ThreadPool::createThreadPool: successfully(2), newThreadCount=1, normalMaxThreadCount=2, maxThreadCount=8
 DEBUG root [0x0000031c] [2017-12-21 11:30:58,752] - Script::install_py_dlls(): PyInit_pyexpat
 DEBUG root [0x0000031c] [2017-12-21 11:30:58,752] - Script::install_py_dlls(): PyInit__socket
 DEBUG root [0x0000031c] [2017-12-21 11:30:58,778] - Script::install_py_dlls(): PyInit__ssl
 DEBUG root [0x0000031c] [2017-12-21 11:30:58,782] - Script::install_py_dlls(): PyInit__hashlib
 DEBUG root [0x0000031c] [2017-12-21 11:30:58,782] - Script::install_py_dlls(): PyInit_select
 DEBUG root [0x0000031c] [2017-12-21 11:30:58,782] - Script::install_py_dlls(): PyInit__ctypes
 DEBUG root [0x0000031c] [2017-12-21 11:30:58,783] - Script::install_py_dlls(): PyInit__elementtree
 DEBUG root [0x0000031c] [2017-12-21 11:30:58,821] - Script::install_py_dlls(): PyInit_unicodedata
  INFO root [0x0000031c] [2017-12-21 11:30:58,857] - Script::install(): is successfully, Python=(3.4.2 (default, Nov 23 2017, 15:24:08) [MSC v.1800 32 bit (Intel)])!
  INFO root [0x0000031c] [2017-12-21 11:30:58,857] - Script::install(): KBExtra is successfully!
 DEBUG root [0x0000031c] [2017-12-21 11:30:58,880] - loaded script:Avatar(1).
 DEBUG root [0x0000031c] [2017-12-21 11:30:58,882] - loaded script:Room(3).
 DEBUG root [0x0000031c] [2017-12-21 11:30:58,883] - loaded script:Food(4).
 DEBUG root [0x0000031c] [2017-12-21 11:30:58,884] - loaded script:Smash(5).
  INFO root [0x0000031c] [2017-12-21 11:30:58,885] - TelnetServer server is running on port 50000
  INFO root [0x0000031c] [2017-12-21 11:30:59,141] - ---- cellapp is running ----
 DEBUG root [0x0000031c] [2017-12-21 11:30:59,141] - Components::process(): Request for the process of identity...
  WARN root [0x0000031c] [2017-12-21 11:31:05,184] - Forwarding logs to logger[192.168.100.93:2186/0/0/0]...
 ERROR root [0x0000031c] [2017-12-21 11:44:03,423] - 192.168.100.93:2186: TCPPacketSender::processSend(1): Exception occurred: REASON_RESOURCE_UNAVAILABLE
