  INFO root [2017-12-26 11:15:18,624] - 
  INFO root [2017-12-26 11:15:18,624] - -----------------------------------------------------------------------------------------


  INFO root [2017-12-26 11:15:18,625] - Resmgr::initialize: KBE_ROOT=I:/KBE/kbengine-1.0.0/kbe-ball/
  INFO root [2017-12-26 11:15:18,625] - Resmgr::initialize: KBE_RES_PATH=I:/KBE/kbengine-1.0.0/kbe-ball/kbe/res/;I:/KBE/kbengine-1.0.0/kbe-ball/balls_server_assets/;I:/KBE/kbengine-1.0.0/kbe-ball/balls_server_assets/scripts/;I:/KBE/kbengine-1.0.0/kbe-ball/balls_server_assets/res/
  INFO root [2017-12-26 11:15:18,625] - Resmgr::initialize: KBE_BIN_PATH=I:/KBE/kbengine-1.0.0/kbe-ball/kbe/bin/server/
  INFO root [2017-12-26 11:15:18,633] - NetworkInterface::recreateListeningSocket(INTERNAL): bound to all interfaces with default route interface on 192.168.100.93 ( 192.168.100.93:30099 )
  INFO root [2017-12-26 11:15:18,633] - NetworkInterface::recreateListeningSocket(INTERNAL): address 192.168.100.93:30099, SOMAXCONN=5.
  INFO root [2017-12-26 11:15:18,636] - ---- interfaces Version: 1.0.0. ScriptVersion: 0.1.0. Protocol: 1ABB6125D8365C3720079E1D4CCC25C7. Config: Debug X86. Built: 15:23:35 Nov 23 2017. AppID: 3000. UID: 10103. PID: 3028 ----
  INFO root [2017-12-26 11:15:18,637] - Server :         Intel(R) Core(TM) i5-3470 CPU @ 3.20GHz with 4194303kB RAM
  INFO root [2017-12-26 11:15:18,637] - ThreadPool::createThreadPool: creating  threadpool...
  INFO root [2017-12-26 11:15:18,637] - ThreadPool::createThreadPool: successfully(2), newThreadCount=1, normalMaxThreadCount=2, maxThreadCount=8
 DEBUG root [2017-12-26 11:15:18,770] - Script::install_py_dlls(): PyInit_pyexpat
 DEBUG root [2017-12-26 11:15:18,770] - Script::install_py_dlls(): PyInit__socket
 DEBUG root [2017-12-26 11:15:18,770] - Script::install_py_dlls(): PyInit__ssl
 DEBUG root [2017-12-26 11:15:18,774] - Script::install_py_dlls(): PyInit__hashlib
 DEBUG root [2017-12-26 11:15:18,774] - Script::install_py_dlls(): PyInit_select
 DEBUG root [2017-12-26 11:15:18,774] - Script::install_py_dlls(): PyInit__ctypes
 DEBUG root [2017-12-26 11:15:18,775] - Script::install_py_dlls(): PyInit__elementtree
 DEBUG root [2017-12-26 11:15:18,809] - Script::install_py_dlls(): PyInit_unicodedata
  INFO root [2017-12-26 11:15:18,844] - Script::install(): is successfully, Python=(3.4.2 (default, Nov 23 2017, 15:23:32) [MSC v.1800 32 bit (Intel)])!
  INFO root [2017-12-26 11:15:18,844] - Script::install(): KBExtra is successfully!
S_INFO root [2017-12-26 11:15:18,854] - onInterfaceAppReady: bootstrapGroupIndex=0, bootstrapGlobalIndex=0
  INFO root [2017-12-26 11:15:18,862] - TelnetServer server is running on port 33000
  INFO root [2017-12-26 11:15:19,110] - ---- interfaces is running ----
 DEBUG root [2017-12-26 11:15:19,110] - Components::process(): Request for the process of identity...
  INFO root [2017-12-26 11:15:26,254] - Components::process(): Found all the components!
S_INFO root [2017-12-26 11:22:44,856] - onRequestAccountLogin: registerName=qqqqqq
S_INFO root [2017-12-26 11:26:28,230] - onRequestAccountLogin: registerName=aaaaaa
  WARN root [2017-12-26 11:29:41,869] - TCPPacketReceiver::processPendingEvents(127.0.0.1:2372): Throwing REASON_GENERAL_NETWORK - WSAECONNRESET
  INFO root [2017-12-26 11:29:45,244] - 
  INFO root [2017-12-26 11:29:45,245] - -----------------------------------------------------------------------------------------


  INFO root [2017-12-26 11:29:45,245] - Resmgr::initialize: KBE_ROOT=I:/KBE/kbengine-1.0.0/kbe-ball/
  INFO root [2017-12-26 11:29:45,245] - Resmgr::initialize: KBE_RES_PATH=I:/KBE/kbengine-1.0.0/kbe-ball/kbe/res/;I:/KBE/kbengine-1.0.0/kbe-ball/balls_server_assets/;I:/KBE/kbengine-1.0.0/kbe-ball/balls_server_assets/scripts/;I:/KBE/kbengine-1.0.0/kbe-ball/balls_server_assets/res/
  INFO root [2017-12-26 11:29:45,245] - Resmgr::initialize: KBE_BIN_PATH=I:/KBE/kbengine-1.0.0/kbe-ball/kbe/bin/server/
  INFO root [2017-12-26 11:29:45,255] - NetworkInterface::recreateListeningSocket(INTERNAL): bound to all interfaces with default route interface on 192.168.100.93 ( 192.168.100.93:30099 )
  INFO root [2017-12-26 11:29:45,255] - NetworkInterface::recreateListeningSocket(INTERNAL): address 192.168.100.93:30099, SOMAXCONN=5.
  INFO root [2017-12-26 11:29:45,258] - ---- interfaces Version: 1.0.0. ScriptVersion: 0.1.0. Protocol: 1ABB6125D8365C3720079E1D4CCC25C7. Config: Debug X86. Built: 15:23:35 Nov 23 2017. AppID: 3000. UID: 10103. PID: 6612 ----
  INFO root [2017-12-26 11:29:45,259] - Server :         Intel(R) Core(TM) i5-3470 CPU @ 3.20GHz with 4194303kB RAM
  INFO root [2017-12-26 11:29:45,259] - ThreadPool::createThreadPool: creating  threadpool...
  INFO root [2017-12-26 11:29:45,260] - ThreadPool::createThreadPool: successfully(2), newThreadCount=1, normalMaxThreadCount=2, maxThreadCount=8
 DEBUG root [2017-12-26 11:29:45,393] - Script::install_py_dlls(): PyInit_pyexpat
 DEBUG root [2017-12-26 11:29:45,393] - Script::install_py_dlls(): PyInit__socket
 DEBUG root [2017-12-26 11:29:45,393] - Script::install_py_dlls(): PyInit__ssl
 DEBUG root [2017-12-26 11:29:45,396] - Script::install_py_dlls(): PyInit__hashlib
 DEBUG root [2017-12-26 11:29:45,397] - Script::install_py_dlls(): PyInit_select
 DEBUG root [2017-12-26 11:29:45,397] - Script::install_py_dlls(): PyInit__ctypes
 DEBUG root [2017-12-26 11:29:45,397] - Script::install_py_dlls(): PyInit__elementtree
 DEBUG root [2017-12-26 11:29:45,436] - Script::install_py_dlls(): PyInit_unicodedata
  INFO root [2017-12-26 11:29:45,473] - Script::install(): is successfully, Python=(3.4.2 (default, Nov 23 2017, 15:23:32) [MSC v.1800 32 bit (Intel)])!
  INFO root [2017-12-26 11:29:45,473] - Script::install(): KBExtra is successfully!
S_INFO root [2017-12-26 11:29:45,483] - onInterfaceAppReady: bootstrapGroupIndex=0, bootstrapGlobalIndex=0
  INFO root [2017-12-26 11:29:45,493] - TelnetServer server is running on port 33000
  INFO root [2017-12-26 11:29:45,753] - ---- interfaces is running ----
 DEBUG root [2017-12-26 11:29:45,754] - Components::process(): Request for the process of identity...
  INFO root [2017-12-26 11:29:52,851] - Components::process(): Found all the components!
S_INFO root [2017-12-26 11:30:05,951] - onRequestAccountLogin: registerName=aaaaaa
S_INFO root [2017-12-26 11:30:32,418] - onRequestAccountLogin: registerName=qqqqqq
  WARN root [2017-12-26 18:00:59,708] - TCPPacketReceiver::processPendingEvents(127.0.0.1:3141): Throwing REASON_GENERAL_NETWORK - WSAECONNRESET
  INFO root [2017-12-26 18:01:05,005] - 
  INFO root [2017-12-26 18:01:05,006] - -----------------------------------------------------------------------------------------


  INFO root [2017-12-26 18:01:05,006] - Resmgr::initialize: KBE_ROOT=I:/KBE/kbengine-1.0.0/kbe-ball/
  INFO root [2017-12-26 18:01:05,006] - Resmgr::initialize: KBE_RES_PATH=I:/KBE/kbengine-1.0.0/kbe-ball/kbe/res/;I:/KBE/kbengine-1.0.0/kbe-ball/balls_server_assets/;I:/KBE/kbengine-1.0.0/kbe-ball/balls_server_assets/scripts/;I:/KBE/kbengine-1.0.0/kbe-ball/balls_server_assets/res/
  INFO root [2017-12-26 18:01:05,007] - Resmgr::initialize: KBE_BIN_PATH=I:/KBE/kbengine-1.0.0/kbe-ball/kbe/bin/server/
  INFO root [2017-12-26 18:01:05,014] - NetworkInterface::recreateListeningSocket(INTERNAL): bound to all interfaces with default route interface on 192.168.100.93 ( 192.168.100.93:30099 )
  INFO root [2017-12-26 18:01:05,014] - NetworkInterface::recreateListeningSocket(INTERNAL): address 192.168.100.93:30099, SOMAXCONN=5.
  INFO root [2017-12-26 18:01:05,017] - ---- interfaces Version: 1.0.0. ScriptVersion: 0.1.0. Protocol: 1ABB6125D8365C3720079E1D4CCC25C7. Config: Debug X86. Built: 15:23:35 Nov 23 2017. AppID: 3000. UID: 10103. PID: 9520 ----
  INFO root [2017-12-26 18:01:05,018] - Server :         Intel(R) Core(TM) i5-3470 CPU @ 3.20GHz with 4194303kB RAM
  INFO root [2017-12-26 18:01:05,018] - ThreadPool::createThreadPool: creating  threadpool...
  INFO root [2017-12-26 18:01:05,019] - ThreadPool::createThreadPool: successfully(2), newThreadCount=1, normalMaxThreadCount=2, maxThreadCount=8
 DEBUG root [2017-12-26 18:01:05,152] - Script::install_py_dlls(): PyInit_pyexpat
 DEBUG root [2017-12-26 18:01:05,153] - Script::install_py_dlls(): PyInit__socket
 DEBUG root [2017-12-26 18:01:05,153] - Script::install_py_dlls(): PyInit__ssl
 DEBUG root [2017-12-26 18:01:05,156] - Script::install_py_dlls(): PyInit__hashlib
 DEBUG root [2017-12-26 18:01:05,156] - Script::install_py_dlls(): PyInit_select
 DEBUG root [2017-12-26 18:01:05,157] - Script::install_py_dlls(): PyInit__ctypes
 DEBUG root [2017-12-26 18:01:05,157] - Script::install_py_dlls(): PyInit__elementtree
 DEBUG root [2017-12-26 18:01:05,192] - Script::install_py_dlls(): PyInit_unicodedata
  INFO root [2017-12-26 18:01:05,229] - Script::install(): is successfully, Python=(3.4.2 (default, Nov 23 2017, 15:23:32) [MSC v.1800 32 bit (Intel)])!
  INFO root [2017-12-26 18:01:05,229] - Script::install(): KBExtra is successfully!
S_INFO root [2017-12-26 18:01:05,261] - onInterfaceAppReady: bootstrapGroupIndex=0, bootstrapGlobalIndex=0
  INFO root [2017-12-26 18:01:05,286] - TelnetServer server is running on port 33000
  INFO root [2017-12-26 18:01:05,557] - ---- interfaces is running ----
 DEBUG root [2017-12-26 18:01:05,558] - Components::process(): Request for the process of identity...
  INFO root [2017-12-26 18:01:12,729] - Components::process(): Found all the components!
S_INFO root [2017-12-26 18:04:41,199] - onRequestAccountLogin: registerName=bbvvbb
  WARN root [2017-12-26 18:19:10,302] - TCPPacketReceiver::processPendingEvents(127.0.0.1:45853): Throwing REASON_GENERAL_NETWORK - WSAECONNRESET
  INFO root [2017-12-26 18:19:16,588] - 
  INFO root [2017-12-26 18:19:16,589] - -----------------------------------------------------------------------------------------


  INFO root [2017-12-26 18:19:16,589] - Resmgr::initialize: KBE_ROOT=I:/KBE/kbengine-1.0.0/kbe-ball/
  INFO root [2017-12-26 18:19:16,590] - Resmgr::initialize: KBE_RES_PATH=I:/KBE/kbengine-1.0.0/kbe-ball/kbe/res/;I:/KBE/kbengine-1.0.0/kbe-ball/balls_server_assets/;I:/KBE/kbengine-1.0.0/kbe-ball/balls_server_assets/scripts/;I:/KBE/kbengine-1.0.0/kbe-ball/balls_server_assets/res/
  INFO root [2017-12-26 18:19:16,590] - Resmgr::initialize: KBE_BIN_PATH=I:/KBE/kbengine-1.0.0/kbe-ball/kbe/bin/server/
  INFO root [2017-12-26 18:19:16,597] - NetworkInterface::recreateListeningSocket(INTERNAL): bound to all interfaces with default route interface on 192.168.100.93 ( 192.168.100.93:30099 )
  INFO root [2017-12-26 18:19:16,597] - NetworkInterface::recreateListeningSocket(INTERNAL): address 192.168.100.93:30099, SOMAXCONN=5.
  INFO root [2017-12-26 18:19:16,601] - ---- interfaces Version: 1.0.0. ScriptVersion: 0.1.0. Protocol: 1ABB6125D8365C3720079E1D4CCC25C7. Config: Debug X86. Built: 15:23:35 Nov 23 2017. AppID: 3000. UID: 10103. PID: 9512 ----
  INFO root [2017-12-26 18:19:16,601] - Server :         Intel(R) Core(TM) i5-3470 CPU @ 3.20GHz with 4194303kB RAM
  INFO root [2017-12-26 18:19:16,601] - ThreadPool::createThreadPool: creating  threadpool...
  INFO root [2017-12-26 18:19:16,602] - ThreadPool::createThreadPool: successfully(2), newThreadCount=1, normalMaxThreadCount=2, maxThreadCount=8
 DEBUG root [2017-12-26 18:19:16,753] - Script::install_py_dlls(): PyInit_pyexpat
 DEBUG root [2017-12-26 18:19:16,753] - Script::install_py_dlls(): PyInit__socket
 DEBUG root [2017-12-26 18:19:16,754] - Script::install_py_dlls(): PyInit__ssl
 DEBUG root [2017-12-26 18:19:16,757] - Script::install_py_dlls(): PyInit__hashlib
 DEBUG root [2017-12-26 18:19:16,757] - Script::install_py_dlls(): PyInit_select
 DEBUG root [2017-12-26 18:19:16,757] - Script::install_py_dlls(): PyInit__ctypes
 DEBUG root [2017-12-26 18:19:16,758] - Script::install_py_dlls(): PyInit__elementtree
 DEBUG root [2017-12-26 18:19:16,793] - Script::install_py_dlls(): PyInit_unicodedata
  INFO root [2017-12-26 18:19:16,841] - Script::install(): is successfully, Python=(3.4.2 (default, Nov 23 2017, 15:23:32) [MSC v.1800 32 bit (Intel)])!
  INFO root [2017-12-26 18:19:16,841] - Script::install(): KBExtra is successfully!
S_INFO root [2017-12-26 18:19:16,855] - onInterfaceAppReady: bootstrapGroupIndex=0, bootstrapGlobalIndex=0
  INFO root [2017-12-26 18:19:16,874] - TelnetServer server is running on port 33000
  INFO root [2017-12-26 18:19:17,135] - ---- interfaces is running ----
 DEBUG root [2017-12-26 18:19:17,135] - Components::process(): Request for the process of identity...
  INFO root [2017-12-26 18:19:24,389] - Components::process(): Found all the components!
  WARN root [2017-12-26 19:26:41,398] - TCPPacketReceiver::processPendingEvents(127.0.0.1:51705): Throwing REASON_GENERAL_NETWORK - WSAECONNRESET
  INFO root [2017-12-26 19:27:01,495] - 
  INFO root [2017-12-26 19:27:01,495] - -----------------------------------------------------------------------------------------


  INFO root [2017-12-26 19:27:01,496] - Resmgr::initialize: KBE_ROOT=I:/KBE/kbengine-1.0.0/kbe-ball/
  INFO root [2017-12-26 19:27:01,496] - Resmgr::initialize: KBE_RES_PATH=I:/KBE/kbengine-1.0.0/kbe-ball/kbe/res/;I:/KBE/kbengine-1.0.0/kbe-ball/balls_server_assets/;I:/KBE/kbengine-1.0.0/kbe-ball/balls_server_assets/scripts/;I:/KBE/kbengine-1.0.0/kbe-ball/balls_server_assets/res/
  INFO root [2017-12-26 19:27:01,496] - Resmgr::initialize: KBE_BIN_PATH=I:/KBE/kbengine-1.0.0/kbe-ball/kbe/bin/server/
  INFO root [2017-12-26 19:27:01,504] - NetworkInterface::recreateListeningSocket(INTERNAL): bound to all interfaces with default route interface on 192.168.100.93 ( 192.168.100.93:30099 )
  INFO root [2017-12-26 19:27:01,505] - NetworkInterface::recreateListeningSocket(INTERNAL): address 192.168.100.93:30099, SOMAXCONN=5.
  INFO root [2017-12-26 19:27:01,508] - ---- interfaces Version: 1.0.0. ScriptVersion: 0.1.0. Protocol: 1ABB6125D8365C3720079E1D4CCC25C7. Config: Debug X86. Built: 15:23:35 Nov 23 2017. AppID: 3000. UID: 10103. PID: 8196 ----
  INFO root [2017-12-26 19:27:01,509] - Server :         Intel(R) Core(TM) i5-3470 CPU @ 3.20GHz with 4194303kB RAM
  INFO root [2017-12-26 19:27:01,509] - ThreadPool::createThreadPool: creating  threadpool...
  INFO root [2017-12-26 19:27:01,509] - ThreadPool::createThreadPool: successfully(2), newThreadCount=1, normalMaxThreadCount=2, maxThreadCount=8
 DEBUG root [2017-12-26 19:27:01,641] - Script::install_py_dlls(): PyInit_pyexpat
 DEBUG root [2017-12-26 19:27:01,641] - Script::install_py_dlls(): PyInit__socket
 DEBUG root [2017-12-26 19:27:01,642] - Script::install_py_dlls(): PyInit__ssl
 DEBUG root [2017-12-26 19:27:01,645] - Script::install_py_dlls(): PyInit__hashlib
 DEBUG root [2017-12-26 19:27:01,645] - Script::install_py_dlls(): PyInit_select
 DEBUG root [2017-12-26 19:27:01,645] - Script::install_py_dlls(): PyInit__ctypes
 DEBUG root [2017-12-26 19:27:01,646] - Script::install_py_dlls(): PyInit__elementtree
 DEBUG root [2017-12-26 19:27:01,682] - Script::install_py_dlls(): PyInit_unicodedata
  INFO root [2017-12-26 19:27:01,720] - Script::install(): is successfully, Python=(3.4.2 (default, Nov 23 2017, 15:23:32) [MSC v.1800 32 bit (Intel)])!
  INFO root [2017-12-26 19:27:01,721] - Script::install(): KBExtra is successfully!
S_INFO root [2017-12-26 19:27:01,732] - onInterfaceAppReady: bootstrapGroupIndex=0, bootstrapGlobalIndex=0
  INFO root [2017-12-26 19:27:01,740] - TelnetServer server is running on port 33000
  INFO root [2017-12-26 19:27:02,059] - ---- interfaces is running ----
 DEBUG root [2017-12-26 19:27:02,060] - Components::process(): Request for the process of identity...
  INFO root [2017-12-26 19:27:09,267] - Components::process(): Found all the components!
S_INFO root [2017-12-26 19:30:17,669] - onRequestAccountLogin: registerName=qqqqqq
  WARN root [2017-12-26 19:32:38,503] - TCPPacketReceiver::processPendingEvents(127.0.0.1:8057): Throwing REASON_GENERAL_NETWORK - WSAECONNRESET
  INFO root [2017-12-26 19:34:02,386] - 
  INFO root [2017-12-26 19:34:02,387] - -----------------------------------------------------------------------------------------


  INFO root [2017-12-26 19:34:02,387] - Resmgr::initialize: KBE_ROOT=I:/KBE/kbengine-1.0.0/kbe-ball/
  INFO root [2017-12-26 19:34:02,387] - Resmgr::initialize: KBE_RES_PATH=I:/KBE/kbengine-1.0.0/kbe-ball/kbe/res/;I:/KBE/kbengine-1.0.0/kbe-ball/balls_server_assets/;I:/KBE/kbengine-1.0.0/kbe-ball/balls_server_assets/scripts/;I:/KBE/kbengine-1.0.0/kbe-ball/balls_server_assets/res/
  INFO root [2017-12-26 19:34:02,387] - Resmgr::initialize: KBE_BIN_PATH=I:/KBE/kbengine-1.0.0/kbe-ball/kbe/bin/server/
  INFO root [2017-12-26 19:34:02,395] - NetworkInterface::recreateListeningSocket(INTERNAL): bound to all interfaces with default route interface on 192.168.100.93 ( 192.168.100.93:30099 )
  INFO root [2017-12-26 19:34:02,396] - NetworkInterface::recreateListeningSocket(INTERNAL): address 192.168.100.93:30099, SOMAXCONN=5.
  INFO root [2017-12-26 19:34:02,400] - ---- interfaces Version: 1.0.0. ScriptVersion: 0.1.0. Protocol: 1ABB6125D8365C3720079E1D4CCC25C7. Config: Debug X86. Built: 15:23:35 Nov 23 2017. AppID: 3000. UID: 10103. PID: 8552 ----
  INFO root [2017-12-26 19:34:02,400] - Server :         Intel(R) Core(TM) i5-3470 CPU @ 3.20GHz with 4194303kB RAM
  INFO root [2017-12-26 19:34:02,400] - ThreadPool::createThreadPool: creating  threadpool...
  INFO root [2017-12-26 19:34:02,401] - ThreadPool::createThreadPool: successfully(2), newThreadCount=1, normalMaxThreadCount=2, maxThreadCount=8
 DEBUG root [2017-12-26 19:34:02,547] - Script::install_py_dlls(): PyInit_pyexpat
 DEBUG root [2017-12-26 19:34:02,547] - Script::install_py_dlls(): PyInit__socket
 DEBUG root [2017-12-26 19:34:02,548] - Script::install_py_dlls(): PyInit__ssl
 DEBUG root [2017-12-26 19:34:02,551] - Script::install_py_dlls(): PyInit__hashlib
 DEBUG root [2017-12-26 19:34:02,551] - Script::install_py_dlls(): PyInit_select
 DEBUG root [2017-12-26 19:34:02,551] - Script::install_py_dlls(): PyInit__ctypes
 DEBUG root [2017-12-26 19:34:02,552] - Script::install_py_dlls(): PyInit__elementtree
 DEBUG root [2017-12-26 19:34:02,588] - Script::install_py_dlls(): PyInit_unicodedata
  INFO root [2017-12-26 19:34:02,632] - Script::install(): is successfully, Python=(3.4.2 (default, Nov 23 2017, 15:23:32) [MSC v.1800 32 bit (Intel)])!
  INFO root [2017-12-26 19:34:02,632] - Script::install(): KBExtra is successfully!
S_INFO root [2017-12-26 19:34:02,649] - onInterfaceAppReady: bootstrapGroupIndex=0, bootstrapGlobalIndex=0
  INFO root [2017-12-26 19:34:02,657] - TelnetServer server is running on port 33000
  INFO root [2017-12-26 19:34:02,931] - ---- interfaces is running ----
 DEBUG root [2017-12-26 19:34:02,932] - Components::process(): Request for the process of identity...
  INFO root [2017-12-26 19:34:10,084] - Components::process(): Found all the components!
S_INFO root [2017-12-26 19:34:22,217] - onRequestAccountLogin: registerName=qqqqqq
  WARN root [2017-12-26 19:35:38,264] - TCPPacketReceiver::processPendingEvents(127.0.0.1:10273): Throwing REASON_GENERAL_NETWORK - WSAECONNRESET
  INFO root [2017-12-26 19:35:43,385] - 
  INFO root [2017-12-26 19:35:43,386] - -----------------------------------------------------------------------------------------


  INFO root [2017-12-26 19:35:43,386] - Resmgr::initialize: KBE_ROOT=I:/KBE/kbengine-1.0.0/kbe-ball/
  INFO root [2017-12-26 19:35:43,386] - Resmgr::initialize: KBE_RES_PATH=I:/KBE/kbengine-1.0.0/kbe-ball/kbe/res/;I:/KBE/kbengine-1.0.0/kbe-ball/balls_server_assets/;I:/KBE/kbengine-1.0.0/kbe-ball/balls_server_assets/scripts/;I:/KBE/kbengine-1.0.0/kbe-ball/balls_server_assets/res/
  INFO root [2017-12-26 19:35:43,386] - Resmgr::initialize: KBE_BIN_PATH=I:/KBE/kbengine-1.0.0/kbe-ball/kbe/bin/server/
  INFO root [2017-12-26 19:35:43,411] - NetworkInterface::recreateListeningSocket(INTERNAL): bound to all interfaces with default route interface on 192.168.100.93 ( 192.168.100.93:30099 )
  INFO root [2017-12-26 19:35:43,411] - NetworkInterface::recreateListeningSocket(INTERNAL): address 192.168.100.93:30099, SOMAXCONN=5.
  INFO root [2017-12-26 19:35:43,419] - ---- interfaces Version: 1.0.0. ScriptVersion: 0.1.0. Protocol: 1ABB6125D8365C3720079E1D4CCC25C7. Config: Debug X86. Built: 15:23:35 Nov 23 2017. AppID: 3000. UID: 10103. PID: 5468 ----
  INFO root [2017-12-26 19:35:43,420] - Server :         Intel(R) Core(TM) i5-3470 CPU @ 3.20GHz with 4194303kB RAM
  INFO root [2017-12-26 19:35:43,420] - ThreadPool::createThreadPool: creating  threadpool...
  INFO root [2017-12-26 19:35:43,420] - ThreadPool::createThreadPool: successfully(2), newThreadCount=1, normalMaxThreadCount=2, maxThreadCount=8
 DEBUG root [2017-12-26 19:35:43,551] - Script::install_py_dlls(): PyInit_pyexpat
 DEBUG root [2017-12-26 19:35:43,552] - Script::install_py_dlls(): PyInit__socket
 DEBUG root [2017-12-26 19:35:43,552] - Script::install_py_dlls(): PyInit__ssl
 DEBUG root [2017-12-26 19:35:43,559] - Script::install_py_dlls(): PyInit__hashlib
 DEBUG root [2017-12-26 19:35:43,559] - Script::install_py_dlls(): PyInit_select
 DEBUG root [2017-12-26 19:35:43,559] - Script::install_py_dlls(): PyInit__ctypes
 DEBUG root [2017-12-26 19:35:43,560] - Script::install_py_dlls(): PyInit__elementtree
 DEBUG root [2017-12-26 19:35:43,641] - Script::install_py_dlls(): PyInit_unicodedata
  INFO root [2017-12-26 19:35:43,692] - Script::install(): is successfully, Python=(3.4.2 (default, Nov 23 2017, 15:23:32) [MSC v.1800 32 bit (Intel)])!
  INFO root [2017-12-26 19:35:43,692] - Script::install(): KBExtra is successfully!
S_INFO root [2017-12-26 19:35:43,704] - onInterfaceAppReady: bootstrapGroupIndex=0, bootstrapGlobalIndex=0
  INFO root [2017-12-26 19:35:43,714] - TelnetServer server is running on port 33000
  INFO root [2017-12-26 19:35:43,990] - ---- interfaces is running ----
 DEBUG root [2017-12-26 19:35:43,990] - Components::process(): Request for the process of identity...
  INFO root [2017-12-26 19:35:51,272] - Components::process(): Found all the components!
S_INFO root [2017-12-26 19:36:03,472] - onRequestAccountLogin: registerName=qqqqqq
  WARN root [2017-12-26 19:39:26,718] - TCPPacketReceiver::processPendingEvents(127.0.0.1:10835): Throwing REASON_GENERAL_NETWORK - WSAECONNRESET
  INFO root [2017-12-26 19:39:29,813] - 
  INFO root [2017-12-26 19:39:29,814] - -----------------------------------------------------------------------------------------


  INFO root [2017-12-26 19:39:29,814] - Resmgr::initialize: KBE_ROOT=I:/KBE/kbengine-1.0.0/kbe-ball/
  INFO root [2017-12-26 19:39:29,814] - Resmgr::initialize: KBE_RES_PATH=I:/KBE/kbengine-1.0.0/kbe-ball/kbe/res/;I:/KBE/kbengine-1.0.0/kbe-ball/balls_server_assets/;I:/KBE/kbengine-1.0.0/kbe-ball/balls_server_assets/scripts/;I:/KBE/kbengine-1.0.0/kbe-ball/balls_server_assets/res/
  INFO root [2017-12-26 19:39:29,814] - Resmgr::initialize: KBE_BIN_PATH=I:/KBE/kbengine-1.0.0/kbe-ball/kbe/bin/server/
  INFO root [2017-12-26 19:39:29,822] - NetworkInterface::recreateListeningSocket(INTERNAL): bound to all interfaces with default route interface on 192.168.100.93 ( 192.168.100.93:30099 )
  INFO root [2017-12-26 19:39:29,822] - NetworkInterface::recreateListeningSocket(INTERNAL): address 192.168.100.93:30099, SOMAXCONN=5.
  INFO root [2017-12-26 19:39:29,827] - ---- interfaces Version: 1.0.0. ScriptVersion: 0.1.0. Protocol: 1ABB6125D8365C3720079E1D4CCC25C7. Config: Debug X86. Built: 15:23:35 Nov 23 2017. AppID: 3000. UID: 10103. PID: 5268 ----
  INFO root [2017-12-26 19:39:29,828] - Server :         Intel(R) Core(TM) i5-3470 CPU @ 3.20GHz with 4194303kB RAM
  INFO root [2017-12-26 19:39:29,828] - ThreadPool::createThreadPool: creating  threadpool...
  INFO root [2017-12-26 19:39:29,828] - ThreadPool::createThreadPool: successfully(2), newThreadCount=1, normalMaxThreadCount=2, maxThreadCount=8
 DEBUG root [2017-12-26 19:39:30,094] - Script::install_py_dlls(): PyInit_pyexpat
 DEBUG root [2017-12-26 19:39:30,095] - Script::install_py_dlls(): PyInit__socket
 DEBUG root [2017-12-26 19:39:30,095] - Script::install_py_dlls(): PyInit__ssl
 DEBUG root [2017-12-26 19:39:30,099] - Script::install_py_dlls(): PyInit__hashlib
 DEBUG root [2017-12-26 19:39:30,099] - Script::install_py_dlls(): PyInit_select
 DEBUG root [2017-12-26 19:39:30,099] - Script::install_py_dlls(): PyInit__ctypes
 DEBUG root [2017-12-26 19:39:30,100] - Script::install_py_dlls(): PyInit__elementtree
 DEBUG root [2017-12-26 19:39:30,148] - Script::install_py_dlls(): PyInit_unicodedata
  INFO root [2017-12-26 19:39:30,197] - Script::install(): is successfully, Python=(3.4.2 (default, Nov 23 2017, 15:23:32) [MSC v.1800 32 bit (Intel)])!
  INFO root [2017-12-26 19:39:30,197] - Script::install(): KBExtra is successfully!
S_INFO root [2017-12-26 19:39:30,208] - onInterfaceAppReady: bootstrapGroupIndex=0, bootstrapGlobalIndex=0
  INFO root [2017-12-26 19:39:30,235] - TelnetServer server is running on port 33000
  INFO root [2017-12-26 19:39:31,251] - ---- interfaces is running ----
 DEBUG root [2017-12-26 19:39:31,257] - Components::process(): Request for the process of identity...
  INFO root [2017-12-26 19:39:38,415] - Components::process(): Found all the components!
S_INFO root [2017-12-26 19:39:55,542] - onRequestAccountLogin: registerName=qqqqqq
  WARN root [2017-12-26 19:41:12,765] - TCPPacketReceiver::processPendingEvents(127.0.0.1:12042): Throwing REASON_GENERAL_NETWORK - WSAECONNRESET
  INFO root [2017-12-26 19:41:15,888] - 
  INFO root [2017-12-26 19:41:15,891] - -----------------------------------------------------------------------------------------


  INFO root [2017-12-26 19:41:15,892] - Resmgr::initialize: KBE_ROOT=I:/KBE/kbengine-1.0.0/kbe-ball/
  INFO root [2017-12-26 19:41:15,893] - Resmgr::initialize: KBE_RES_PATH=I:/KBE/kbengine-1.0.0/kbe-ball/kbe/res/;I:/KBE/kbengine-1.0.0/kbe-ball/balls_server_assets/;I:/KBE/kbengine-1.0.0/kbe-ball/balls_server_assets/scripts/;I:/KBE/kbengine-1.0.0/kbe-ball/balls_server_assets/res/
  INFO root [2017-12-26 19:41:15,893] - Resmgr::initialize: KBE_BIN_PATH=I:/KBE/kbengine-1.0.0/kbe-ball/kbe/bin/server/
  INFO root [2017-12-26 19:41:15,902] - NetworkInterface::recreateListeningSocket(INTERNAL): bound to all interfaces with default route interface on 192.168.100.93 ( 192.168.100.93:30099 )
  INFO root [2017-12-26 19:41:15,902] - NetworkInterface::recreateListeningSocket(INTERNAL): address 192.168.100.93:30099, SOMAXCONN=5.
  INFO root [2017-12-26 19:41:15,907] - ---- interfaces Version: 1.0.0. ScriptVersion: 0.1.0. Protocol: 1ABB6125D8365C3720079E1D4CCC25C7. Config: Debug X86. Built: 15:23:35 Nov 23 2017. AppID: 3000. UID: 10103. PID: 9396 ----
  INFO root [2017-12-26 19:41:15,907] - Server :         Intel(R) Core(TM) i5-3470 CPU @ 3.20GHz with 4194303kB RAM
  INFO root [2017-12-26 19:41:15,907] - ThreadPool::createThreadPool: creating  threadpool...
  INFO root [2017-12-26 19:41:15,908] - ThreadPool::createThreadPool: successfully(2), newThreadCount=1, normalMaxThreadCount=2, maxThreadCount=8
 DEBUG root [2017-12-26 19:41:16,048] - Script::install_py_dlls(): PyInit_pyexpat
 DEBUG root [2017-12-26 19:41:16,049] - Script::install_py_dlls(): PyInit__socket
 DEBUG root [2017-12-26 19:41:16,049] - Script::install_py_dlls(): PyInit__ssl
 DEBUG root [2017-12-26 19:41:16,056] - Script::install_py_dlls(): PyInit__hashlib
 DEBUG root [2017-12-26 19:41:16,056] - Script::install_py_dlls(): PyInit_select
 DEBUG root [2017-12-26 19:41:16,056] - Script::install_py_dlls(): PyInit__ctypes
 DEBUG root [2017-12-26 19:41:16,057] - Script::install_py_dlls(): PyInit__elementtree
 DEBUG root [2017-12-26 19:41:16,163] - Script::install_py_dlls(): PyInit_unicodedata
  INFO root [2017-12-26 19:41:16,216] - Script::install(): is successfully, Python=(3.4.2 (default, Nov 23 2017, 15:23:32) [MSC v.1800 32 bit (Intel)])!
  INFO root [2017-12-26 19:41:16,217] - Script::install(): KBExtra is successfully!
S_INFO root [2017-12-26 19:41:16,232] - onInterfaceAppReady: bootstrapGroupIndex=0, bootstrapGlobalIndex=0
  INFO root [2017-12-26 19:41:16,251] - TelnetServer server is running on port 33000
  INFO root [2017-12-26 19:41:16,581] - ---- interfaces is running ----
 DEBUG root [2017-12-26 19:41:16,582] - Components::process(): Request for the process of identity...
  INFO root [2017-12-26 19:41:23,699] - Components::process(): Found all the components!
S_INFO root [2017-12-26 19:41:40,432] - onRequestAccountLogin: registerName=qqqqqq
  WARN root [2017-12-26 19:43:23,203] - TCPPacketReceiver::processPendingEvents(127.0.0.1:12664): Throwing REASON_GENERAL_NETWORK - WSAECONNRESET
  INFO root [2017-12-26 19:43:26,571] - 
  INFO root [2017-12-26 19:43:26,572] - -----------------------------------------------------------------------------------------


  INFO root [2017-12-26 19:43:26,572] - Resmgr::initialize: KBE_ROOT=I:/KBE/kbengine-1.0.0/kbe-ball/
  INFO root [2017-12-26 19:43:26,572] - Resmgr::initialize: KBE_RES_PATH=I:/KBE/kbengine-1.0.0/kbe-ball/kbe/res/;I:/KBE/kbengine-1.0.0/kbe-ball/balls_server_assets/;I:/KBE/kbengine-1.0.0/kbe-ball/balls_server_assets/scripts/;I:/KBE/kbengine-1.0.0/kbe-ball/balls_server_assets/res/
  INFO root [2017-12-26 19:43:26,572] - Resmgr::initialize: KBE_BIN_PATH=I:/KBE/kbengine-1.0.0/kbe-ball/kbe/bin/server/
  INFO root [2017-12-26 19:43:26,587] - NetworkInterface::recreateListeningSocket(INTERNAL): bound to all interfaces with default route interface on 192.168.100.93 ( 192.168.100.93:30099 )
  INFO root [2017-12-26 19:43:26,587] - NetworkInterface::recreateListeningSocket(INTERNAL): address 192.168.100.93:30099, SOMAXCONN=5.
  INFO root [2017-12-26 19:43:26,595] - ---- interfaces Version: 1.0.0. ScriptVersion: 0.1.0. Protocol: 1ABB6125D8365C3720079E1D4CCC25C7. Config: Debug X86. Built: 15:23:35 Nov 23 2017. AppID: 3000. UID: 10103. PID: 3744 ----
  INFO root [2017-12-26 19:43:26,595] - Server :         Intel(R) Core(TM) i5-3470 CPU @ 3.20GHz with 4194303kB RAM
  INFO root [2017-12-26 19:43:26,595] - ThreadPool::createThreadPool: creating  threadpool...
  INFO root [2017-12-26 19:43:26,596] - ThreadPool::createThreadPool: successfully(2), newThreadCount=1, normalMaxThreadCount=2, maxThreadCount=8
 DEBUG root [2017-12-26 19:43:26,732] - Script::install_py_dlls(): PyInit_pyexpat
 DEBUG root [2017-12-26 19:43:26,756] - Script::install_py_dlls(): PyInit__socket
 DEBUG root [2017-12-26 19:43:26,757] - Script::install_py_dlls(): PyInit__ssl
 DEBUG root [2017-12-26 19:43:26,760] - Script::install_py_dlls(): PyInit__hashlib
 DEBUG root [2017-12-26 19:43:26,760] - Script::install_py_dlls(): PyInit_select
 DEBUG root [2017-12-26 19:43:26,760] - Script::install_py_dlls(): PyInit__ctypes
 DEBUG root [2017-12-26 19:43:26,762] - Script::install_py_dlls(): PyInit__elementtree
 DEBUG root [2017-12-26 19:43:26,828] - Script::install_py_dlls(): PyInit_unicodedata
  INFO root [2017-12-26 19:43:26,874] - Script::install(): is successfully, Python=(3.4.2 (default, Nov 23 2017, 15:23:32) [MSC v.1800 32 bit (Intel)])!
  INFO root [2017-12-26 19:43:26,874] - Script::install(): KBExtra is successfully!
S_INFO root [2017-12-26 19:43:26,884] - onInterfaceAppReady: bootstrapGroupIndex=0, bootstrapGlobalIndex=0
  INFO root [2017-12-26 19:43:26,894] - TelnetServer server is running on port 33000
  INFO root [2017-12-26 19:43:27,257] - ---- interfaces is running ----
 DEBUG root [2017-12-26 19:43:27,257] - Components::process(): Request for the process of identity...
  WARN root [2017-12-26 19:43:27,693] - BundleBroadcast::BundleBroadcast: Cannot bind to port 20102, errorno=10048
  INFO root [2017-12-26 19:43:34,951] - Components::process(): Found all the components!
S_INFO root [2017-12-26 19:43:47,819] - onRequestAccountLogin: registerName=qqqqqq
  WARN root [2017-12-26 19:51:08,211] - TCPPacketReceiver::processPendingEvents(127.0.0.1:13379): Throwing REASON_GENERAL_NETWORK - WSAECONNRESET
  INFO root [2017-12-26 19:51:11,572] - 
  INFO root [2017-12-26 19:51:11,572] - -----------------------------------------------------------------------------------------


  INFO root [2017-12-26 19:51:11,573] - Resmgr::initialize: KBE_ROOT=I:/KBE/kbengine-1.0.0/kbe-ball/
  INFO root [2017-12-26 19:51:11,573] - Resmgr::initialize: KBE_RES_PATH=I:/KBE/kbengine-1.0.0/kbe-ball/kbe/res/;I:/KBE/kbengine-1.0.0/kbe-ball/balls_server_assets/;I:/KBE/kbengine-1.0.0/kbe-ball/balls_server_assets/scripts/;I:/KBE/kbengine-1.0.0/kbe-ball/balls_server_assets/res/
  INFO root [2017-12-26 19:51:11,573] - Resmgr::initialize: KBE_BIN_PATH=I:/KBE/kbengine-1.0.0/kbe-ball/kbe/bin/server/
  INFO root [2017-12-26 19:51:11,581] - NetworkInterface::recreateListeningSocket(INTERNAL): bound to all interfaces with default route interface on 192.168.100.93 ( 192.168.100.93:30099 )
  INFO root [2017-12-26 19:51:11,582] - NetworkInterface::recreateListeningSocket(INTERNAL): address 192.168.100.93:30099, SOMAXCONN=5.
  INFO root [2017-12-26 19:51:11,585] - ---- interfaces Version: 1.0.0. ScriptVersion: 0.1.0. Protocol: 1ABB6125D8365C3720079E1D4CCC25C7. Config: Debug X86. Built: 15:23:35 Nov 23 2017. AppID: 3000. UID: 10103. PID: 6272 ----
  INFO root [2017-12-26 19:51:11,585] - Server :         Intel(R) Core(TM) i5-3470 CPU @ 3.20GHz with 4194303kB RAM
  INFO root [2017-12-26 19:51:11,586] - ThreadPool::createThreadPool: creating  threadpool...
  INFO root [2017-12-26 19:51:11,586] - ThreadPool::createThreadPool: successfully(2), newThreadCount=1, normalMaxThreadCount=2, maxThreadCount=8
 DEBUG root [2017-12-26 19:51:11,733] - Script::install_py_dlls(): PyInit_pyexpat
 DEBUG root [2017-12-26 19:51:11,734] - Script::install_py_dlls(): PyInit__socket
 DEBUG root [2017-12-26 19:51:11,734] - Script::install_py_dlls(): PyInit__ssl
 DEBUG root [2017-12-26 19:51:11,737] - Script::install_py_dlls(): PyInit__hashlib
 DEBUG root [2017-12-26 19:51:11,738] - Script::install_py_dlls(): PyInit_select
 DEBUG root [2017-12-26 19:51:11,738] - Script::install_py_dlls(): PyInit__ctypes
 DEBUG root [2017-12-26 19:51:11,738] - Script::install_py_dlls(): PyInit__elementtree
 DEBUG root [2017-12-26 19:51:11,776] - Script::install_py_dlls(): PyInit_unicodedata
  INFO root [2017-12-26 19:51:11,814] - Script::install(): is successfully, Python=(3.4.2 (default, Nov 23 2017, 15:23:32) [MSC v.1800 32 bit (Intel)])!
  INFO root [2017-12-26 19:51:11,814] - Script::install(): KBExtra is successfully!
S_INFO root [2017-12-26 19:51:11,857] - onInterfaceAppReady: bootstrapGroupIndex=0, bootstrapGlobalIndex=0
  INFO root [2017-12-26 19:51:11,873] - TelnetServer server is running on port 33000
  INFO root [2017-12-26 19:51:12,209] - ---- interfaces is running ----
 DEBUG root [2017-12-26 19:51:12,209] - Components::process(): Request for the process of identity...
  INFO root [2017-12-26 19:51:19,359] - Components::process(): Found all the components!
S_INFO root [2017-12-26 19:51:33,825] - onRequestAccountLogin: registerName=qqqqqq
S_INFO root [2017-12-26 19:56:45,363] - onRequestAccountLogin: registerName=aaaaaa
  WARN root [2017-12-26 19:57:27,189] - TCPPacketReceiver::processPendingEvents(127.0.0.1:15807): Throwing REASON_GENERAL_NETWORK - WSAECONNRESET
  INFO root [2017-12-26 19:57:36,106] - 
  INFO root [2017-12-26 19:57:36,107] - -----------------------------------------------------------------------------------------


  INFO root [2017-12-26 19:57:36,107] - Resmgr::initialize: KBE_ROOT=I:/KBE/kbengine-1.0.0/kbe-ball/
  INFO root [2017-12-26 19:57:36,107] - Resmgr::initialize: KBE_RES_PATH=I:/KBE/kbengine-1.0.0/kbe-ball/kbe/res/;I:/KBE/kbengine-1.0.0/kbe-ball/balls_server_assets/;I:/KBE/kbengine-1.0.0/kbe-ball/balls_server_assets/scripts/;I:/KBE/kbengine-1.0.0/kbe-ball/balls_server_assets/res/
  INFO root [2017-12-26 19:57:36,108] - Resmgr::initialize: KBE_BIN_PATH=I:/KBE/kbengine-1.0.0/kbe-ball/kbe/bin/server/
  INFO root [2017-12-26 19:57:36,123] - NetworkInterface::recreateListeningSocket(INTERNAL): bound to all interfaces with default route interface on 192.168.100.93 ( 192.168.100.93:30099 )
  INFO root [2017-12-26 19:57:36,123] - NetworkInterface::recreateListeningSocket(INTERNAL): address 192.168.100.93:30099, SOMAXCONN=5.
  INFO root [2017-12-26 19:57:36,127] - ---- interfaces Version: 1.0.0. ScriptVersion: 0.1.0. Protocol: 1ABB6125D8365C3720079E1D4CCC25C7. Config: Debug X86. Built: 15:23:35 Nov 23 2017. AppID: 3000. UID: 10103. PID: 9236 ----
  INFO root [2017-12-26 19:57:36,127] - Server :         Intel(R) Core(TM) i5-3470 CPU @ 3.20GHz with 4194303kB RAM
  INFO root [2017-12-26 19:57:36,128] - ThreadPool::createThreadPool: creating  threadpool...
  INFO root [2017-12-26 19:57:36,128] - ThreadPool::createThreadPool: successfully(2), newThreadCount=1, normalMaxThreadCount=2, maxThreadCount=8
 DEBUG root [2017-12-26 19:57:36,278] - Script::install_py_dlls(): PyInit_pyexpat
 DEBUG root [2017-12-26 19:57:36,279] - Script::install_py_dlls(): PyInit__socket
 DEBUG root [2017-12-26 19:57:36,279] - Script::install_py_dlls(): PyInit__ssl
 DEBUG root [2017-12-26 19:57:36,282] - Script::install_py_dlls(): PyInit__hashlib
 DEBUG root [2017-12-26 19:57:36,283] - Script::install_py_dlls(): PyInit_select
 DEBUG root [2017-12-26 19:57:36,283] - Script::install_py_dlls(): PyInit__ctypes
 DEBUG root [2017-12-26 19:57:36,283] - Script::install_py_dlls(): PyInit__elementtree
 DEBUG root [2017-12-26 19:57:36,318] - Script::install_py_dlls(): PyInit_unicodedata
  INFO root [2017-12-26 19:57:36,356] - Script::install(): is successfully, Python=(3.4.2 (default, Nov 23 2017, 15:23:32) [MSC v.1800 32 bit (Intel)])!
  INFO root [2017-12-26 19:57:36,356] - Script::install(): KBExtra is successfully!
S_INFO root [2017-12-26 19:57:36,366] - onInterfaceAppReady: bootstrapGroupIndex=0, bootstrapGlobalIndex=0
  INFO root [2017-12-26 19:57:36,374] - TelnetServer server is running on port 33000
  INFO root [2017-12-26 19:57:36,710] - ---- interfaces is running ----
 DEBUG root [2017-12-26 19:57:36,710] - Components::process(): Request for the process of identity...
  INFO root [2017-12-26 19:57:43,910] - Components::process(): Found all the components!
S_INFO root [2017-12-26 19:58:14,534] - onRequestAccountLogin: registerName=qqqqqq
  WARN root [2017-12-26 19:59:09,351] - TCPPacketReceiver::processPendingEvents(127.0.0.1:17814): Throwing REASON_GENERAL_NETWORK - WSAECONNRESET
  INFO root [2017-12-26 19:59:12,554] - 
  INFO root [2017-12-26 19:59:12,554] - -----------------------------------------------------------------------------------------


  INFO root [2017-12-26 19:59:12,555] - Resmgr::initialize: KBE_ROOT=I:/KBE/kbengine-1.0.0/kbe-ball/
  INFO root [2017-12-26 19:59:12,555] - Resmgr::initialize: KBE_RES_PATH=I:/KBE/kbengine-1.0.0/kbe-ball/kbe/res/;I:/KBE/kbengine-1.0.0/kbe-ball/balls_server_assets/;I:/KBE/kbengine-1.0.0/kbe-ball/balls_server_assets/scripts/;I:/KBE/kbengine-1.0.0/kbe-ball/balls_server_assets/res/
  INFO root [2017-12-26 19:59:12,555] - Resmgr::initialize: KBE_BIN_PATH=I:/KBE/kbengine-1.0.0/kbe-ball/kbe/bin/server/
  INFO root [2017-12-26 19:59:12,564] - NetworkInterface::recreateListeningSocket(INTERNAL): bound to all interfaces with default route interface on 192.168.100.93 ( 192.168.100.93:30099 )
  INFO root [2017-12-26 19:59:12,564] - NetworkInterface::recreateListeningSocket(INTERNAL): address 192.168.100.93:30099, SOMAXCONN=5.
  INFO root [2017-12-26 19:59:12,568] - ---- interfaces Version: 1.0.0. ScriptVersion: 0.1.0. Protocol: 1ABB6125D8365C3720079E1D4CCC25C7. Config: Debug X86. Built: 15:23:35 Nov 23 2017. AppID: 3000. UID: 10103. PID: 5732 ----
  INFO root [2017-12-26 19:59:12,568] - Server :         Intel(R) Core(TM) i5-3470 CPU @ 3.20GHz with 4194303kB RAM
  INFO root [2017-12-26 19:59:12,568] - ThreadPool::createThreadPool: creating  threadpool...
  INFO root [2017-12-26 19:59:12,569] - ThreadPool::createThreadPool: successfully(2), newThreadCount=1, normalMaxThreadCount=2, maxThreadCount=8
 DEBUG root [2017-12-26 19:59:12,700] - Script::install_py_dlls(): PyInit_pyexpat
 DEBUG root [2017-12-26 19:59:12,700] - Script::install_py_dlls(): PyInit__socket
 DEBUG root [2017-12-26 19:59:12,701] - Script::install_py_dlls(): PyInit__ssl
 DEBUG root [2017-12-26 19:59:12,705] - Script::install_py_dlls(): PyInit__hashlib
 DEBUG root [2017-12-26 19:59:12,705] - Script::install_py_dlls(): PyInit_select
 DEBUG root [2017-12-26 19:59:12,705] - Script::install_py_dlls(): PyInit__ctypes
 DEBUG root [2017-12-26 19:59:12,706] - Script::install_py_dlls(): PyInit__elementtree
 DEBUG root [2017-12-26 19:59:12,740] - Script::install_py_dlls(): PyInit_unicodedata
  INFO root [2017-12-26 19:59:12,777] - Script::install(): is successfully, Python=(3.4.2 (default, Nov 23 2017, 15:23:32) [MSC v.1800 32 bit (Intel)])!
  INFO root [2017-12-26 19:59:12,777] - Script::install(): KBExtra is successfully!
S_INFO root [2017-12-26 19:59:12,786] - onInterfaceAppReady: bootstrapGroupIndex=0, bootstrapGlobalIndex=0
  INFO root [2017-12-26 19:59:12,801] - TelnetServer server is running on port 33000
  INFO root [2017-12-26 19:59:13,099] - ---- interfaces is running ----
 DEBUG root [2017-12-26 19:59:13,100] - Components::process(): Request for the process of identity...
  INFO root [2017-12-26 19:59:20,220] - Components::process(): Found all the components!
S_INFO root [2017-12-26 19:59:33,387] - onRequestAccountLogin: registerName=qqqqqq
S_INFO root [2017-12-26 20:00:40,755] - onRequestAccountLogin: registerName=qqqqqq
S_INFO root [2017-12-26 20:01:46,522] - onRequestAccountLogin: registerName=qqqqqq
S_INFO root [2017-12-26 20:02:11,356] - onRequestAccountLogin: registerName=qqqqqq
  WARN root [2017-12-26 20:02:19,823] - TCPPacketReceiver::processPendingEvents(127.0.0.1:18388): Throwing REASON_GENERAL_NETWORK - WSAECONNRESET
  INFO root [2017-12-26 20:03:07,893] - 
  INFO root [2017-12-26 20:03:07,893] - -----------------------------------------------------------------------------------------


  INFO root [2017-12-26 20:03:07,894] - Resmgr::initialize: KBE_ROOT=I:/KBE/kbengine-1.0.0/kbe-ball/
  INFO root [2017-12-26 20:03:07,894] - Resmgr::initialize: KBE_RES_PATH=I:/KBE/kbengine-1.0.0/kbe-ball/kbe/res/;I:/KBE/kbengine-1.0.0/kbe-ball/balls_server_assets/;I:/KBE/kbengine-1.0.0/kbe-ball/balls_server_assets/scripts/;I:/KBE/kbengine-1.0.0/kbe-ball/balls_server_assets/res/
  INFO root [2017-12-26 20:03:07,894] - Resmgr::initialize: KBE_BIN_PATH=I:/KBE/kbengine-1.0.0/kbe-ball/kbe/bin/server/
  INFO root [2017-12-26 20:03:07,901] - NetworkInterface::recreateListeningSocket(INTERNAL): bound to all interfaces with default route interface on 192.168.100.93 ( 192.168.100.93:30099 )
  INFO root [2017-12-26 20:03:07,901] - NetworkInterface::recreateListeningSocket(INTERNAL): address 192.168.100.93:30099, SOMAXCONN=5.
  INFO root [2017-12-26 20:03:07,905] - ---- interfaces Version: 1.0.0. ScriptVersion: 0.1.0. Protocol: 1ABB6125D8365C3720079E1D4CCC25C7. Config: Debug X86. Built: 15:23:35 Nov 23 2017. AppID: 3000. UID: 10103. PID: 6396 ----
  INFO root [2017-12-26 20:03:07,906] - Server :         Intel(R) Core(TM) i5-3470 CPU @ 3.20GHz with 4194303kB RAM
  INFO root [2017-12-26 20:03:07,906] - ThreadPool::createThreadPool: creating  threadpool...
  INFO root [2017-12-26 20:03:07,907] - ThreadPool::createThreadPool: successfully(2), newThreadCount=1, normalMaxThreadCount=2, maxThreadCount=8
 DEBUG root [2017-12-26 20:03:08,117] - Script::install_py_dlls(): PyInit_pyexpat
 DEBUG root [2017-12-26 20:03:08,117] - Script::install_py_dlls(): PyInit__socket
 DEBUG root [2017-12-26 20:03:08,118] - Script::install_py_dlls(): PyInit__ssl
 DEBUG root [2017-12-26 20:03:08,121] - Script::install_py_dlls(): PyInit__hashlib
 DEBUG root [2017-12-26 20:03:08,121] - Script::install_py_dlls(): PyInit_select
 DEBUG root [2017-12-26 20:03:08,121] - Script::install_py_dlls(): PyInit__ctypes
 DEBUG root [2017-12-26 20:03:08,122] - Script::install_py_dlls(): PyInit__elementtree
 DEBUG root [2017-12-26 20:03:08,186] - Script::install_py_dlls(): PyInit_unicodedata
  INFO root [2017-12-26 20:03:08,222] - Script::install(): is successfully, Python=(3.4.2 (default, Nov 23 2017, 15:23:32) [MSC v.1800 32 bit (Intel)])!
  INFO root [2017-12-26 20:03:08,222] - Script::install(): KBExtra is successfully!
S_INFO root [2017-12-26 20:03:08,232] - onInterfaceAppReady: bootstrapGroupIndex=0, bootstrapGlobalIndex=0
  INFO root [2017-12-26 20:03:08,245] - TelnetServer server is running on port 33000
  INFO root [2017-12-26 20:03:08,692] - ---- interfaces is running ----
 DEBUG root [2017-12-26 20:03:08,693] - Components::process(): Request for the process of identity...
  INFO root [2017-12-26 20:03:15,967] - Components::process(): Found all the components!
S_INFO root [2017-12-26 20:04:25,167] - onRequestAccountLogin: registerName=qqqqqq
  WARN root [2017-12-26 20:10:36,555] - TCPPacketReceiver::processPendingEvents(127.0.0.1:19643): Throwing REASON_GENERAL_NETWORK - WSAECONNRESET
  INFO root [2017-12-26 20:10:46,163] - 
  INFO root [2017-12-26 20:10:46,165] - -----------------------------------------------------------------------------------------


  INFO root [2017-12-26 20:10:46,165] - Resmgr::initialize: KBE_ROOT=I:/KBE/kbengine-1.0.0/kbe-ball/
  INFO root [2017-12-26 20:10:46,166] - Resmgr::initialize: KBE_RES_PATH=I:/KBE/kbengine-1.0.0/kbe-ball/kbe/res/;I:/KBE/kbengine-1.0.0/kbe-ball/balls_server_assets/;I:/KBE/kbengine-1.0.0/kbe-ball/balls_server_assets/scripts/;I:/KBE/kbengine-1.0.0/kbe-ball/balls_server_assets/res/
  INFO root [2017-12-26 20:10:46,166] - Resmgr::initialize: KBE_BIN_PATH=I:/KBE/kbengine-1.0.0/kbe-ball/kbe/bin/server/
  INFO root [2017-12-26 20:10:46,175] - NetworkInterface::recreateListeningSocket(INTERNAL): bound to all interfaces with default route interface on 192.168.100.93 ( 192.168.100.93:30099 )
  INFO root [2017-12-26 20:10:46,175] - NetworkInterface::recreateListeningSocket(INTERNAL): address 192.168.100.93:30099, SOMAXCONN=5.
  INFO root [2017-12-26 20:10:46,179] - ---- interfaces Version: 1.0.0. ScriptVersion: 0.1.0. Protocol: 1ABB6125D8365C3720079E1D4CCC25C7. Config: Debug X86. Built: 15:23:35 Nov 23 2017. AppID: 3000. UID: 10103. PID: 6256 ----
  INFO root [2017-12-26 20:10:46,180] - Server :         Intel(R) Core(TM) i5-3470 CPU @ 3.20GHz with 4194303kB RAM
  INFO root [2017-12-26 20:10:46,181] - ThreadPool::createThreadPool: creating  threadpool...
  INFO root [2017-12-26 20:10:46,181] - ThreadPool::createThreadPool: successfully(2), newThreadCount=1, normalMaxThreadCount=2, maxThreadCount=8
 DEBUG root [2017-12-26 20:10:46,329] - Script::install_py_dlls(): PyInit_pyexpat
 DEBUG root [2017-12-26 20:10:46,329] - Script::install_py_dlls(): PyInit__socket
 DEBUG root [2017-12-26 20:10:46,330] - Script::install_py_dlls(): PyInit__ssl
 DEBUG root [2017-12-26 20:10:46,333] - Script::install_py_dlls(): PyInit__hashlib
 DEBUG root [2017-12-26 20:10:46,334] - Script::install_py_dlls(): PyInit_select
 DEBUG root [2017-12-26 20:10:46,334] - Script::install_py_dlls(): PyInit__ctypes
 DEBUG root [2017-12-26 20:10:46,334] - Script::install_py_dlls(): PyInit__elementtree
 DEBUG root [2017-12-26 20:10:46,434] - Script::install_py_dlls(): PyInit_unicodedata
  INFO root [2017-12-26 20:10:46,498] - Script::install(): is successfully, Python=(3.4.2 (default, Nov 23 2017, 15:23:32) [MSC v.1800 32 bit (Intel)])!
  INFO root [2017-12-26 20:10:46,499] - Script::install(): KBExtra is successfully!
S_INFO root [2017-12-26 20:10:46,509] - onInterfaceAppReady: bootstrapGroupIndex=0, bootstrapGlobalIndex=0
  INFO root [2017-12-26 20:10:46,533] - TelnetServer server is running on port 33000
  INFO root [2017-12-26 20:10:46,888] - ---- interfaces is running ----
 DEBUG root [2017-12-26 20:10:46,889] - Components::process(): Request for the process of identity...
  INFO root [2017-12-26 20:10:54,068] - Components::process(): Found all the components!
S_INFO root [2017-12-26 20:11:09,877] - onRequestAccountLogin: registerName=qqqqqq
S_INFO root [2017-12-26 20:22:51,420] - onRequestAccountLogin: registerName=qqqqqq
S_INFO root [2017-12-26 20:23:38,387] - onRequestAccountLogin: registerName=qqqqqq
S_INFO root [2017-12-26 20:31:00,994] - onRequestAccountLogin: registerName=ssssss
S_INFO root [2017-12-26 20:33:19,496] - onRequestAccountLogin: registerName=qqqqqq
S_INFO root [2017-12-26 20:37:58,600] - onRequestAccountLogin: registerName=qqqqqq
S_INFO root [2017-12-26 20:40:45,601] - onRequestAccountLogin: registerName=qqqqqq
  WARN root [2017-12-26 20:43:31,412] - TCPPacketReceiver::processPendingEvents(127.0.0.1:22070): Throwing REASON_GENERAL_NETWORK - WSAECONNRESET
  INFO root [2017-12-26 20:43:46,361] - 
  INFO root [2017-12-26 20:43:46,361] - -----------------------------------------------------------------------------------------


  INFO root [2017-12-26 20:43:46,362] - Resmgr::initialize: KBE_ROOT=I:/KBE/kbengine-1.0.0/kbe-ball/
  INFO root [2017-12-26 20:43:46,362] - Resmgr::initialize: KBE_RES_PATH=I:/KBE/kbengine-1.0.0/kbe-ball/kbe/res/;I:/KBE/kbengine-1.0.0/kbe-ball/balls_server_assets/;I:/KBE/kbengine-1.0.0/kbe-ball/balls_server_assets/scripts/;I:/KBE/kbengine-1.0.0/kbe-ball/balls_server_assets/res/
  INFO root [2017-12-26 20:43:46,362] - Resmgr::initialize: KBE_BIN_PATH=I:/KBE/kbengine-1.0.0/kbe-ball/kbe/bin/server/
  INFO root [2017-12-26 20:43:46,371] - NetworkInterface::recreateListeningSocket(INTERNAL): bound to all interfaces with default route interface on 192.168.100.93 ( 192.168.100.93:30099 )
  INFO root [2017-12-26 20:43:46,371] - NetworkInterface::recreateListeningSocket(INTERNAL): address 192.168.100.93:30099, SOMAXCONN=5.
  INFO root [2017-12-26 20:43:46,374] - ---- interfaces Version: 1.0.0. ScriptVersion: 0.1.0. Protocol: 1ABB6125D8365C3720079E1D4CCC25C7. Config: Debug X86. Built: 15:23:35 Nov 23 2017. AppID: 3000. UID: 10103. PID: 7272 ----
  INFO root [2017-12-26 20:43:46,375] - Server :         Intel(R) Core(TM) i5-3470 CPU @ 3.20GHz with 4194303kB RAM
  INFO root [2017-12-26 20:43:46,375] - ThreadPool::createThreadPool: creating  threadpool...
  INFO root [2017-12-26 20:43:46,375] - ThreadPool::createThreadPool: successfully(2), newThreadCount=1, normalMaxThreadCount=2, maxThreadCount=8
 DEBUG root [2017-12-26 20:43:46,528] - Script::install_py_dlls(): PyInit_pyexpat
 DEBUG root [2017-12-26 20:43:46,528] - Script::install_py_dlls(): PyInit__socket
 DEBUG root [2017-12-26 20:43:46,529] - Script::install_py_dlls(): PyInit__ssl
 DEBUG root [2017-12-26 20:43:46,532] - Script::install_py_dlls(): PyInit__hashlib
 DEBUG root [2017-12-26 20:43:46,532] - Script::install_py_dlls(): PyInit_select
 DEBUG root [2017-12-26 20:43:46,533] - Script::install_py_dlls(): PyInit__ctypes
 DEBUG root [2017-12-26 20:43:46,533] - Script::install_py_dlls(): PyInit__elementtree
 DEBUG root [2017-12-26 20:43:46,567] - Script::install_py_dlls(): PyInit_unicodedata
  INFO root [2017-12-26 20:43:46,602] - Script::install(): is successfully, Python=(3.4.2 (default, Nov 23 2017, 15:23:32) [MSC v.1800 32 bit (Intel)])!
  INFO root [2017-12-26 20:43:46,602] - Script::install(): KBExtra is successfully!
S_INFO root [2017-12-26 20:43:46,612] - onInterfaceAppReady: bootstrapGroupIndex=0, bootstrapGlobalIndex=0
  INFO root [2017-12-26 20:43:46,620] - TelnetServer server is running on port 33000
  INFO root [2017-12-26 20:43:46,902] - ---- interfaces is running ----
 DEBUG root [2017-12-26 20:43:46,902] - Components::process(): Request for the process of identity...
  INFO root [2017-12-26 20:43:54,079] - Components::process(): Found all the components!
S_INFO root [2017-12-26 20:44:56,880] - onRequestAccountLogin: registerName=qqqqqq
  WARN root [2017-12-26 20:50:58,684] - TCPPacketReceiver::processPendingEvents(127.0.0.1:32382): Throwing REASON_GENERAL_NETWORK - WSAECONNRESET
  INFO root [2017-12-26 20:51:00,235] - 
  INFO root [2017-12-26 20:51:00,236] - -----------------------------------------------------------------------------------------


  INFO root [2017-12-26 20:51:00,236] - Resmgr::initialize: KBE_ROOT=I:/KBE/kbengine-1.0.0/kbe-ball/
  INFO root [2017-12-26 20:51:00,237] - Resmgr::initialize: KBE_RES_PATH=I:/KBE/kbengine-1.0.0/kbe-ball/kbe/res/;I:/KBE/kbengine-1.0.0/kbe-ball/balls_server_assets/;I:/KBE/kbengine-1.0.0/kbe-ball/balls_server_assets/scripts/;I:/KBE/kbengine-1.0.0/kbe-ball/balls_server_assets/res/
  INFO root [2017-12-26 20:51:00,237] - Resmgr::initialize: KBE_BIN_PATH=I:/KBE/kbengine-1.0.0/kbe-ball/kbe/bin/server/
  INFO root [2017-12-26 20:51:00,246] - NetworkInterface::recreateListeningSocket(INTERNAL): bound to all interfaces with default route interface on 192.168.100.93 ( 192.168.100.93:30099 )
  INFO root [2017-12-26 20:51:00,246] - NetworkInterface::recreateListeningSocket(INTERNAL): address 192.168.100.93:30099, SOMAXCONN=5.
  INFO root [2017-12-26 20:51:00,250] - ---- interfaces Version: 1.0.0. ScriptVersion: 0.1.0. Protocol: 1ABB6125D8365C3720079E1D4CCC25C7. Config: Debug X86. Built: 15:23:35 Nov 23 2017. AppID: 3000. UID: 10103. PID: 2600 ----
  INFO root [2017-12-26 20:51:00,251] - Server :         Intel(R) Core(TM) i5-3470 CPU @ 3.20GHz with 4194303kB RAM
  INFO root [2017-12-26 20:51:00,251] - ThreadPool::createThreadPool: creating  threadpool...
  INFO root [2017-12-26 20:51:00,251] - ThreadPool::createThreadPool: successfully(2), newThreadCount=1, normalMaxThreadCount=2, maxThreadCount=8
 DEBUG root [2017-12-26 20:51:00,398] - Script::install_py_dlls(): PyInit_pyexpat
 DEBUG root [2017-12-26 20:51:00,398] - Script::install_py_dlls(): PyInit__socket
 DEBUG root [2017-12-26 20:51:00,399] - Script::install_py_dlls(): PyInit__ssl
 DEBUG root [2017-12-26 20:51:00,402] - Script::install_py_dlls(): PyInit__hashlib
 DEBUG root [2017-12-26 20:51:00,402] - Script::install_py_dlls(): PyInit_select
 DEBUG root [2017-12-26 20:51:00,402] - Script::install_py_dlls(): PyInit__ctypes
 DEBUG root [2017-12-26 20:51:00,403] - Script::install_py_dlls(): PyInit__elementtree
 DEBUG root [2017-12-26 20:51:00,439] - Script::install_py_dlls(): PyInit_unicodedata
  INFO root [2017-12-26 20:51:00,474] - Script::install(): is successfully, Python=(3.4.2 (default, Nov 23 2017, 15:23:32) [MSC v.1800 32 bit (Intel)])!
  INFO root [2017-12-26 20:51:00,474] - Script::install(): KBExtra is successfully!
S_INFO root [2017-12-26 20:51:00,496] - onInterfaceAppReady: bootstrapGroupIndex=0, bootstrapGlobalIndex=0
  INFO root [2017-12-26 20:51:00,508] - TelnetServer server is running on port 33000
  INFO root [2017-12-26 20:51:00,809] - ---- interfaces is running ----
 DEBUG root [2017-12-26 20:51:00,809] - Components::process(): Request for the process of identity...
  INFO root [2017-12-26 20:51:08,131] - Components::process(): Found all the components!
S_INFO root [2017-12-26 20:51:21,231] - onRequestAccountLogin: registerName=qqqqqq
  WARN root [2017-12-26 20:54:35,051] - TCPPacketReceiver::processPendingEvents(127.0.0.1:34754): Throwing REASON_GENERAL_NETWORK - WSAECONNRESET
  INFO root [2017-12-26 20:54:37,855] - 
  INFO root [2017-12-26 20:54:37,856] - -----------------------------------------------------------------------------------------


  INFO root [2017-12-26 20:54:37,856] - Resmgr::initialize: KBE_ROOT=I:/KBE/kbengine-1.0.0/kbe-ball/
  INFO root [2017-12-26 20:54:37,857] - Resmgr::initialize: KBE_RES_PATH=I:/KBE/kbengine-1.0.0/kbe-ball/kbe/res/;I:/KBE/kbengine-1.0.0/kbe-ball/balls_server_assets/;I:/KBE/kbengine-1.0.0/kbe-ball/balls_server_assets/scripts/;I:/KBE/kbengine-1.0.0/kbe-ball/balls_server_assets/res/
  INFO root [2017-12-26 20:54:37,857] - Resmgr::initialize: KBE_BIN_PATH=I:/KBE/kbengine-1.0.0/kbe-ball/kbe/bin/server/
  INFO root [2017-12-26 20:54:37,864] - NetworkInterface::recreateListeningSocket(INTERNAL): bound to all interfaces with default route interface on 192.168.100.93 ( 192.168.100.93:30099 )
  INFO root [2017-12-26 20:54:37,865] - NetworkInterface::recreateListeningSocket(INTERNAL): address 192.168.100.93:30099, SOMAXCONN=5.
  INFO root [2017-12-26 20:54:37,868] - ---- interfaces Version: 1.0.0. ScriptVersion: 0.1.0. Protocol: 1ABB6125D8365C3720079E1D4CCC25C7. Config: Debug X86. Built: 15:23:35 Nov 23 2017. AppID: 3000. UID: 10103. PID: 6940 ----
  INFO root [2017-12-26 20:54:37,869] - Server :         Intel(R) Core(TM) i5-3470 CPU @ 3.20GHz with 4194303kB RAM
  INFO root [2017-12-26 20:54:37,869] - ThreadPool::createThreadPool: creating  threadpool...
  INFO root [2017-12-26 20:54:37,870] - ThreadPool::createThreadPool: successfully(2), newThreadCount=1, normalMaxThreadCount=2, maxThreadCount=8
 DEBUG root [2017-12-26 20:54:38,029] - Script::install_py_dlls(): PyInit_pyexpat
 DEBUG root [2017-12-26 20:54:38,029] - Script::install_py_dlls(): PyInit__socket
 DEBUG root [2017-12-26 20:54:38,030] - Script::install_py_dlls(): PyInit__ssl
 DEBUG root [2017-12-26 20:54:38,033] - Script::install_py_dlls(): PyInit__hashlib
 DEBUG root [2017-12-26 20:54:38,033] - Script::install_py_dlls(): PyInit_select
 DEBUG root [2017-12-26 20:54:38,033] - Script::install_py_dlls(): PyInit__ctypes
 DEBUG root [2017-12-26 20:54:38,034] - Script::install_py_dlls(): PyInit__elementtree
 DEBUG root [2017-12-26 20:54:38,074] - Script::install_py_dlls(): PyInit_unicodedata
  INFO root [2017-12-26 20:54:38,122] - Script::install(): is successfully, Python=(3.4.2 (default, Nov 23 2017, 15:23:32) [MSC v.1800 32 bit (Intel)])!
  INFO root [2017-12-26 20:54:38,122] - Script::install(): KBExtra is successfully!
S_INFO root [2017-12-26 20:54:38,133] - onInterfaceAppReady: bootstrapGroupIndex=0, bootstrapGlobalIndex=0
  INFO root [2017-12-26 20:54:38,141] - TelnetServer server is running on port 33000
  INFO root [2017-12-26 20:54:38,404] - ---- interfaces is running ----
 DEBUG root [2017-12-26 20:54:38,404] - Components::process(): Request for the process of identity...
  INFO root [2017-12-26 20:54:45,558] - Components::process(): Found all the components!
S_INFO root [2017-12-26 20:54:58,400] - onRequestAccountLogin: registerName=qqqqqq
S_INFO root [2017-12-26 21:00:23,438] - onRequestAccountLogin: registerName=qqqqqq
  WARN root [2017-12-26 21:02:20,759] - TCPPacketReceiver::processPendingEvents(127.0.0.1:35929): Throwing REASON_GENERAL_NETWORK - WSAECONNRESET
  INFO root [2017-12-26 21:02:23,723] - 
  INFO root [2017-12-26 21:02:23,724] - -----------------------------------------------------------------------------------------


  INFO root [2017-12-26 21:02:23,725] - Resmgr::initialize: KBE_ROOT=I:/KBE/kbengine-1.0.0/kbe-ball/
  INFO root [2017-12-26 21:02:23,725] - Resmgr::initialize: KBE_RES_PATH=I:/KBE/kbengine-1.0.0/kbe-ball/kbe/res/;I:/KBE/kbengine-1.0.0/kbe-ball/balls_server_assets/;I:/KBE/kbengine-1.0.0/kbe-ball/balls_server_assets/scripts/;I:/KBE/kbengine-1.0.0/kbe-ball/balls_server_assets/res/
  INFO root [2017-12-26 21:02:23,725] - Resmgr::initialize: KBE_BIN_PATH=I:/KBE/kbengine-1.0.0/kbe-ball/kbe/bin/server/
  INFO root [2017-12-26 21:02:23,732] - NetworkInterface::recreateListeningSocket(INTERNAL): bound to all interfaces with default route interface on 192.168.100.93 ( 192.168.100.93:30099 )
  INFO root [2017-12-26 21:02:23,733] - NetworkInterface::recreateListeningSocket(INTERNAL): address 192.168.100.93:30099, SOMAXCONN=5.
  INFO root [2017-12-26 21:02:23,737] - ---- interfaces Version: 1.0.0. ScriptVersion: 0.1.0. Protocol: 1ABB6125D8365C3720079E1D4CCC25C7. Config: Debug X86. Built: 15:23:35 Nov 23 2017. AppID: 3000. UID: 10103. PID: 2596 ----
  INFO root [2017-12-26 21:02:23,737] - Server :         Intel(R) Core(TM) i5-3470 CPU @ 3.20GHz with 4194303kB RAM
  INFO root [2017-12-26 21:02:23,737] - ThreadPool::createThreadPool: creating  threadpool...
  INFO root [2017-12-26 21:02:23,738] - ThreadPool::createThreadPool: successfully(2), newThreadCount=1, normalMaxThreadCount=2, maxThreadCount=8
 DEBUG root [2017-12-26 21:02:23,875] - Script::install_py_dlls(): PyInit_pyexpat
 DEBUG root [2017-12-26 21:02:23,875] - Script::install_py_dlls(): PyInit__socket
 DEBUG root [2017-12-26 21:02:23,876] - Script::install_py_dlls(): PyInit__ssl
 DEBUG root [2017-12-26 21:02:23,879] - Script::install_py_dlls(): PyInit__hashlib
 DEBUG root [2017-12-26 21:02:23,879] - Script::install_py_dlls(): PyInit_select
 DEBUG root [2017-12-26 21:02:23,879] - Script::install_py_dlls(): PyInit__ctypes
 DEBUG root [2017-12-26 21:02:23,880] - Script::install_py_dlls(): PyInit__elementtree
 DEBUG root [2017-12-26 21:02:23,916] - Script::install_py_dlls(): PyInit_unicodedata
  INFO root [2017-12-26 21:02:23,951] - Script::install(): is successfully, Python=(3.4.2 (default, Nov 23 2017, 15:23:32) [MSC v.1800 32 bit (Intel)])!
  INFO root [2017-12-26 21:02:23,952] - Script::install(): KBExtra is successfully!
S_INFO root [2017-12-26 21:02:23,961] - onInterfaceAppReady: bootstrapGroupIndex=0, bootstrapGlobalIndex=0
  INFO root [2017-12-26 21:02:23,970] - TelnetServer server is running on port 33000
  INFO root [2017-12-26 21:02:24,355] - ---- interfaces is running ----
 DEBUG root [2017-12-26 21:02:24,356] - Components::process(): Request for the process of identity...
  INFO root [2017-12-26 21:02:31,596] - Components::process(): Found all the components!
S_INFO root [2017-12-26 21:04:56,831] - onRequestAccountLogin: registerName=qqqqqq
  WARN root [2017-12-26 21:11:13,538] - TCPPacketReceiver::processPendingEvents(127.0.0.1:38374): Throwing REASON_GENERAL_NETWORK - WSAECONNRESET
  INFO root [2017-12-26 21:11:16,660] - 
  INFO root [2017-12-26 21:11:16,661] - -----------------------------------------------------------------------------------------


  INFO root [2017-12-26 21:11:16,661] - Resmgr::initialize: KBE_ROOT=I:/KBE/kbengine-1.0.0/kbe-ball/
  INFO root [2017-12-26 21:11:16,662] - Resmgr::initialize: KBE_RES_PATH=I:/KBE/kbengine-1.0.0/kbe-ball/kbe/res/;I:/KBE/kbengine-1.0.0/kbe-ball/balls_server_assets/;I:/KBE/kbengine-1.0.0/kbe-ball/balls_server_assets/scripts/;I:/KBE/kbengine-1.0.0/kbe-ball/balls_server_assets/res/
  INFO root [2017-12-26 21:11:16,662] - Resmgr::initialize: KBE_BIN_PATH=I:/KBE/kbengine-1.0.0/kbe-ball/kbe/bin/server/
  INFO root [2017-12-26 21:11:16,670] - NetworkInterface::recreateListeningSocket(INTERNAL): bound to all interfaces with default route interface on 192.168.100.93 ( 192.168.100.93:30099 )
  INFO root [2017-12-26 21:11:16,671] - NetworkInterface::recreateListeningSocket(INTERNAL): address 192.168.100.93:30099, SOMAXCONN=5.
  INFO root [2017-12-26 21:11:16,674] - ---- interfaces Version: 1.0.0. ScriptVersion: 0.1.0. Protocol: 1ABB6125D8365C3720079E1D4CCC25C7. Config: Debug X86. Built: 15:23:35 Nov 23 2017. AppID: 3000. UID: 10103. PID: 9720 ----
  INFO root [2017-12-26 21:11:16,675] - Server :         Intel(R) Core(TM) i5-3470 CPU @ 3.20GHz with 4194303kB RAM
  INFO root [2017-12-26 21:11:16,675] - ThreadPool::createThreadPool: creating  threadpool...
  INFO root [2017-12-26 21:11:16,675] - ThreadPool::createThreadPool: successfully(2), newThreadCount=1, normalMaxThreadCount=2, maxThreadCount=8
 DEBUG root [2017-12-26 21:11:16,807] - Script::install_py_dlls(): PyInit_pyexpat
 DEBUG root [2017-12-26 21:11:16,807] - Script::install_py_dlls(): PyInit__socket
 DEBUG root [2017-12-26 21:11:16,808] - Script::install_py_dlls(): PyInit__ssl
 DEBUG root [2017-12-26 21:11:16,811] - Script::install_py_dlls(): PyInit__hashlib
 DEBUG root [2017-12-26 21:11:16,811] - Script::install_py_dlls(): PyInit_select
 DEBUG root [2017-12-26 21:11:16,811] - Script::install_py_dlls(): PyInit__ctypes
 DEBUG root [2017-12-26 21:11:16,812] - Script::install_py_dlls(): PyInit__elementtree
 DEBUG root [2017-12-26 21:11:16,847] - Script::install_py_dlls(): PyInit_unicodedata
  INFO root [2017-12-26 21:11:16,883] - Script::install(): is successfully, Python=(3.4.2 (default, Nov 23 2017, 15:23:32) [MSC v.1800 32 bit (Intel)])!
  INFO root [2017-12-26 21:11:16,884] - Script::install(): KBExtra is successfully!
S_INFO root [2017-12-26 21:11:16,893] - onInterfaceAppReady: bootstrapGroupIndex=0, bootstrapGlobalIndex=0
  INFO root [2017-12-26 21:11:16,901] - TelnetServer server is running on port 33000
  INFO root [2017-12-26 21:11:17,176] - ---- interfaces is running ----
 DEBUG root [2017-12-26 21:11:17,177] - Components::process(): Request for the process of identity...
  INFO root [2017-12-26 21:11:24,327] - Components::process(): Found all the components!
  WARN root [2017-12-26 21:12:19,871] - TCPPacketReceiver::processPendingEvents(127.0.0.1:41243): Throwing REASON_GENERAL_NETWORK - WSAECONNRESET
  INFO root [2017-12-26 21:12:23,846] - 
  INFO root [2017-12-26 21:12:23,847] - -----------------------------------------------------------------------------------------


  INFO root [2017-12-26 21:12:23,847] - Resmgr::initialize: KBE_ROOT=I:/KBE/kbengine-1.0.0/kbe-ball/
  INFO root [2017-12-26 21:12:23,847] - Resmgr::initialize: KBE_RES_PATH=I:/KBE/kbengine-1.0.0/kbe-ball/kbe/res/;I:/KBE/kbengine-1.0.0/kbe-ball/balls_server_assets/;I:/KBE/kbengine-1.0.0/kbe-ball/balls_server_assets/scripts/;I:/KBE/kbengine-1.0.0/kbe-ball/balls_server_assets/res/
  INFO root [2017-12-26 21:12:23,848] - Resmgr::initialize: KBE_BIN_PATH=I:/KBE/kbengine-1.0.0/kbe-ball/kbe/bin/server/
  INFO root [2017-12-26 21:12:23,855] - NetworkInterface::recreateListeningSocket(INTERNAL): bound to all interfaces with default route interface on 192.168.100.93 ( 192.168.100.93:30099 )
  INFO root [2017-12-26 21:12:23,855] - NetworkInterface::recreateListeningSocket(INTERNAL): address 192.168.100.93:30099, SOMAXCONN=5.
  INFO root [2017-12-26 21:12:23,859] - ---- interfaces Version: 1.0.0. ScriptVersion: 0.1.0. Protocol: 1ABB6125D8365C3720079E1D4CCC25C7. Config: Debug X86. Built: 15:23:35 Nov 23 2017. AppID: 3000. UID: 10103. PID: 5896 ----
  INFO root [2017-12-26 21:12:23,859] - Server :         Intel(R) Core(TM) i5-3470 CPU @ 3.20GHz with 4194303kB RAM
  INFO root [2017-12-26 21:12:23,859] - ThreadPool::createThreadPool: creating  threadpool...
  INFO root [2017-12-26 21:12:23,860] - ThreadPool::createThreadPool: successfully(2), newThreadCount=1, normalMaxThreadCount=2, maxThreadCount=8
 DEBUG root [2017-12-26 21:12:24,002] - Script::install_py_dlls(): PyInit_pyexpat
 DEBUG root [2017-12-26 21:12:24,003] - Script::install_py_dlls(): PyInit__socket
 DEBUG root [2017-12-26 21:12:24,003] - Script::install_py_dlls(): PyInit__ssl
 DEBUG root [2017-12-26 21:12:24,006] - Script::install_py_dlls(): PyInit__hashlib
 DEBUG root [2017-12-26 21:12:24,006] - Script::install_py_dlls(): PyInit_select
 DEBUG root [2017-12-26 21:12:24,006] - Script::install_py_dlls(): PyInit__ctypes
 DEBUG root [2017-12-26 21:12:24,007] - Script::install_py_dlls(): PyInit__elementtree
 DEBUG root [2017-12-26 21:12:24,041] - Script::install_py_dlls(): PyInit_unicodedata
  INFO root [2017-12-26 21:12:24,078] - Script::install(): is successfully, Python=(3.4.2 (default, Nov 23 2017, 15:23:32) [MSC v.1800 32 bit (Intel)])!
  INFO root [2017-12-26 21:12:24,078] - Script::install(): KBExtra is successfully!
S_INFO root [2017-12-26 21:12:24,087] - onInterfaceAppReady: bootstrapGroupIndex=0, bootstrapGlobalIndex=0
  INFO root [2017-12-26 21:12:24,099] - TelnetServer server is running on port 33000
  INFO root [2017-12-26 21:12:24,380] - ---- interfaces is running ----
 DEBUG root [2017-12-26 21:12:24,381] - Components::process(): Request for the process of identity...
  INFO root [2017-12-26 21:12:31,549] - Components::process(): Found all the components!
S_INFO root [2017-12-26 21:13:01,621] - onRequestAccountLogin: registerName=qqqqqq
  WARN root [2017-12-26 21:19:45,206] - TCPPacketReceiver::processPendingEvents(127.0.0.1:41613): Throwing REASON_GENERAL_NETWORK - WSAECONNRESET
  INFO root [2017-12-26 21:19:50,203] - 
  INFO root [2017-12-26 21:19:50,203] - -----------------------------------------------------------------------------------------


  INFO root [2017-12-26 21:19:50,204] - Resmgr::initialize: KBE_ROOT=I:/KBE/kbengine-1.0.0/kbe-ball/
  INFO root [2017-12-26 21:19:50,204] - Resmgr::initialize: KBE_RES_PATH=I:/KBE/kbengine-1.0.0/kbe-ball/kbe/res/;I:/KBE/kbengine-1.0.0/kbe-ball/balls_server_assets/;I:/KBE/kbengine-1.0.0/kbe-ball/balls_server_assets/scripts/;I:/KBE/kbengine-1.0.0/kbe-ball/balls_server_assets/res/
  INFO root [2017-12-26 21:19:50,204] - Resmgr::initialize: KBE_BIN_PATH=I:/KBE/kbengine-1.0.0/kbe-ball/kbe/bin/server/
  INFO root [2017-12-26 21:19:50,212] - NetworkInterface::recreateListeningSocket(INTERNAL): bound to all interfaces with default route interface on 192.168.100.93 ( 192.168.100.93:30099 )
  INFO root [2017-12-26 21:19:50,212] - NetworkInterface::recreateListeningSocket(INTERNAL): address 192.168.100.93:30099, SOMAXCONN=5.
  INFO root [2017-12-26 21:19:50,215] - ---- interfaces Version: 1.0.0. ScriptVersion: 0.1.0. Protocol: 1ABB6125D8365C3720079E1D4CCC25C7. Config: Debug X86. Built: 15:23:35 Nov 23 2017. AppID: 3000. UID: 10103. PID: 7848 ----
  INFO root [2017-12-26 21:19:50,216] - Server :         Intel(R) Core(TM) i5-3470 CPU @ 3.20GHz with 4194303kB RAM
  INFO root [2017-12-26 21:19:50,216] - ThreadPool::createThreadPool: creating  threadpool...
  INFO root [2017-12-26 21:19:50,216] - ThreadPool::createThreadPool: successfully(2), newThreadCount=1, normalMaxThreadCount=2, maxThreadCount=8
 DEBUG root [2017-12-26 21:19:50,360] - Script::install_py_dlls(): PyInit_pyexpat
 DEBUG root [2017-12-26 21:19:50,360] - Script::install_py_dlls(): PyInit__socket
 DEBUG root [2017-12-26 21:19:50,361] - Script::install_py_dlls(): PyInit__ssl
 DEBUG root [2017-12-26 21:19:50,364] - Script::install_py_dlls(): PyInit__hashlib
 DEBUG root [2017-12-26 21:19:50,364] - Script::install_py_dlls(): PyInit_select
 DEBUG root [2017-12-26 21:19:50,364] - Script::install_py_dlls(): PyInit__ctypes
 DEBUG root [2017-12-26 21:19:50,365] - Script::install_py_dlls(): PyInit__elementtree
 DEBUG root [2017-12-26 21:19:50,400] - Script::install_py_dlls(): PyInit_unicodedata
  INFO root [2017-12-26 21:19:50,448] - Script::install(): is successfully, Python=(3.4.2 (default, Nov 23 2017, 15:23:32) [MSC v.1800 32 bit (Intel)])!
  INFO root [2017-12-26 21:19:50,448] - Script::install(): KBExtra is successfully!
S_INFO root [2017-12-26 21:19:50,459] - onInterfaceAppReady: bootstrapGroupIndex=0, bootstrapGlobalIndex=0
  INFO root [2017-12-26 21:19:50,467] - TelnetServer server is running on port 33000
  INFO root [2017-12-26 21:19:50,811] - ---- interfaces is running ----
 DEBUG root [2017-12-26 21:19:50,812] - Components::process(): Request for the process of identity...
  INFO root [2017-12-26 21:19:58,094] - Components::process(): Found all the components!
S_INFO root [2017-12-26 21:20:13,628] - onRequestAccountLogin: registerName=qqqqqq
  WARN root [2017-12-26 21:29:54,883] - TCPPacketReceiver::processPendingEvents(127.0.0.1:43982): Throwing REASON_GENERAL_NETWORK - WSAECONNRESET
  INFO root [2017-12-26 21:29:58,328] - 
  INFO root [2017-12-26 21:29:58,328] - -----------------------------------------------------------------------------------------


  INFO root [2017-12-26 21:29:58,329] - Resmgr::initialize: KBE_ROOT=I:/KBE/kbengine-1.0.0/kbe-ball/
  INFO root [2017-12-26 21:29:58,329] - Resmgr::initialize: KBE_RES_PATH=I:/KBE/kbengine-1.0.0/kbe-ball/kbe/res/;I:/KBE/kbengine-1.0.0/kbe-ball/balls_server_assets/;I:/KBE/kbengine-1.0.0/kbe-ball/balls_server_assets/scripts/;I:/KBE/kbengine-1.0.0/kbe-ball/balls_server_assets/res/
  INFO root [2017-12-26 21:29:58,329] - Resmgr::initialize: KBE_BIN_PATH=I:/KBE/kbengine-1.0.0/kbe-ball/kbe/bin/server/
  INFO root [2017-12-26 21:29:58,337] - NetworkInterface::recreateListeningSocket(INTERNAL): bound to all interfaces with default route interface on 192.168.100.93 ( 192.168.100.93:30099 )
  INFO root [2017-12-26 21:29:58,337] - NetworkInterface::recreateListeningSocket(INTERNAL): address 192.168.100.93:30099, SOMAXCONN=5.
  INFO root [2017-12-26 21:29:58,341] - ---- interfaces Version: 1.0.0. ScriptVersion: 0.1.0. Protocol: 1ABB6125D8365C3720079E1D4CCC25C7. Config: Debug X86. Built: 15:23:35 Nov 23 2017. AppID: 3000. UID: 10103. PID: 7900 ----
  INFO root [2017-12-26 21:29:58,341] - Server :         Intel(R) Core(TM) i5-3470 CPU @ 3.20GHz with 4194303kB RAM
  INFO root [2017-12-26 21:29:58,341] - ThreadPool::createThreadPool: creating  threadpool...
  INFO root [2017-12-26 21:29:58,342] - ThreadPool::createThreadPool: successfully(2), newThreadCount=1, normalMaxThreadCount=2, maxThreadCount=8
 DEBUG root [2017-12-26 21:29:58,487] - Script::install_py_dlls(): PyInit_pyexpat
 DEBUG root [2017-12-26 21:29:58,488] - Script::install_py_dlls(): PyInit__socket
 DEBUG root [2017-12-26 21:29:58,488] - Script::install_py_dlls(): PyInit__ssl
 DEBUG root [2017-12-26 21:29:58,491] - Script::install_py_dlls(): PyInit__hashlib
 DEBUG root [2017-12-26 21:29:58,492] - Script::install_py_dlls(): PyInit_select
 DEBUG root [2017-12-26 21:29:58,492] - Script::install_py_dlls(): PyInit__ctypes
 DEBUG root [2017-12-26 21:29:58,493] - Script::install_py_dlls(): PyInit__elementtree
 DEBUG root [2017-12-26 21:29:58,535] - Script::install_py_dlls(): PyInit_unicodedata
  INFO root [2017-12-26 21:29:58,574] - Script::install(): is successfully, Python=(3.4.2 (default, Nov 23 2017, 15:23:32) [MSC v.1800 32 bit (Intel)])!
  INFO root [2017-12-26 21:29:58,574] - Script::install(): KBExtra is successfully!
S_INFO root [2017-12-26 21:29:58,584] - onInterfaceAppReady: bootstrapGroupIndex=0, bootstrapGlobalIndex=0
  INFO root [2017-12-26 21:29:58,595] - TelnetServer server is running on port 33000
  INFO root [2017-12-26 21:29:58,860] - ---- interfaces is running ----
 DEBUG root [2017-12-26 21:29:58,862] - Components::process(): Request for the process of identity...
  INFO root [2017-12-26 21:30:06,218] - Components::process(): Found all the components!
  WARN root [2017-12-26 21:30:09,433] - TCPPacketReceiver::processPendingEvents(127.0.0.1:47204): Throwing REASON_GENERAL_NETWORK - WSAECONNRESET
  INFO root [2017-12-26 21:30:10,920] - 
  INFO root [2017-12-26 21:30:10,920] - -----------------------------------------------------------------------------------------


  INFO root [2017-12-26 21:30:10,921] - Resmgr::initialize: KBE_ROOT=I:/KBE/kbengine-1.0.0/kbe-ball/
  INFO root [2017-12-26 21:30:10,921] - Resmgr::initialize: KBE_RES_PATH=I:/KBE/kbengine-1.0.0/kbe-ball/kbe/res/;I:/KBE/kbengine-1.0.0/kbe-ball/balls_server_assets/;I:/KBE/kbengine-1.0.0/kbe-ball/balls_server_assets/scripts/;I:/KBE/kbengine-1.0.0/kbe-ball/balls_server_assets/res/
  INFO root [2017-12-26 21:30:10,921] - Resmgr::initialize: KBE_BIN_PATH=I:/KBE/kbengine-1.0.0/kbe-ball/kbe/bin/server/
  INFO root [2017-12-26 21:30:10,928] - NetworkInterface::recreateListeningSocket(INTERNAL): bound to all interfaces with default route interface on 192.168.100.93 ( 192.168.100.93:30099 )
  INFO root [2017-12-26 21:30:10,928] - NetworkInterface::recreateListeningSocket(INTERNAL): address 192.168.100.93:30099, SOMAXCONN=5.
  INFO root [2017-12-26 21:30:10,933] - ---- interfaces Version: 1.0.0. ScriptVersion: 0.1.0. Protocol: 1ABB6125D8365C3720079E1D4CCC25C7. Config: Debug X86. Built: 15:23:35 Nov 23 2017. AppID: 3000. UID: 10103. PID: 1984 ----
  INFO root [2017-12-26 21:30:10,934] - Server :         Intel(R) Core(TM) i5-3470 CPU @ 3.20GHz with 4194303kB RAM
  INFO root [2017-12-26 21:30:10,935] - ThreadPool::createThreadPool: creating  threadpool...
  INFO root [2017-12-26 21:30:10,935] - ThreadPool::createThreadPool: successfully(2), newThreadCount=1, normalMaxThreadCount=2, maxThreadCount=8
 DEBUG root [2017-12-26 21:30:11,066] - Script::install_py_dlls(): PyInit_pyexpat
 DEBUG root [2017-12-26 21:30:11,067] - Script::install_py_dlls(): PyInit__socket
 DEBUG root [2017-12-26 21:30:11,067] - Script::install_py_dlls(): PyInit__ssl
 DEBUG root [2017-12-26 21:30:11,070] - Script::install_py_dlls(): PyInit__hashlib
 DEBUG root [2017-12-26 21:30:11,070] - Script::install_py_dlls(): PyInit_select
 DEBUG root [2017-12-26 21:30:11,071] - Script::install_py_dlls(): PyInit__ctypes
 DEBUG root [2017-12-26 21:30:11,071] - Script::install_py_dlls(): PyInit__elementtree
 DEBUG root [2017-12-26 21:30:11,124] - Script::install_py_dlls(): PyInit_unicodedata
  INFO root [2017-12-26 21:30:11,163] - Script::install(): is successfully, Python=(3.4.2 (default, Nov 23 2017, 15:23:32) [MSC v.1800 32 bit (Intel)])!
  INFO root [2017-12-26 21:30:11,163] - Script::install(): KBExtra is successfully!
S_INFO root [2017-12-26 21:30:11,173] - onInterfaceAppReady: bootstrapGroupIndex=0, bootstrapGlobalIndex=0
  INFO root [2017-12-26 21:30:11,182] - TelnetServer server is running on port 33000
  INFO root [2017-12-26 21:30:11,431] - ---- interfaces is running ----
 DEBUG root [2017-12-26 21:30:11,432] - Components::process(): Request for the process of identity...
  INFO root [2017-12-26 21:30:18,707] - Components::process(): Found all the components!
S_INFO root [2017-12-26 21:30:43,908] - onRequestAccountLogin: registerName=qqqqqq
  WARN root [2017-12-26 21:37:30,463] - TCPPacketReceiver::processPendingEvents(127.0.0.1:47282): Throwing REASON_GENERAL_NETWORK - WSAECONNRESET
  INFO root [2017-12-26 21:37:33,811] - 
  INFO root [2017-12-26 21:37:33,812] - -----------------------------------------------------------------------------------------


  INFO root [2017-12-26 21:37:33,812] - Resmgr::initialize: KBE_ROOT=I:/KBE/kbengine-1.0.0/kbe-ball/
  INFO root [2017-12-26 21:37:33,812] - Resmgr::initialize: KBE_RES_PATH=I:/KBE/kbengine-1.0.0/kbe-ball/kbe/res/;I:/KBE/kbengine-1.0.0/kbe-ball/balls_server_assets/;I:/KBE/kbengine-1.0.0/kbe-ball/balls_server_assets/scripts/;I:/KBE/kbengine-1.0.0/kbe-ball/balls_server_assets/res/
  INFO root [2017-12-26 21:37:33,812] - Resmgr::initialize: KBE_BIN_PATH=I:/KBE/kbengine-1.0.0/kbe-ball/kbe/bin/server/
  INFO root [2017-12-26 21:37:33,826] - NetworkInterface::recreateListeningSocket(INTERNAL): bound to all interfaces with default route interface on 192.168.100.93 ( 192.168.100.93:30099 )
  INFO root [2017-12-26 21:37:33,827] - NetworkInterface::recreateListeningSocket(INTERNAL): address 192.168.100.93:30099, SOMAXCONN=5.
  INFO root [2017-12-26 21:37:33,830] - ---- interfaces Version: 1.0.0. ScriptVersion: 0.1.0. Protocol: 1ABB6125D8365C3720079E1D4CCC25C7. Config: Debug X86. Built: 15:23:35 Nov 23 2017. AppID: 3000. UID: 10103. PID: 8220 ----
  INFO root [2017-12-26 21:37:33,831] - Server :         Intel(R) Core(TM) i5-3470 CPU @ 3.20GHz with 4194303kB RAM
  INFO root [2017-12-26 21:37:33,831] - ThreadPool::createThreadPool: creating  threadpool...
  INFO root [2017-12-26 21:37:33,831] - ThreadPool::createThreadPool: successfully(2), newThreadCount=1, normalMaxThreadCount=2, maxThreadCount=8
 DEBUG root [2017-12-26 21:37:33,965] - Script::install_py_dlls(): PyInit_pyexpat
 DEBUG root [2017-12-26 21:37:33,965] - Script::install_py_dlls(): PyInit__socket
 DEBUG root [2017-12-26 21:37:33,965] - Script::install_py_dlls(): PyInit__ssl
 DEBUG root [2017-12-26 21:37:33,969] - Script::install_py_dlls(): PyInit__hashlib
 DEBUG root [2017-12-26 21:37:33,969] - Script::install_py_dlls(): PyInit_select
 DEBUG root [2017-12-26 21:37:33,969] - Script::install_py_dlls(): PyInit__ctypes
 DEBUG root [2017-12-26 21:37:33,970] - Script::install_py_dlls(): PyInit__elementtree
 DEBUG root [2017-12-26 21:37:34,004] - Script::install_py_dlls(): PyInit_unicodedata
  INFO root [2017-12-26 21:37:34,039] - Script::install(): is successfully, Python=(3.4.2 (default, Nov 23 2017, 15:23:32) [MSC v.1800 32 bit (Intel)])!
  INFO root [2017-12-26 21:37:34,039] - Script::install(): KBExtra is successfully!
S_INFO root [2017-12-26 21:37:34,062] - onInterfaceAppReady: bootstrapGroupIndex=0, bootstrapGlobalIndex=0
  INFO root [2017-12-26 21:37:34,070] - TelnetServer server is running on port 33000
  INFO root [2017-12-26 21:37:34,361] - ---- interfaces is running ----
 DEBUG root [2017-12-26 21:37:34,362] - Components::process(): Request for the process of identity...
  INFO root [2017-12-26 21:37:41,615] - Components::process(): Found all the components!
S_INFO root [2017-12-26 21:38:06,796] - onRequestAccountLogin: registerName=qqqqqq
  WARN root [2017-12-26 21:41:46,617] - TCPPacketReceiver::processPendingEvents(127.0.0.1:49635): Throwing REASON_GENERAL_NETWORK - WSAECONNRESET
  INFO root [2017-12-26 21:41:51,793] - 
  INFO root [2017-12-26 21:41:51,793] - -----------------------------------------------------------------------------------------


  INFO root [2017-12-26 21:41:51,794] - Resmgr::initialize: KBE_ROOT=I:/KBE/kbengine-1.0.0/kbe-ball/
  INFO root [2017-12-26 21:41:51,794] - Resmgr::initialize: KBE_RES_PATH=I:/KBE/kbengine-1.0.0/kbe-ball/kbe/res/;I:/KBE/kbengine-1.0.0/kbe-ball/balls_server_assets/;I:/KBE/kbengine-1.0.0/kbe-ball/balls_server_assets/scripts/;I:/KBE/kbengine-1.0.0/kbe-ball/balls_server_assets/res/
  INFO root [2017-12-26 21:41:51,794] - Resmgr::initialize: KBE_BIN_PATH=I:/KBE/kbengine-1.0.0/kbe-ball/kbe/bin/server/
  INFO root [2017-12-26 21:41:51,814] - NetworkInterface::recreateListeningSocket(INTERNAL): bound to all interfaces with default route interface on 192.168.100.93 ( 192.168.100.93:30099 )
  INFO root [2017-12-26 21:41:51,814] - NetworkInterface::recreateListeningSocket(INTERNAL): address 192.168.100.93:30099, SOMAXCONN=5.
  INFO root [2017-12-26 21:41:51,818] - ---- interfaces Version: 1.0.0. ScriptVersion: 0.1.0. Protocol: 1ABB6125D8365C3720079E1D4CCC25C7. Config: Debug X86. Built: 15:23:35 Nov 23 2017. AppID: 3000. UID: 10103. PID: 6672 ----
  INFO root [2017-12-26 21:41:51,818] - Server :         Intel(R) Core(TM) i5-3470 CPU @ 3.20GHz with 4194303kB RAM
  INFO root [2017-12-26 21:41:51,818] - ThreadPool::createThreadPool: creating  threadpool...
  INFO root [2017-12-26 21:41:51,818] - ThreadPool::createThreadPool: successfully(2), newThreadCount=1, normalMaxThreadCount=2, maxThreadCount=8
 DEBUG root [2017-12-26 21:41:52,084] - Script::install_py_dlls(): PyInit_pyexpat
 DEBUG root [2017-12-26 21:41:52,084] - Script::install_py_dlls(): PyInit__socket
 DEBUG root [2017-12-26 21:41:52,085] - Script::install_py_dlls(): PyInit__ssl
 DEBUG root [2017-12-26 21:41:52,088] - Script::install_py_dlls(): PyInit__hashlib
 DEBUG root [2017-12-26 21:41:52,088] - Script::install_py_dlls(): PyInit_select
 DEBUG root [2017-12-26 21:41:52,089] - Script::install_py_dlls(): PyInit__ctypes
 DEBUG root [2017-12-26 21:41:52,089] - Script::install_py_dlls(): PyInit__elementtree
 DEBUG root [2017-12-26 21:41:52,127] - Script::install_py_dlls(): PyInit_unicodedata
  INFO root [2017-12-26 21:41:52,190] - Script::install(): is successfully, Python=(3.4.2 (default, Nov 23 2017, 15:23:32) [MSC v.1800 32 bit (Intel)])!
  INFO root [2017-12-26 21:41:52,190] - Script::install(): KBExtra is successfully!
S_INFO root [2017-12-26 21:41:52,200] - onInterfaceAppReady: bootstrapGroupIndex=0, bootstrapGlobalIndex=0
  INFO root [2017-12-26 21:41:52,212] - TelnetServer server is running on port 33000
  INFO root [2017-12-26 21:41:52,457] - ---- interfaces is running ----
 DEBUG root [2017-12-26 21:41:52,458] - Components::process(): Request for the process of identity...
  INFO root [2017-12-26 21:41:59,595] - Components::process(): Found all the components!
S_INFO root [2017-12-26 21:42:14,267] - onRequestAccountLogin: registerName=qqqqqq
  WARN root [2017-12-26 21:43:04,185] - TCPPacketReceiver::processPendingEvents(127.0.0.1:51047): Throwing REASON_GENERAL_NETWORK - WSAECONNRESET
  INFO root [2017-12-26 21:43:21,944] - 
  INFO root [2017-12-26 21:43:21,945] - -----------------------------------------------------------------------------------------


  INFO root [2017-12-26 21:43:21,945] - Resmgr::initialize: KBE_ROOT=I:/KBE/kbengine-1.0.0/kbe-ball/
  INFO root [2017-12-26 21:43:21,946] - Resmgr::initialize: KBE_RES_PATH=I:/KBE/kbengine-1.0.0/kbe-ball/kbe/res/;I:/KBE/kbengine-1.0.0/kbe-ball/balls_server_assets/;I:/KBE/kbengine-1.0.0/kbe-ball/balls_server_assets/scripts/;I:/KBE/kbengine-1.0.0/kbe-ball/balls_server_assets/res/
  INFO root [2017-12-26 21:43:21,946] - Resmgr::initialize: KBE_BIN_PATH=I:/KBE/kbengine-1.0.0/kbe-ball/kbe/bin/server/
  INFO root [2017-12-26 21:43:21,954] - NetworkInterface::recreateListeningSocket(INTERNAL): bound to all interfaces with default route interface on 192.168.100.93 ( 192.168.100.93:30099 )
  INFO root [2017-12-26 21:43:21,954] - NetworkInterface::recreateListeningSocket(INTERNAL): address 192.168.100.93:30099, SOMAXCONN=5.
  INFO root [2017-12-26 21:43:21,958] - ---- interfaces Version: 1.0.0. ScriptVersion: 0.1.0. Protocol: 1ABB6125D8365C3720079E1D4CCC25C7. Config: Debug X86. Built: 15:23:35 Nov 23 2017. AppID: 3000. UID: 10103. PID: 8008 ----
  INFO root [2017-12-26 21:43:21,958] - Server :         Intel(R) Core(TM) i5-3470 CPU @ 3.20GHz with 4194303kB RAM
  INFO root [2017-12-26 21:43:21,958] - ThreadPool::createThreadPool: creating  threadpool...
  INFO root [2017-12-26 21:43:21,958] - ThreadPool::createThreadPool: successfully(2), newThreadCount=1, normalMaxThreadCount=2, maxThreadCount=8
 DEBUG root [2017-12-26 21:43:22,099] - Script::install_py_dlls(): PyInit_pyexpat
 DEBUG root [2017-12-26 21:43:22,099] - Script::install_py_dlls(): PyInit__socket
 DEBUG root [2017-12-26 21:43:22,100] - Script::install_py_dlls(): PyInit__ssl
 DEBUG root [2017-12-26 21:43:22,197] - Script::install_py_dlls(): PyInit__hashlib
 DEBUG root [2017-12-26 21:43:22,197] - Script::install_py_dlls(): PyInit_select
 DEBUG root [2017-12-26 21:43:22,198] - Script::install_py_dlls(): PyInit__ctypes
 DEBUG root [2017-12-26 21:43:22,198] - Script::install_py_dlls(): PyInit__elementtree
 DEBUG root [2017-12-26 21:43:22,240] - Script::install_py_dlls(): PyInit_unicodedata
  INFO root [2017-12-26 21:43:22,277] - Script::install(): is successfully, Python=(3.4.2 (default, Nov 23 2017, 15:23:32) [MSC v.1800 32 bit (Intel)])!
  INFO root [2017-12-26 21:43:22,277] - Script::install(): KBExtra is successfully!
S_INFO root [2017-12-26 21:43:22,287] - onInterfaceAppReady: bootstrapGroupIndex=0, bootstrapGlobalIndex=0
  INFO root [2017-12-26 21:43:22,299] - TelnetServer server is running on port 33000
  INFO root [2017-12-26 21:43:22,595] - ---- interfaces is running ----
 DEBUG root [2017-12-26 21:43:22,596] - Components::process(): Request for the process of identity...
  WARN root [2017-12-26 21:43:22,938] - BundleBroadcast::BundleBroadcast: Cannot bind to port 20640, errorno=10048
  INFO root [2017-12-26 21:43:30,055] - Components::process(): Found all the components!
S_INFO root [2017-12-26 21:44:00,588] - onRequestAccountLogin: registerName=qqqqqq
S_INFO root [2017-12-26 21:45:28,622] - onRequestAccountLogin: registerName=aaaaaa
S_INFO root [2017-12-26 21:47:39,524] - onRequestAccountLogin: registerName=qqqqqq
S_INFO root [2017-12-26 21:47:45,858] - onRequestAccountLogin: registerName=aaaaaa
  WARN root [2017-12-26 21:48:33,819] - TCPPacketReceiver::processPendingEvents(127.0.0.1:51549): Throwing REASON_GENERAL_NETWORK - WSAECONNRESET
