  INFO root [2017-12-20 16:49:50,862] - 
  INFO root [2017-12-20 16:49:50,863] - -----------------------------------------------------------------------------------------


  INFO root [2017-12-20 16:49:50,863] - Resmgr::initialize: KBE_ROOT=I:/KBE/kbengine-1.0.0/
  INFO root [2017-12-20 16:49:50,863] - Resmgr::initialize: KBE_RES_PATH=I:/KBE/kbengine-1.0.0/kbe/res/;I:/KBE/kbengine-1.0.0/balls_server_assets/;I:/KBE/kbengine-1.0.0/balls_server_assets/scripts/;I:/KBE/kbengine-1.0.0/balls_server_assets/res/
  INFO root [2017-12-20 16:49:50,864] - Resmgr::initialize: KBE_BIN_PATH=I:/KBE/kbengine-1.0.0/kbe/bin/server/
  INFO root [2017-12-20 16:49:50,871] - NetworkInterface::recreateListeningSocket(INTERNAL): bound to all interfaces with default route interface on 192.168.100.93 ( 192.168.100.93:30099 )
  INFO root [2017-12-20 16:49:50,871] - NetworkInterface::recreateListeningSocket(INTERNAL): address 192.168.100.93:30099, SOMAXCONN=5.
  INFO root [2017-12-20 16:49:50,875] - ---- interfaces Version: 1.0.0. ScriptVersion: 0.1.0. Protocol: 1ABB6125D8365C3720079E1D4CCC25C7. Config: Debug X86. Built: 15:23:35 Nov 23 2017. AppID: 3000. UID: 10103. PID: 9612 ----
  INFO root [2017-12-20 16:49:50,875] - Server :         Intel(R) Core(TM) i5-3470 CPU @ 3.20GHz with 4194303kB RAM
  INFO root [2017-12-20 16:49:50,875] - ThreadPool::createThreadPool: creating  threadpool...
  INFO root [2017-12-20 16:49:50,875] - ThreadPool::createThreadPool: successfully(2), newThreadCount=1, normalMaxThreadCount=2, maxThreadCount=8
 DEBUG root [2017-12-20 16:49:51,007] - Script::install_py_dlls(): PyInit_pyexpat
 DEBUG root [2017-12-20 16:49:51,007] - Script::install_py_dlls(): PyInit__socket
 DEBUG root [2017-12-20 16:49:51,008] - Script::install_py_dlls(): PyInit__ssl
 DEBUG root [2017-12-20 16:49:51,011] - Script::install_py_dlls(): PyInit__hashlib
 DEBUG root [2017-12-20 16:49:51,011] - Script::install_py_dlls(): PyInit_select
 DEBUG root [2017-12-20 16:49:51,011] - Script::install_py_dlls(): PyInit__ctypes
 DEBUG root [2017-12-20 16:49:51,012] - Script::install_py_dlls(): PyInit__elementtree
 DEBUG root [2017-12-20 16:49:51,046] - Script::install_py_dlls(): PyInit_unicodedata
  INFO root [2017-12-20 16:49:51,080] - Script::install(): is successfully, Python=(3.4.2 (default, Nov 23 2017, 15:23:32) [MSC v.1800 32 bit (Intel)])!
  INFO root [2017-12-20 16:49:51,080] - Script::install(): KBExtra is successfully!
S_INFO root [2017-12-20 16:49:51,090] - onInterfaceAppReady: bootstrapGroupIndex=0, bootstrapGlobalIndex=0
  INFO root [2017-12-20 16:49:51,098] - TelnetServer server is running on port 33000
  INFO root [2017-12-20 16:49:51,399] - ---- interfaces is running ----
 DEBUG root [2017-12-20 16:49:51,400] - Components::process(): Request for the process of identity...
  INFO root [2017-12-20 16:49:58,558] - Components::process(): Found all the components!
S_INFO root [2017-12-20 16:53:03,156] - onRequestCreateAccount: registerName=pppppp
S_INFO root [2017-12-20 16:53:05,657] - onRequestAccountLogin: registerName=pppppp
  WARN root [2017-12-20 17:04:50,324] - TCPPacketReceiver::processPendingEvents(127.0.0.1:14417): Throwing REASON_GENERAL_NETWORK - WSAECONNRESET
  INFO root [2017-12-20 17:04:56,363] - 
  INFO root [2017-12-20 17:04:56,366] - -----------------------------------------------------------------------------------------


  INFO root [2017-12-20 17:04:56,366] - Resmgr::initialize: KBE_ROOT=I:/KBE/kbengine-1.0.0/
  INFO root [2017-12-20 17:04:56,367] - Resmgr::initialize: KBE_RES_PATH=I:/KBE/kbengine-1.0.0/kbe/res/;I:/KBE/kbengine-1.0.0/balls_server_assets/;I:/KBE/kbengine-1.0.0/balls_server_assets/scripts/;I:/KBE/kbengine-1.0.0/balls_server_assets/res/
  INFO root [2017-12-20 17:04:56,367] - Resmgr::initialize: KBE_BIN_PATH=I:/KBE/kbengine-1.0.0/kbe/bin/server/
  INFO root [2017-12-20 17:04:56,377] - NetworkInterface::recreateListeningSocket(INTERNAL): bound to all interfaces with default route interface on 192.168.100.93 ( 192.168.100.93:30099 )
  INFO root [2017-12-20 17:04:56,377] - NetworkInterface::recreateListeningSocket(INTERNAL): address 192.168.100.93:30099, SOMAXCONN=5.
  INFO root [2017-12-20 17:04:56,381] - ---- interfaces Version: 1.0.0. ScriptVersion: 0.1.0. Protocol: 1ABB6125D8365C3720079E1D4CCC25C7. Config: Debug X86. Built: 15:23:35 Nov 23 2017. AppID: 3000. UID: 10103. PID: 4088 ----
  INFO root [2017-12-20 17:04:56,381] - Server :         Intel(R) Core(TM) i5-3470 CPU @ 3.20GHz with 4194303kB RAM
  INFO root [2017-12-20 17:04:56,381] - ThreadPool::createThreadPool: creating  threadpool...
  INFO root [2017-12-20 17:04:56,381] - ThreadPool::createThreadPool: successfully(2), newThreadCount=1, normalMaxThreadCount=2, maxThreadCount=8
 DEBUG root [2017-12-20 17:04:56,515] - Script::install_py_dlls(): PyInit_pyexpat
 DEBUG root [2017-12-20 17:04:56,515] - Script::install_py_dlls(): PyInit__socket
 DEBUG root [2017-12-20 17:04:56,516] - Script::install_py_dlls(): PyInit__ssl
 DEBUG root [2017-12-20 17:04:56,519] - Script::install_py_dlls(): PyInit__hashlib
 DEBUG root [2017-12-20 17:04:56,519] - Script::install_py_dlls(): PyInit_select
 DEBUG root [2017-12-20 17:04:56,519] - Script::install_py_dlls(): PyInit__ctypes
 DEBUG root [2017-12-20 17:04:56,520] - Script::install_py_dlls(): PyInit__elementtree
 DEBUG root [2017-12-20 17:04:56,567] - Script::install_py_dlls(): PyInit_unicodedata
  INFO root [2017-12-20 17:04:56,610] - Script::install(): is successfully, Python=(3.4.2 (default, Nov 23 2017, 15:23:32) [MSC v.1800 32 bit (Intel)])!
  INFO root [2017-12-20 17:04:56,610] - Script::install(): KBExtra is successfully!
S_INFO root [2017-12-20 17:04:56,620] - onInterfaceAppReady: bootstrapGroupIndex=0, bootstrapGlobalIndex=0
  INFO root [2017-12-20 17:04:56,627] - TelnetServer server is running on port 33000
  INFO root [2017-12-20 17:04:56,912] - ---- interfaces is running ----
 DEBUG root [2017-12-20 17:04:56,912] - Components::process(): Request for the process of identity...
  INFO root [2017-12-20 17:05:04,021] - Components::process(): Found all the components!
S_INFO root [2017-12-20 17:05:21,521] - onRequestAccountLogin: registerName=pppppp
S_INFO root [2017-12-20 17:07:01,353] - onRequestAccountLogin: registerName=pppppp
S_INFO root [2017-12-20 17:07:54,919] - onRequestAccountLogin: registerName=pppppp
S_INFO root [2017-12-20 17:08:26,286] - onRequestAccountLogin: registerName=oooooo
S_INFO root [2017-12-20 17:09:08,919] - onRequestAccountLogin: registerName=qqqqqq
S_INFO root [2017-12-20 17:21:35,448] - onRequestAccountLogin: registerName=qqqqqq
S_INFO root [2017-12-20 17:25:27,781] - onRequestAccountLogin: registerName=qqqqqq
S_INFO root [2017-12-20 17:31:49,712] - onRequestAccountLogin: registerName=qqqqqq
S_INFO root [2017-12-20 17:33:52,778] - onRequestAccountLogin: registerName=qqqqqq
S_INFO root [2017-12-20 17:41:36,475] - onRequestAccountLogin: registerName=qqqqqq
S_INFO root [2017-12-20 17:44:03,440] - onRequestAccountLogin: registerName=qqqqqq
S_INFO root [2017-12-20 17:45:06,907] - onRequestAccountLogin: registerName=qqqqqq
S_INFO root [2017-12-20 17:45:42,840] - onRequestAccountLogin: registerName=qqqqqq
S_INFO root [2017-12-20 17:50:35,972] - onRequestAccountLogin: registerName=qqqqqq
S_INFO root [2017-12-20 17:51:01,538] - onRequestAccountLogin: registerName=qq123456
  WARN root [2017-12-20 18:42:56,181] - TCPPacketReceiver::processPendingEvents(127.0.0.1:15042): Throwing REASON_GENERAL_NETWORK - WSAECONNRESET
