  INFO root [2017-12-25 11:34:33,242] - 
  INFO root [2017-12-25 11:34:33,243] - -----------------------------------------------------------------------------------------


  INFO root [2017-12-25 11:34:33,243] - Resmgr::initialize: KBE_ROOT=I:/KBE/kbengine-1.0.0/kbe-ball/
  INFO root [2017-12-25 11:34:33,244] - Resmgr::initialize: KBE_RES_PATH=I:/KBE/kbengine-1.0.0/kbe-ball/kbe/res/;I:/KBE/kbengine-1.0.0/kbe-ball/balls_server_assets/;I:/KBE/kbengine-1.0.0/kbe-ball/balls_server_assets/scripts/;I:/KBE/kbengine-1.0.0/kbe-ball/balls_server_assets/res/
  INFO root [2017-12-25 11:34:33,244] - Resmgr::initialize: KBE_BIN_PATH=I:/KBE/kbengine-1.0.0/kbe-ball/kbe/bin/server/
  INFO root [2017-12-25 11:34:33,252] - NetworkInterface::recreateListeningSocket(INTERNAL): bound to all interfaces with default route interface on 192.168.100.93 ( 192.168.100.93:30099 )
  INFO root [2017-12-25 11:34:33,252] - NetworkInterface::recreateListeningSocket(INTERNAL): address 192.168.100.93:30099, SOMAXCONN=5.
  INFO root [2017-12-25 11:34:33,256] - ---- interfaces Version: 1.0.0. ScriptVersion: 0.1.0. Protocol: 1ABB6125D8365C3720079E1D4CCC25C7. Config: Debug X86. Built: 15:23:35 Nov 23 2017. AppID: 3000. UID: 10103. PID: 7224 ----
  INFO root [2017-12-25 11:34:33,256] - Server :         Intel(R) Core(TM) i5-3470 CPU @ 3.20GHz with 4194303kB RAM
  INFO root [2017-12-25 11:34:33,256] - ThreadPool::createThreadPool: creating  threadpool...
  INFO root [2017-12-25 11:34:33,257] - ThreadPool::createThreadPool: successfully(2), newThreadCount=1, normalMaxThreadCount=2, maxThreadCount=8
 DEBUG root [2017-12-25 11:34:33,389] - Script::install_py_dlls(): PyInit_pyexpat
 DEBUG root [2017-12-25 11:34:33,390] - Script::install_py_dlls(): PyInit__socket
 DEBUG root [2017-12-25 11:34:33,390] - Script::install_py_dlls(): PyInit__ssl
 DEBUG root [2017-12-25 11:34:33,393] - Script::install_py_dlls(): PyInit__hashlib
 DEBUG root [2017-12-25 11:34:33,394] - Script::install_py_dlls(): PyInit_select
 DEBUG root [2017-12-25 11:34:33,394] - Script::install_py_dlls(): PyInit__ctypes
 DEBUG root [2017-12-25 11:34:33,395] - Script::install_py_dlls(): PyInit__elementtree
 DEBUG root [2017-12-25 11:34:33,429] - Script::install_py_dlls(): PyInit_unicodedata
  INFO root [2017-12-25 11:34:33,463] - Script::install(): is successfully, Python=(3.4.2 (default, Nov 23 2017, 15:23:32) [MSC v.1800 32 bit (Intel)])!
  INFO root [2017-12-25 11:34:33,464] - Script::install(): KBExtra is successfully!
S_INFO root [2017-12-25 11:34:33,478] - onInterfaceAppReady: bootstrapGroupIndex=0, bootstrapGlobalIndex=0
  INFO root [2017-12-25 11:34:33,488] - TelnetServer server is running on port 33000
  INFO root [2017-12-25 11:34:33,732] - ---- interfaces is running ----
 DEBUG root [2017-12-25 11:34:33,732] - Components::process(): Request for the process of identity...
  INFO root [2017-12-25 11:34:40,812] - Components::process(): Found all the components!
S_INFO root [2017-12-25 11:35:06,279] - onRequestAccountLogin: registerName=qqqqqq
S_INFO root [2017-12-25 11:35:26,646] - onRequestAccountLogin: registerName=aaaaaa
  WARN root [2017-12-25 15:57:32,307] - TCPPacketReceiver::processPendingEvents(127.0.0.1:5903): Throwing REASON_GENERAL_NETWORK - WSAECONNRESET
  INFO root [2017-12-25 15:58:01,246] - 
  INFO root [2017-12-25 15:58:01,246] - -----------------------------------------------------------------------------------------


  INFO root [2017-12-25 15:58:01,247] - Resmgr::initialize: KBE_ROOT=I:/KBE/kbengine-1.0.0/kbe-ball/
  INFO root [2017-12-25 15:58:01,247] - Resmgr::initialize: KBE_RES_PATH=I:/KBE/kbengine-1.0.0/kbe-ball/kbe/res/;I:/KBE/kbengine-1.0.0/kbe-ball/balls_server_assets/;I:/KBE/kbengine-1.0.0/kbe-ball/balls_server_assets/scripts/;I:/KBE/kbengine-1.0.0/kbe-ball/balls_server_assets/res/
  INFO root [2017-12-25 15:58:01,247] - Resmgr::initialize: KBE_BIN_PATH=I:/KBE/kbengine-1.0.0/kbe-ball/kbe/bin/server/
  INFO root [2017-12-25 15:58:01,255] - NetworkInterface::recreateListeningSocket(INTERNAL): bound to all interfaces with default route interface on 192.168.100.93 ( 192.168.100.93:30099 )
  INFO root [2017-12-25 15:58:01,255] - NetworkInterface::recreateListeningSocket(INTERNAL): address 192.168.100.93:30099, SOMAXCONN=5.
  INFO root [2017-12-25 15:58:01,259] - ---- interfaces Version: 1.0.0. ScriptVersion: 0.1.0. Protocol: 1ABB6125D8365C3720079E1D4CCC25C7. Config: Debug X86. Built: 15:23:35 Nov 23 2017. AppID: 3000. UID: 10103. PID: 7988 ----
  INFO root [2017-12-25 15:58:01,260] - Server :         Intel(R) Core(TM) i5-3470 CPU @ 3.20GHz with 4194303kB RAM
  INFO root [2017-12-25 15:58:01,260] - ThreadPool::createThreadPool: creating  threadpool...
  INFO root [2017-12-25 15:58:01,260] - ThreadPool::createThreadPool: successfully(2), newThreadCount=1, normalMaxThreadCount=2, maxThreadCount=8
 DEBUG root [2017-12-25 15:58:01,495] - Script::install_py_dlls(): PyInit_pyexpat
 DEBUG root [2017-12-25 15:58:01,504] - Script::install_py_dlls(): PyInit__socket
 DEBUG root [2017-12-25 15:58:01,513] - Script::install_py_dlls(): PyInit__ssl
 DEBUG root [2017-12-25 15:58:01,528] - Script::install_py_dlls(): PyInit__hashlib
 DEBUG root [2017-12-25 15:58:01,529] - Script::install_py_dlls(): PyInit_select
 DEBUG root [2017-12-25 15:58:01,529] - Script::install_py_dlls(): PyInit__ctypes
 DEBUG root [2017-12-25 15:58:01,529] - Script::install_py_dlls(): PyInit__elementtree
 DEBUG root [2017-12-25 15:58:01,575] - Script::install_py_dlls(): PyInit_unicodedata
  INFO root [2017-12-25 15:58:01,614] - Script::install(): is successfully, Python=(3.4.2 (default, Nov 23 2017, 15:23:32) [MSC v.1800 32 bit (Intel)])!
  INFO root [2017-12-25 15:58:01,614] - Script::install(): KBExtra is successfully!
S_INFO root [2017-12-25 15:58:01,630] - onInterfaceAppReady: bootstrapGroupIndex=0, bootstrapGlobalIndex=0
  INFO root [2017-12-25 15:58:01,648] - TelnetServer server is running on port 33000
  INFO root [2017-12-25 15:58:01,903] - ---- interfaces is running ----
 DEBUG root [2017-12-25 15:58:01,904] - Components::process(): Request for the process of identity...
  INFO root [2017-12-25 15:58:09,050] - Components::process(): Found all the components!
  WARN root [2017-12-25 16:37:09,145] - TCPPacketReceiver::processPendingEvents(127.0.0.1:15809): Throwing REASON_GENERAL_NETWORK - WSAECONNRESET
  INFO root [2017-12-25 16:37:13,031] - 
  INFO root [2017-12-25 16:37:13,031] - -----------------------------------------------------------------------------------------


  INFO root [2017-12-25 16:37:13,031] - Resmgr::initialize: KBE_ROOT=I:/KBE/kbengine-1.0.0/kbe-ball/
  INFO root [2017-12-25 16:37:13,032] - Resmgr::initialize: KBE_RES_PATH=I:/KBE/kbengine-1.0.0/kbe-ball/kbe/res/;I:/KBE/kbengine-1.0.0/kbe-ball/balls_server_assets/;I:/KBE/kbengine-1.0.0/kbe-ball/balls_server_assets/scripts/;I:/KBE/kbengine-1.0.0/kbe-ball/balls_server_assets/res/
  INFO root [2017-12-25 16:37:13,032] - Resmgr::initialize: KBE_BIN_PATH=I:/KBE/kbengine-1.0.0/kbe-ball/kbe/bin/server/
  INFO root [2017-12-25 16:37:13,052] - NetworkInterface::recreateListeningSocket(INTERNAL): bound to all interfaces with default route interface on 192.168.100.93 ( 192.168.100.93:30099 )
  INFO root [2017-12-25 16:37:13,052] - NetworkInterface::recreateListeningSocket(INTERNAL): address 192.168.100.93:30099, SOMAXCONN=5.
  INFO root [2017-12-25 16:37:13,056] - ---- interfaces Version: 1.0.0. ScriptVersion: 0.1.0. Protocol: 1ABB6125D8365C3720079E1D4CCC25C7. Config: Debug X86. Built: 15:23:35 Nov 23 2017. AppID: 3000. UID: 10103. PID: 5300 ----
  INFO root [2017-12-25 16:37:13,056] - Server :         Intel(R) Core(TM) i5-3470 CPU @ 3.20GHz with 4194303kB RAM
  INFO root [2017-12-25 16:37:13,056] - ThreadPool::createThreadPool: creating  threadpool...
  INFO root [2017-12-25 16:37:13,056] - ThreadPool::createThreadPool: successfully(2), newThreadCount=1, normalMaxThreadCount=2, maxThreadCount=8
 DEBUG root [2017-12-25 16:37:13,187] - Script::install_py_dlls(): PyInit_pyexpat
 DEBUG root [2017-12-25 16:37:13,188] - Script::install_py_dlls(): PyInit__socket
 DEBUG root [2017-12-25 16:37:13,188] - Script::install_py_dlls(): PyInit__ssl
 DEBUG root [2017-12-25 16:37:13,205] - Script::install_py_dlls(): PyInit__hashlib
 DEBUG root [2017-12-25 16:37:13,205] - Script::install_py_dlls(): PyInit_select
 DEBUG root [2017-12-25 16:37:13,205] - Script::install_py_dlls(): PyInit__ctypes
 DEBUG root [2017-12-25 16:37:13,206] - Script::install_py_dlls(): PyInit__elementtree
 DEBUG root [2017-12-25 16:37:13,242] - Script::install_py_dlls(): PyInit_unicodedata
  INFO root [2017-12-25 16:37:13,277] - Script::install(): is successfully, Python=(3.4.2 (default, Nov 23 2017, 15:23:32) [MSC v.1800 32 bit (Intel)])!
  INFO root [2017-12-25 16:37:13,277] - Script::install(): KBExtra is successfully!
S_INFO root [2017-12-25 16:37:13,287] - onInterfaceAppReady: bootstrapGroupIndex=0, bootstrapGlobalIndex=0
  INFO root [2017-12-25 16:37:13,296] - TelnetServer server is running on port 33000
  INFO root [2017-12-25 16:37:13,636] - ---- interfaces is running ----
 DEBUG root [2017-12-25 16:37:13,636] - Components::process(): Request for the process of identity...
  INFO root [2017-12-25 16:37:20,821] - Components::process(): Found all the components!
S_INFO root [2017-12-25 16:39:27,055] - onRequestAccountLogin: registerName=qqqqqq
  WARN root [2017-12-25 16:41:05,231] - TCPPacketReceiver::processPendingEvents(127.0.0.1:17344): Throwing REASON_GENERAL_NETWORK - WSAECONNRESET
  INFO root [2017-12-25 16:41:24,498] - 
  INFO root [2017-12-25 16:41:24,498] - -----------------------------------------------------------------------------------------


  INFO root [2017-12-25 16:41:24,499] - Resmgr::initialize: KBE_ROOT=I:/KBE/kbengine-1.0.0/kbe-ball/
  INFO root [2017-12-25 16:41:24,499] - Resmgr::initialize: KBE_RES_PATH=I:/KBE/kbengine-1.0.0/kbe-ball/kbe/res/;I:/KBE/kbengine-1.0.0/kbe-ball/balls_server_assets/;I:/KBE/kbengine-1.0.0/kbe-ball/balls_server_assets/scripts/;I:/KBE/kbengine-1.0.0/kbe-ball/balls_server_assets/res/
  INFO root [2017-12-25 16:41:24,499] - Resmgr::initialize: KBE_BIN_PATH=I:/KBE/kbengine-1.0.0/kbe-ball/kbe/bin/server/
  INFO root [2017-12-25 16:41:24,508] - NetworkInterface::recreateListeningSocket(INTERNAL): bound to all interfaces with default route interface on 192.168.100.93 ( 192.168.100.93:30099 )
  INFO root [2017-12-25 16:41:24,508] - NetworkInterface::recreateListeningSocket(INTERNAL): address 192.168.100.93:30099, SOMAXCONN=5.
  INFO root [2017-12-25 16:41:24,511] - ---- interfaces Version: 1.0.0. ScriptVersion: 0.1.0. Protocol: 1ABB6125D8365C3720079E1D4CCC25C7. Config: Debug X86. Built: 15:23:35 Nov 23 2017. AppID: 3000. UID: 10103. PID: 8612 ----
  INFO root [2017-12-25 16:41:24,512] - Server :         Intel(R) Core(TM) i5-3470 CPU @ 3.20GHz with 4194303kB RAM
  INFO root [2017-12-25 16:41:24,512] - ThreadPool::createThreadPool: creating  threadpool...
  INFO root [2017-12-25 16:41:24,512] - ThreadPool::createThreadPool: successfully(2), newThreadCount=1, normalMaxThreadCount=2, maxThreadCount=8
 DEBUG root [2017-12-25 16:41:24,656] - Script::install_py_dlls(): PyInit_pyexpat
 DEBUG root [2017-12-25 16:41:24,657] - Script::install_py_dlls(): PyInit__socket
 DEBUG root [2017-12-25 16:41:24,657] - Script::install_py_dlls(): PyInit__ssl
 DEBUG root [2017-12-25 16:41:24,660] - Script::install_py_dlls(): PyInit__hashlib
 DEBUG root [2017-12-25 16:41:24,660] - Script::install_py_dlls(): PyInit_select
 DEBUG root [2017-12-25 16:41:24,661] - Script::install_py_dlls(): PyInit__ctypes
 DEBUG root [2017-12-25 16:41:24,661] - Script::install_py_dlls(): PyInit__elementtree
 DEBUG root [2017-12-25 16:41:24,728] - Script::install_py_dlls(): PyInit_unicodedata
  INFO root [2017-12-25 16:41:24,780] - Script::install(): is successfully, Python=(3.4.2 (default, Nov 23 2017, 15:23:32) [MSC v.1800 32 bit (Intel)])!
  INFO root [2017-12-25 16:41:24,780] - Script::install(): KBExtra is successfully!
S_INFO root [2017-12-25 16:41:24,798] - onInterfaceAppReady: bootstrapGroupIndex=0, bootstrapGlobalIndex=0
  INFO root [2017-12-25 16:41:24,809] - TelnetServer server is running on port 33000
  INFO root [2017-12-25 16:41:25,060] - ---- interfaces is running ----
 DEBUG root [2017-12-25 16:41:25,060] - Components::process(): Request for the process of identity...
  WARN root [2017-12-25 16:41:28,708] - BundleBroadcast::BundleBroadcast: Cannot bind to port 20710, errorno=10048
  INFO root [2017-12-25 16:41:32,799] - Components::process(): Found all the components!
S_INFO root [2017-12-25 16:42:05,566] - onRequestAccountLogin: registerName=qqqqqq
  WARN root [2017-12-25 16:43:02,831] - TCPPacketReceiver::processPendingEvents(127.0.0.1:17552): Throwing REASON_GENERAL_NETWORK - WSAECONNRESET
  INFO root [2017-12-25 16:43:07,437] - 
  INFO root [2017-12-25 16:43:07,438] - -----------------------------------------------------------------------------------------


  INFO root [2017-12-25 16:43:07,438] - Resmgr::initialize: KBE_ROOT=I:/KBE/kbengine-1.0.0/kbe-ball/
  INFO root [2017-12-25 16:43:07,438] - Resmgr::initialize: KBE_RES_PATH=I:/KBE/kbengine-1.0.0/kbe-ball/kbe/res/;I:/KBE/kbengine-1.0.0/kbe-ball/balls_server_assets/;I:/KBE/kbengine-1.0.0/kbe-ball/balls_server_assets/scripts/;I:/KBE/kbengine-1.0.0/kbe-ball/balls_server_assets/res/
  INFO root [2017-12-25 16:43:07,438] - Resmgr::initialize: KBE_BIN_PATH=I:/KBE/kbengine-1.0.0/kbe-ball/kbe/bin/server/
  INFO root [2017-12-25 16:43:07,448] - NetworkInterface::recreateListeningSocket(INTERNAL): bound to all interfaces with default route interface on 192.168.100.93 ( 192.168.100.93:30099 )
  INFO root [2017-12-25 16:43:07,448] - NetworkInterface::recreateListeningSocket(INTERNAL): address 192.168.100.93:30099, SOMAXCONN=5.
  INFO root [2017-12-25 16:43:07,452] - ---- interfaces Version: 1.0.0. ScriptVersion: 0.1.0. Protocol: 1ABB6125D8365C3720079E1D4CCC25C7. Config: Debug X86. Built: 15:23:35 Nov 23 2017. AppID: 3000. UID: 10103. PID: 8220 ----
  INFO root [2017-12-25 16:43:07,452] - Server :         Intel(R) Core(TM) i5-3470 CPU @ 3.20GHz with 4194303kB RAM
  INFO root [2017-12-25 16:43:07,452] - ThreadPool::createThreadPool: creating  threadpool...
  INFO root [2017-12-25 16:43:07,452] - ThreadPool::createThreadPool: successfully(2), newThreadCount=1, normalMaxThreadCount=2, maxThreadCount=8
 DEBUG root [2017-12-25 16:43:07,588] - Script::install_py_dlls(): PyInit_pyexpat
 DEBUG root [2017-12-25 16:43:07,589] - Script::install_py_dlls(): PyInit__socket
 DEBUG root [2017-12-25 16:43:07,589] - Script::install_py_dlls(): PyInit__ssl
 DEBUG root [2017-12-25 16:43:07,592] - Script::install_py_dlls(): PyInit__hashlib
 DEBUG root [2017-12-25 16:43:07,592] - Script::install_py_dlls(): PyInit_select
 DEBUG root [2017-12-25 16:43:07,593] - Script::install_py_dlls(): PyInit__ctypes
 DEBUG root [2017-12-25 16:43:07,593] - Script::install_py_dlls(): PyInit__elementtree
 DEBUG root [2017-12-25 16:43:07,641] - Script::install_py_dlls(): PyInit_unicodedata
  INFO root [2017-12-25 16:43:07,678] - Script::install(): is successfully, Python=(3.4.2 (default, Nov 23 2017, 15:23:32) [MSC v.1800 32 bit (Intel)])!
  INFO root [2017-12-25 16:43:07,678] - Script::install(): KBExtra is successfully!
S_INFO root [2017-12-25 16:43:07,687] - onInterfaceAppReady: bootstrapGroupIndex=0, bootstrapGlobalIndex=0
  INFO root [2017-12-25 16:43:07,696] - TelnetServer server is running on port 33000
  INFO root [2017-12-25 16:43:07,970] - ---- interfaces is running ----
 DEBUG root [2017-12-25 16:43:07,973] - Components::process(): Request for the process of identity...
  INFO root [2017-12-25 16:43:15,321] - Components::process(): Found all the components!
S_INFO root [2017-12-25 16:43:27,989] - onRequestAccountLogin: registerName=qqqqqq
S_INFO root [2017-12-25 16:43:41,622] - onRequestAccountLogin: registerName=aaaaaa
  WARN root [2017-12-25 16:48:14,933] - TCPPacketReceiver::processPendingEvents(127.0.0.1:17643): Throwing REASON_GENERAL_NETWORK - WSAECONNRESET
  INFO root [2017-12-25 16:48:18,057] - 
  INFO root [2017-12-25 16:48:18,057] - -----------------------------------------------------------------------------------------


  INFO root [2017-12-25 16:48:18,058] - Resmgr::initialize: KBE_ROOT=I:/KBE/kbengine-1.0.0/kbe-ball/
  INFO root [2017-12-25 16:48:18,058] - Resmgr::initialize: KBE_RES_PATH=I:/KBE/kbengine-1.0.0/kbe-ball/kbe/res/;I:/KBE/kbengine-1.0.0/kbe-ball/balls_server_assets/;I:/KBE/kbengine-1.0.0/kbe-ball/balls_server_assets/scripts/;I:/KBE/kbengine-1.0.0/kbe-ball/balls_server_assets/res/
  INFO root [2017-12-25 16:48:18,058] - Resmgr::initialize: KBE_BIN_PATH=I:/KBE/kbengine-1.0.0/kbe-ball/kbe/bin/server/
  INFO root [2017-12-25 16:48:18,072] - NetworkInterface::recreateListeningSocket(INTERNAL): bound to all interfaces with default route interface on 192.168.100.93 ( 192.168.100.93:30099 )
  INFO root [2017-12-25 16:48:18,072] - NetworkInterface::recreateListeningSocket(INTERNAL): address 192.168.100.93:30099, SOMAXCONN=5.
  INFO root [2017-12-25 16:48:18,076] - ---- interfaces Version: 1.0.0. ScriptVersion: 0.1.0. Protocol: 1ABB6125D8365C3720079E1D4CCC25C7. Config: Debug X86. Built: 15:23:35 Nov 23 2017. AppID: 3000. UID: 10103. PID: 7732 ----
  INFO root [2017-12-25 16:48:18,076] - Server :         Intel(R) Core(TM) i5-3470 CPU @ 3.20GHz with 4194303kB RAM
  INFO root [2017-12-25 16:48:18,077] - ThreadPool::createThreadPool: creating  threadpool...
  INFO root [2017-12-25 16:48:18,077] - ThreadPool::createThreadPool: successfully(2), newThreadCount=1, normalMaxThreadCount=2, maxThreadCount=8
 DEBUG root [2017-12-25 16:48:18,213] - Script::install_py_dlls(): PyInit_pyexpat
 DEBUG root [2017-12-25 16:48:18,213] - Script::install_py_dlls(): PyInit__socket
 DEBUG root [2017-12-25 16:48:18,213] - Script::install_py_dlls(): PyInit__ssl
 DEBUG root [2017-12-25 16:48:18,217] - Script::install_py_dlls(): PyInit__hashlib
 DEBUG root [2017-12-25 16:48:18,218] - Script::install_py_dlls(): PyInit_select
 DEBUG root [2017-12-25 16:48:18,218] - Script::install_py_dlls(): PyInit__ctypes
 DEBUG root [2017-12-25 16:48:18,218] - Script::install_py_dlls(): PyInit__elementtree
 DEBUG root [2017-12-25 16:48:18,271] - Script::install_py_dlls(): PyInit_unicodedata
  INFO root [2017-12-25 16:48:18,310] - Script::install(): is successfully, Python=(3.4.2 (default, Nov 23 2017, 15:23:32) [MSC v.1800 32 bit (Intel)])!
  INFO root [2017-12-25 16:48:18,310] - Script::install(): KBExtra is successfully!
S_INFO root [2017-12-25 16:48:18,323] - onInterfaceAppReady: bootstrapGroupIndex=0, bootstrapGlobalIndex=0
  INFO root [2017-12-25 16:48:18,333] - TelnetServer server is running on port 33000
  INFO root [2017-12-25 16:48:18,614] - ---- interfaces is running ----
 DEBUG root [2017-12-25 16:48:18,646] - Components::process(): Request for the process of identity...
  INFO root [2017-12-25 16:48:25,957] - Components::process(): Found all the components!
S_INFO root [2017-12-25 16:48:38,824] - onRequestAccountLogin: registerName=qqqqqq
S_INFO root [2017-12-25 16:48:52,791] - onRequestAccountLogin: registerName=aaaaaa
  WARN root [2017-12-25 16:53:16,565] - TCPPacketReceiver::processPendingEvents(127.0.0.1:17841): Throwing REASON_GENERAL_NETWORK - WSAECONNRESET
  INFO root [2017-12-25 16:53:20,247] - 
  INFO root [2017-12-25 16:53:20,247] - -----------------------------------------------------------------------------------------


  INFO root [2017-12-25 16:53:20,248] - Resmgr::initialize: KBE_ROOT=I:/KBE/kbengine-1.0.0/kbe-ball/
  INFO root [2017-12-25 16:53:20,248] - Resmgr::initialize: KBE_RES_PATH=I:/KBE/kbengine-1.0.0/kbe-ball/kbe/res/;I:/KBE/kbengine-1.0.0/kbe-ball/balls_server_assets/;I:/KBE/kbengine-1.0.0/kbe-ball/balls_server_assets/scripts/;I:/KBE/kbengine-1.0.0/kbe-ball/balls_server_assets/res/
  INFO root [2017-12-25 16:53:20,248] - Resmgr::initialize: KBE_BIN_PATH=I:/KBE/kbengine-1.0.0/kbe-ball/kbe/bin/server/
  INFO root [2017-12-25 16:53:20,256] - NetworkInterface::recreateListeningSocket(INTERNAL): bound to all interfaces with default route interface on 192.168.100.93 ( 192.168.100.93:30099 )
  INFO root [2017-12-25 16:53:20,256] - NetworkInterface::recreateListeningSocket(INTERNAL): address 192.168.100.93:30099, SOMAXCONN=5.
  INFO root [2017-12-25 16:53:20,259] - ---- interfaces Version: 1.0.0. ScriptVersion: 0.1.0. Protocol: 1ABB6125D8365C3720079E1D4CCC25C7. Config: Debug X86. Built: 15:23:35 Nov 23 2017. AppID: 3000. UID: 10103. PID: 8272 ----
  INFO root [2017-12-25 16:53:20,260] - Server :         Intel(R) Core(TM) i5-3470 CPU @ 3.20GHz with 4194303kB RAM
  INFO root [2017-12-25 16:53:20,260] - ThreadPool::createThreadPool: creating  threadpool...
  INFO root [2017-12-25 16:53:20,260] - ThreadPool::createThreadPool: successfully(2), newThreadCount=1, normalMaxThreadCount=2, maxThreadCount=8
 DEBUG root [2017-12-25 16:53:20,420] - Script::install_py_dlls(): PyInit_pyexpat
 DEBUG root [2017-12-25 16:53:20,421] - Script::install_py_dlls(): PyInit__socket
 DEBUG root [2017-12-25 16:53:20,421] - Script::install_py_dlls(): PyInit__ssl
 DEBUG root [2017-12-25 16:53:20,425] - Script::install_py_dlls(): PyInit__hashlib
 DEBUG root [2017-12-25 16:53:20,425] - Script::install_py_dlls(): PyInit_select
 DEBUG root [2017-12-25 16:53:20,426] - Script::install_py_dlls(): PyInit__ctypes
 DEBUG root [2017-12-25 16:53:20,426] - Script::install_py_dlls(): PyInit__elementtree
 DEBUG root [2017-12-25 16:53:20,466] - Script::install_py_dlls(): PyInit_unicodedata
  INFO root [2017-12-25 16:53:20,512] - Script::install(): is successfully, Python=(3.4.2 (default, Nov 23 2017, 15:23:32) [MSC v.1800 32 bit (Intel)])!
  INFO root [2017-12-25 16:53:20,512] - Script::install(): KBExtra is successfully!
S_INFO root [2017-12-25 16:53:20,522] - onInterfaceAppReady: bootstrapGroupIndex=0, bootstrapGlobalIndex=0
  INFO root [2017-12-25 16:53:20,535] - TelnetServer server is running on port 33000
  INFO root [2017-12-25 16:53:20,814] - ---- interfaces is running ----
 DEBUG root [2017-12-25 16:53:20,855] - Components::process(): Request for the process of identity...
  INFO root [2017-12-25 16:53:28,055] - Components::process(): Found all the components!
S_INFO root [2017-12-25 16:53:53,790] - onRequestAccountLogin: registerName=qqqqqq
  WARN root [2017-12-25 16:54:03,189] - TCPPacketReceiver::processPendingEvents(127.0.0.1:18052): Throwing REASON_GENERAL_NETWORK - WSAECONNRESET
  INFO root [2017-12-25 16:54:09,767] - 
  INFO root [2017-12-25 16:54:09,768] - -----------------------------------------------------------------------------------------


  INFO root [2017-12-25 16:54:09,768] - Resmgr::initialize: KBE_ROOT=I:/KBE/kbengine-1.0.0/kbe-ball/
  INFO root [2017-12-25 16:54:09,768] - Resmgr::initialize: KBE_RES_PATH=I:/KBE/kbengine-1.0.0/kbe-ball/kbe/res/;I:/KBE/kbengine-1.0.0/kbe-ball/balls_server_assets/;I:/KBE/kbengine-1.0.0/kbe-ball/balls_server_assets/scripts/;I:/KBE/kbengine-1.0.0/kbe-ball/balls_server_assets/res/
  INFO root [2017-12-25 16:54:09,768] - Resmgr::initialize: KBE_BIN_PATH=I:/KBE/kbengine-1.0.0/kbe-ball/kbe/bin/server/
  INFO root [2017-12-25 16:54:09,778] - NetworkInterface::recreateListeningSocket(INTERNAL): bound to all interfaces with default route interface on 192.168.100.93 ( 192.168.100.93:30099 )
  INFO root [2017-12-25 16:54:09,778] - NetworkInterface::recreateListeningSocket(INTERNAL): address 192.168.100.93:30099, SOMAXCONN=5.
  INFO root [2017-12-25 16:54:09,782] - ---- interfaces Version: 1.0.0. ScriptVersion: 0.1.0. Protocol: 1ABB6125D8365C3720079E1D4CCC25C7. Config: Debug X86. Built: 15:23:35 Nov 23 2017. AppID: 3000. UID: 10103. PID: 8452 ----
  INFO root [2017-12-25 16:54:09,782] - Server :         Intel(R) Core(TM) i5-3470 CPU @ 3.20GHz with 4194303kB RAM
  INFO root [2017-12-25 16:54:09,782] - ThreadPool::createThreadPool: creating  threadpool...
  INFO root [2017-12-25 16:54:09,782] - ThreadPool::createThreadPool: successfully(2), newThreadCount=1, normalMaxThreadCount=2, maxThreadCount=8
 DEBUG root [2017-12-25 16:54:09,917] - Script::install_py_dlls(): PyInit_pyexpat
 DEBUG root [2017-12-25 16:54:09,917] - Script::install_py_dlls(): PyInit__socket
 DEBUG root [2017-12-25 16:54:09,917] - Script::install_py_dlls(): PyInit__ssl
 DEBUG root [2017-12-25 16:54:09,921] - Script::install_py_dlls(): PyInit__hashlib
 DEBUG root [2017-12-25 16:54:09,921] - Script::install_py_dlls(): PyInit_select
 DEBUG root [2017-12-25 16:54:09,921] - Script::install_py_dlls(): PyInit__ctypes
 DEBUG root [2017-12-25 16:54:09,922] - Script::install_py_dlls(): PyInit__elementtree
 DEBUG root [2017-12-25 16:54:09,959] - Script::install_py_dlls(): PyInit_unicodedata
  INFO root [2017-12-25 16:54:10,011] - Script::install(): is successfully, Python=(3.4.2 (default, Nov 23 2017, 15:23:32) [MSC v.1800 32 bit (Intel)])!
  INFO root [2017-12-25 16:54:10,011] - Script::install(): KBExtra is successfully!
S_INFO root [2017-12-25 16:54:10,020] - onInterfaceAppReady: bootstrapGroupIndex=0, bootstrapGlobalIndex=0
  INFO root [2017-12-25 16:54:10,029] - TelnetServer server is running on port 33000
  INFO root [2017-12-25 16:54:10,344] - ---- interfaces is running ----
 DEBUG root [2017-12-25 16:54:10,344] - Components::process(): Request for the process of identity...
  INFO root [2017-12-25 16:54:17,669] - Components::process(): Found all the components!
S_INFO root [2017-12-25 16:54:31,054] - onRequestAccountLogin: registerName=qqqqqq
  WARN root [2017-12-25 16:55:31,817] - TCPPacketReceiver::processPendingEvents(127.0.0.1:18114): Throwing REASON_GENERAL_NETWORK - WSAECONNRESET
  INFO root [2017-12-25 16:55:34,950] - 
  INFO root [2017-12-25 16:55:34,951] - -----------------------------------------------------------------------------------------


  INFO root [2017-12-25 16:55:34,951] - Resmgr::initialize: KBE_ROOT=I:/KBE/kbengine-1.0.0/kbe-ball/
  INFO root [2017-12-25 16:55:34,952] - Resmgr::initialize: KBE_RES_PATH=I:/KBE/kbengine-1.0.0/kbe-ball/kbe/res/;I:/KBE/kbengine-1.0.0/kbe-ball/balls_server_assets/;I:/KBE/kbengine-1.0.0/kbe-ball/balls_server_assets/scripts/;I:/KBE/kbengine-1.0.0/kbe-ball/balls_server_assets/res/
  INFO root [2017-12-25 16:55:34,952] - Resmgr::initialize: KBE_BIN_PATH=I:/KBE/kbengine-1.0.0/kbe-ball/kbe/bin/server/
  INFO root [2017-12-25 16:55:34,959] - NetworkInterface::recreateListeningSocket(INTERNAL): bound to all interfaces with default route interface on 192.168.100.93 ( 192.168.100.93:30099 )
  INFO root [2017-12-25 16:55:34,960] - NetworkInterface::recreateListeningSocket(INTERNAL): address 192.168.100.93:30099, SOMAXCONN=5.
  INFO root [2017-12-25 16:55:34,964] - ---- interfaces Version: 1.0.0. ScriptVersion: 0.1.0. Protocol: 1ABB6125D8365C3720079E1D4CCC25C7. Config: Debug X86. Built: 15:23:35 Nov 23 2017. AppID: 3000. UID: 10103. PID: 8288 ----
  INFO root [2017-12-25 16:55:34,964] - Server :         Intel(R) Core(TM) i5-3470 CPU @ 3.20GHz with 4194303kB RAM
  INFO root [2017-12-25 16:55:34,964] - ThreadPool::createThreadPool: creating  threadpool...
  INFO root [2017-12-25 16:55:34,965] - ThreadPool::createThreadPool: successfully(2), newThreadCount=1, normalMaxThreadCount=2, maxThreadCount=8
 DEBUG root [2017-12-25 16:55:35,128] - Script::install_py_dlls(): PyInit_pyexpat
 DEBUG root [2017-12-25 16:55:35,128] - Script::install_py_dlls(): PyInit__socket
 DEBUG root [2017-12-25 16:55:35,129] - Script::install_py_dlls(): PyInit__ssl
 DEBUG root [2017-12-25 16:55:35,132] - Script::install_py_dlls(): PyInit__hashlib
 DEBUG root [2017-12-25 16:55:35,132] - Script::install_py_dlls(): PyInit_select
 DEBUG root [2017-12-25 16:55:35,132] - Script::install_py_dlls(): PyInit__ctypes
 DEBUG root [2017-12-25 16:55:35,133] - Script::install_py_dlls(): PyInit__elementtree
 DEBUG root [2017-12-25 16:55:35,181] - Script::install_py_dlls(): PyInit_unicodedata
  INFO root [2017-12-25 16:55:35,258] - Script::install(): is successfully, Python=(3.4.2 (default, Nov 23 2017, 15:23:32) [MSC v.1800 32 bit (Intel)])!
  INFO root [2017-12-25 16:55:35,258] - Script::install(): KBExtra is successfully!
S_INFO root [2017-12-25 16:55:35,270] - onInterfaceAppReady: bootstrapGroupIndex=0, bootstrapGlobalIndex=0
  INFO root [2017-12-25 16:55:35,298] - TelnetServer server is running on port 33000
  INFO root [2017-12-25 16:55:35,599] - ---- interfaces is running ----
 DEBUG root [2017-12-25 16:55:35,601] - Components::process(): Request for the process of identity...
  INFO root [2017-12-25 16:55:43,253] - Components::process(): Found all the components!
S_INFO root [2017-12-25 16:55:56,337] - onRequestAccountLogin: registerName=qqqqqq
  WARN root [2017-12-25 16:59:29,073] - TCPPacketReceiver::processPendingEvents(127.0.0.1:18203): Throwing REASON_GENERAL_NETWORK - WSAECONNRESET
  INFO root [2017-12-25 16:59:32,882] - 
  INFO root [2017-12-25 16:59:32,882] - -----------------------------------------------------------------------------------------


  INFO root [2017-12-25 16:59:32,883] - Resmgr::initialize: KBE_ROOT=I:/KBE/kbengine-1.0.0/kbe-ball/
  INFO root [2017-12-25 16:59:32,883] - Resmgr::initialize: KBE_RES_PATH=I:/KBE/kbengine-1.0.0/kbe-ball/kbe/res/;I:/KBE/kbengine-1.0.0/kbe-ball/balls_server_assets/;I:/KBE/kbengine-1.0.0/kbe-ball/balls_server_assets/scripts/;I:/KBE/kbengine-1.0.0/kbe-ball/balls_server_assets/res/
  INFO root [2017-12-25 16:59:32,883] - Resmgr::initialize: KBE_BIN_PATH=I:/KBE/kbengine-1.0.0/kbe-ball/kbe/bin/server/
  INFO root [2017-12-25 16:59:32,893] - NetworkInterface::recreateListeningSocket(INTERNAL): bound to all interfaces with default route interface on 192.168.100.93 ( 192.168.100.93:30099 )
  INFO root [2017-12-25 16:59:32,893] - NetworkInterface::recreateListeningSocket(INTERNAL): address 192.168.100.93:30099, SOMAXCONN=5.
  INFO root [2017-12-25 16:59:32,896] - ---- interfaces Version: 1.0.0. ScriptVersion: 0.1.0. Protocol: 1ABB6125D8365C3720079E1D4CCC25C7. Config: Debug X86. Built: 15:23:35 Nov 23 2017. AppID: 3000. UID: 10103. PID: 9144 ----
  INFO root [2017-12-25 16:59:32,897] - Server :         Intel(R) Core(TM) i5-3470 CPU @ 3.20GHz with 4194303kB RAM
  INFO root [2017-12-25 16:59:32,897] - ThreadPool::createThreadPool: creating  threadpool...
  INFO root [2017-12-25 16:59:32,897] - ThreadPool::createThreadPool: successfully(2), newThreadCount=1, normalMaxThreadCount=2, maxThreadCount=8
 DEBUG root [2017-12-25 16:59:33,114] - Script::install_py_dlls(): PyInit_pyexpat
 DEBUG root [2017-12-25 16:59:33,114] - Script::install_py_dlls(): PyInit__socket
 DEBUG root [2017-12-25 16:59:33,115] - Script::install_py_dlls(): PyInit__ssl
 DEBUG root [2017-12-25 16:59:33,118] - Script::install_py_dlls(): PyInit__hashlib
 DEBUG root [2017-12-25 16:59:33,118] - Script::install_py_dlls(): PyInit_select
 DEBUG root [2017-12-25 16:59:33,118] - Script::install_py_dlls(): PyInit__ctypes
 DEBUG root [2017-12-25 16:59:33,119] - Script::install_py_dlls(): PyInit__elementtree
 DEBUG root [2017-12-25 16:59:33,181] - Script::install_py_dlls(): PyInit_unicodedata
  INFO root [2017-12-25 16:59:33,229] - Script::install(): is successfully, Python=(3.4.2 (default, Nov 23 2017, 15:23:32) [MSC v.1800 32 bit (Intel)])!
  INFO root [2017-12-25 16:59:33,229] - Script::install(): KBExtra is successfully!
S_INFO root [2017-12-25 16:59:33,239] - onInterfaceAppReady: bootstrapGroupIndex=0, bootstrapGlobalIndex=0
  INFO root [2017-12-25 16:59:33,261] - TelnetServer server is running on port 33000
  INFO root [2017-12-25 16:59:33,569] - ---- interfaces is running ----
 DEBUG root [2017-12-25 16:59:33,570] - Components::process(): Request for the process of identity...
  INFO root [2017-12-25 16:59:40,940] - Components::process(): Found all the components!
S_INFO root [2017-12-25 17:15:06,353] - onRequestAccountLogin: registerName=qqqqqq
  WARN root [2017-12-25 17:16:08,371] - TCPPacketReceiver::processPendingEvents(127.0.0.1:18364): Throwing REASON_GENERAL_NETWORK - WSAECONNRESET
  INFO root [2017-12-25 17:16:15,888] - 
  INFO root [2017-12-25 17:16:15,889] - -----------------------------------------------------------------------------------------


  INFO root [2017-12-25 17:16:15,889] - Resmgr::initialize: KBE_ROOT=I:/KBE/kbengine-1.0.0/kbe-ball/
  INFO root [2017-12-25 17:16:15,890] - Resmgr::initialize: KBE_RES_PATH=I:/KBE/kbengine-1.0.0/kbe-ball/kbe/res/;I:/KBE/kbengine-1.0.0/kbe-ball/balls_server_assets/;I:/KBE/kbengine-1.0.0/kbe-ball/balls_server_assets/scripts/;I:/KBE/kbengine-1.0.0/kbe-ball/balls_server_assets/res/
  INFO root [2017-12-25 17:16:15,890] - Resmgr::initialize: KBE_BIN_PATH=I:/KBE/kbengine-1.0.0/kbe-ball/kbe/bin/server/
  INFO root [2017-12-25 17:16:15,900] - NetworkInterface::recreateListeningSocket(INTERNAL): bound to all interfaces with default route interface on 192.168.100.93 ( 192.168.100.93:30099 )
  INFO root [2017-12-25 17:16:15,900] - NetworkInterface::recreateListeningSocket(INTERNAL): address 192.168.100.93:30099, SOMAXCONN=5.
  INFO root [2017-12-25 17:16:15,904] - ---- interfaces Version: 1.0.0. ScriptVersion: 0.1.0. Protocol: 1ABB6125D8365C3720079E1D4CCC25C7. Config: Debug X86. Built: 15:23:35 Nov 23 2017. AppID: 3000. UID: 10103. PID: 7472 ----
  INFO root [2017-12-25 17:16:15,904] - Server :         Intel(R) Core(TM) i5-3470 CPU @ 3.20GHz with 4194303kB RAM
  INFO root [2017-12-25 17:16:15,904] - ThreadPool::createThreadPool: creating  threadpool...
  INFO root [2017-12-25 17:16:15,905] - ThreadPool::createThreadPool: successfully(2), newThreadCount=1, normalMaxThreadCount=2, maxThreadCount=8
 DEBUG root [2017-12-25 17:16:16,039] - Script::install_py_dlls(): PyInit_pyexpat
 DEBUG root [2017-12-25 17:16:16,039] - Script::install_py_dlls(): PyInit__socket
 DEBUG root [2017-12-25 17:16:16,040] - Script::install_py_dlls(): PyInit__ssl
 DEBUG root [2017-12-25 17:16:16,043] - Script::install_py_dlls(): PyInit__hashlib
 DEBUG root [2017-12-25 17:16:16,043] - Script::install_py_dlls(): PyInit_select
 DEBUG root [2017-12-25 17:16:16,044] - Script::install_py_dlls(): PyInit__ctypes
 DEBUG root [2017-12-25 17:16:16,044] - Script::install_py_dlls(): PyInit__elementtree
 DEBUG root [2017-12-25 17:16:16,080] - Script::install_py_dlls(): PyInit_unicodedata
  INFO root [2017-12-25 17:16:16,117] - Script::install(): is successfully, Python=(3.4.2 (default, Nov 23 2017, 15:23:32) [MSC v.1800 32 bit (Intel)])!
  INFO root [2017-12-25 17:16:16,117] - Script::install(): KBExtra is successfully!
S_INFO root [2017-12-25 17:16:16,127] - onInterfaceAppReady: bootstrapGroupIndex=0, bootstrapGlobalIndex=0
  INFO root [2017-12-25 17:16:16,135] - TelnetServer server is running on port 33000
  INFO root [2017-12-25 17:16:16,429] - ---- interfaces is running ----
 DEBUG root [2017-12-25 17:16:16,429] - Components::process(): Request for the process of identity...
  INFO root [2017-12-25 17:16:23,561] - Components::process(): Found all the components!
S_INFO root [2017-12-25 17:16:51,928] - onRequestAccountLogin: registerName=qqqqqq
  WARN root [2017-12-25 17:18:43,102] - TCPPacketReceiver::processPendingEvents(127.0.0.1:19010): Throwing REASON_GENERAL_NETWORK - WSAECONNRESET
  INFO root [2017-12-25 17:18:46,186] - 
  INFO root [2017-12-25 17:18:46,186] - -----------------------------------------------------------------------------------------


  INFO root [2017-12-25 17:18:46,187] - Resmgr::initialize: KBE_ROOT=I:/KBE/kbengine-1.0.0/kbe-ball/
  INFO root [2017-12-25 17:18:46,187] - Resmgr::initialize: KBE_RES_PATH=I:/KBE/kbengine-1.0.0/kbe-ball/kbe/res/;I:/KBE/kbengine-1.0.0/kbe-ball/balls_server_assets/;I:/KBE/kbengine-1.0.0/kbe-ball/balls_server_assets/scripts/;I:/KBE/kbengine-1.0.0/kbe-ball/balls_server_assets/res/
  INFO root [2017-12-25 17:18:46,187] - Resmgr::initialize: KBE_BIN_PATH=I:/KBE/kbengine-1.0.0/kbe-ball/kbe/bin/server/
  INFO root [2017-12-25 17:18:46,196] - NetworkInterface::recreateListeningSocket(INTERNAL): bound to all interfaces with default route interface on 192.168.100.93 ( 192.168.100.93:30099 )
  INFO root [2017-12-25 17:18:46,197] - NetworkInterface::recreateListeningSocket(INTERNAL): address 192.168.100.93:30099, SOMAXCONN=5.
  INFO root [2017-12-25 17:18:46,201] - ---- interfaces Version: 1.0.0. ScriptVersion: 0.1.0. Protocol: 1ABB6125D8365C3720079E1D4CCC25C7. Config: Debug X86. Built: 15:23:35 Nov 23 2017. AppID: 3000. UID: 10103. PID: 6348 ----
  INFO root [2017-12-25 17:18:46,202] - Server :         Intel(R) Core(TM) i5-3470 CPU @ 3.20GHz with 4194303kB RAM
  INFO root [2017-12-25 17:18:46,203] - ThreadPool::createThreadPool: creating  threadpool...
  INFO root [2017-12-25 17:18:46,203] - ThreadPool::createThreadPool: successfully(2), newThreadCount=1, normalMaxThreadCount=2, maxThreadCount=8
 DEBUG root [2017-12-25 17:18:46,342] - Script::install_py_dlls(): PyInit_pyexpat
 DEBUG root [2017-12-25 17:18:46,342] - Script::install_py_dlls(): PyInit__socket
 DEBUG root [2017-12-25 17:18:46,343] - Script::install_py_dlls(): PyInit__ssl
 DEBUG root [2017-12-25 17:18:46,346] - Script::install_py_dlls(): PyInit__hashlib
 DEBUG root [2017-12-25 17:18:46,347] - Script::install_py_dlls(): PyInit_select
 DEBUG root [2017-12-25 17:18:46,347] - Script::install_py_dlls(): PyInit__ctypes
 DEBUG root [2017-12-25 17:18:46,347] - Script::install_py_dlls(): PyInit__elementtree
 DEBUG root [2017-12-25 17:18:46,426] - Script::install_py_dlls(): PyInit_unicodedata
  INFO root [2017-12-25 17:18:46,478] - Script::install(): is successfully, Python=(3.4.2 (default, Nov 23 2017, 15:23:32) [MSC v.1800 32 bit (Intel)])!
  INFO root [2017-12-25 17:18:46,478] - Script::install(): KBExtra is successfully!
S_INFO root [2017-12-25 17:18:46,488] - onInterfaceAppReady: bootstrapGroupIndex=0, bootstrapGlobalIndex=0
  INFO root [2017-12-25 17:18:46,515] - TelnetServer server is running on port 33000
  WARN root [2017-12-25 17:18:46,540] - interfaces.cpp:164: Profile scriptCall took 0.03 seconds
  INFO root [2017-12-25 17:18:46,829] - ---- interfaces is running ----
 DEBUG root [2017-12-25 17:18:46,830] - Components::process(): Request for the process of identity...
  INFO root [2017-12-25 17:18:54,056] - Components::process(): Found all the components!
  WARN root [2017-12-25 18:10:47,137] - TCPPacketReceiver::processPendingEvents(127.0.0.1:19142): Throwing REASON_GENERAL_NETWORK - WSAECONNRESET
  INFO root [2017-12-25 18:10:50,464] - 
  INFO root [2017-12-25 18:10:50,465] - -----------------------------------------------------------------------------------------


  INFO root [2017-12-25 18:10:50,465] - Resmgr::initialize: KBE_ROOT=I:/KBE/kbengine-1.0.0/kbe-ball/
  INFO root [2017-12-25 18:10:50,465] - Resmgr::initialize: KBE_RES_PATH=I:/KBE/kbengine-1.0.0/kbe-ball/kbe/res/;I:/KBE/kbengine-1.0.0/kbe-ball/balls_server_assets/;I:/KBE/kbengine-1.0.0/kbe-ball/balls_server_assets/scripts/;I:/KBE/kbengine-1.0.0/kbe-ball/balls_server_assets/res/
  INFO root [2017-12-25 18:10:50,466] - Resmgr::initialize: KBE_BIN_PATH=I:/KBE/kbengine-1.0.0/kbe-ball/kbe/bin/server/
  INFO root [2017-12-25 18:10:50,477] - NetworkInterface::recreateListeningSocket(INTERNAL): bound to all interfaces with default route interface on 192.168.100.93 ( 192.168.100.93:30099 )
  INFO root [2017-12-25 18:10:50,477] - NetworkInterface::recreateListeningSocket(INTERNAL): address 192.168.100.93:30099, SOMAXCONN=5.
  INFO root [2017-12-25 18:10:50,481] - ---- interfaces Version: 1.0.0. ScriptVersion: 0.1.0. Protocol: 1ABB6125D8365C3720079E1D4CCC25C7. Config: Debug X86. Built: 15:23:35 Nov 23 2017. AppID: 3000. UID: 10103. PID: 6288 ----
  INFO root [2017-12-25 18:10:50,481] - Server :         Intel(R) Core(TM) i5-3470 CPU @ 3.20GHz with 4194303kB RAM
  INFO root [2017-12-25 18:10:50,481] - ThreadPool::createThreadPool: creating  threadpool...
  INFO root [2017-12-25 18:10:50,482] - ThreadPool::createThreadPool: successfully(2), newThreadCount=1, normalMaxThreadCount=2, maxThreadCount=8
 DEBUG root [2017-12-25 18:10:50,614] - Script::install_py_dlls(): PyInit_pyexpat
 DEBUG root [2017-12-25 18:10:50,615] - Script::install_py_dlls(): PyInit__socket
 DEBUG root [2017-12-25 18:10:50,615] - Script::install_py_dlls(): PyInit__ssl
 DEBUG root [2017-12-25 18:10:50,618] - Script::install_py_dlls(): PyInit__hashlib
 DEBUG root [2017-12-25 18:10:50,618] - Script::install_py_dlls(): PyInit_select
 DEBUG root [2017-12-25 18:10:50,619] - Script::install_py_dlls(): PyInit__ctypes
 DEBUG root [2017-12-25 18:10:50,619] - Script::install_py_dlls(): PyInit__elementtree
 DEBUG root [2017-12-25 18:10:50,654] - Script::install_py_dlls(): PyInit_unicodedata
  INFO root [2017-12-25 18:10:50,699] - Script::install(): is successfully, Python=(3.4.2 (default, Nov 23 2017, 15:23:32) [MSC v.1800 32 bit (Intel)])!
  INFO root [2017-12-25 18:10:50,699] - Script::install(): KBExtra is successfully!
S_INFO root [2017-12-25 18:10:50,711] - onInterfaceAppReady: bootstrapGroupIndex=0, bootstrapGlobalIndex=0
  INFO root [2017-12-25 18:10:50,722] - TelnetServer server is running on port 33000
  INFO root [2017-12-25 18:10:51,013] - ---- interfaces is running ----
 DEBUG root [2017-12-25 18:10:51,013] - Components::process(): Request for the process of identity...
  INFO root [2017-12-25 18:10:58,178] - Components::process(): Found all the components!
S_INFO root [2017-12-25 18:11:47,945] - onRequestAccountLogin: registerName=qqqqqq
  WARN root [2017-12-25 18:22:40,234] - TCPPacketReceiver::processPendingEvents(127.0.0.1:20903): Throwing REASON_GENERAL_NETWORK - WSAECONNRESET
  INFO root [2017-12-25 18:22:44,817] - 
  INFO root [2017-12-25 18:22:44,818] - -----------------------------------------------------------------------------------------


  INFO root [2017-12-25 18:22:44,818] - Resmgr::initialize: KBE_ROOT=I:/KBE/kbengine-1.0.0/kbe-ball/
  INFO root [2017-12-25 18:22:44,819] - Resmgr::initialize: KBE_RES_PATH=I:/KBE/kbengine-1.0.0/kbe-ball/kbe/res/;I:/KBE/kbengine-1.0.0/kbe-ball/balls_server_assets/;I:/KBE/kbengine-1.0.0/kbe-ball/balls_server_assets/scripts/;I:/KBE/kbengine-1.0.0/kbe-ball/balls_server_assets/res/
  INFO root [2017-12-25 18:22:44,819] - Resmgr::initialize: KBE_BIN_PATH=I:/KBE/kbengine-1.0.0/kbe-ball/kbe/bin/server/
  INFO root [2017-12-25 18:22:44,829] - NetworkInterface::recreateListeningSocket(INTERNAL): bound to all interfaces with default route interface on 192.168.100.93 ( 192.168.100.93:30099 )
  INFO root [2017-12-25 18:22:44,830] - NetworkInterface::recreateListeningSocket(INTERNAL): address 192.168.100.93:30099, SOMAXCONN=5.
  INFO root [2017-12-25 18:22:44,835] - ---- interfaces Version: 1.0.0. ScriptVersion: 0.1.0. Protocol: 1ABB6125D8365C3720079E1D4CCC25C7. Config: Debug X86. Built: 15:23:35 Nov 23 2017. AppID: 3000. UID: 10103. PID: 9160 ----
  INFO root [2017-12-25 18:22:44,835] - Server :         Intel(R) Core(TM) i5-3470 CPU @ 3.20GHz with 4194303kB RAM
  INFO root [2017-12-25 18:22:44,835] - ThreadPool::createThreadPool: creating  threadpool...
  INFO root [2017-12-25 18:22:44,835] - ThreadPool::createThreadPool: successfully(2), newThreadCount=1, normalMaxThreadCount=2, maxThreadCount=8
 DEBUG root [2017-12-25 18:22:44,970] - Script::install_py_dlls(): PyInit_pyexpat
 DEBUG root [2017-12-25 18:22:44,971] - Script::install_py_dlls(): PyInit__socket
 DEBUG root [2017-12-25 18:22:44,971] - Script::install_py_dlls(): PyInit__ssl
 DEBUG root [2017-12-25 18:22:44,976] - Script::install_py_dlls(): PyInit__hashlib
 DEBUG root [2017-12-25 18:22:44,976] - Script::install_py_dlls(): PyInit_select
 DEBUG root [2017-12-25 18:22:44,976] - Script::install_py_dlls(): PyInit__ctypes
 DEBUG root [2017-12-25 18:22:44,977] - Script::install_py_dlls(): PyInit__elementtree
 DEBUG root [2017-12-25 18:22:45,025] - Script::install_py_dlls(): PyInit_unicodedata
  INFO root [2017-12-25 18:22:45,064] - Script::install(): is successfully, Python=(3.4.2 (default, Nov 23 2017, 15:23:32) [MSC v.1800 32 bit (Intel)])!
  INFO root [2017-12-25 18:22:45,064] - Script::install(): KBExtra is successfully!
S_INFO root [2017-12-25 18:22:45,075] - onInterfaceAppReady: bootstrapGroupIndex=0, bootstrapGlobalIndex=0
  INFO root [2017-12-25 18:22:45,083] - TelnetServer server is running on port 33000
  INFO root [2017-12-25 18:22:45,483] - ---- interfaces is running ----
 DEBUG root [2017-12-25 18:22:45,509] - Components::process(): Request for the process of identity...
  INFO root [2017-12-25 18:22:52,875] - Components::process(): Found all the components!
S_INFO root [2017-12-25 18:23:38,110] - onRequestAccountLogin: registerName=qqqqqq
S_INFO root [2017-12-25 18:24:11,044] - onRequestAccountLogin: registerName=aaaaaa
  WARN root [2017-12-25 18:25:26,013] - TCPPacketReceiver::processPendingEvents(127.0.0.1:21470): Throwing REASON_GENERAL_NETWORK - WSAECONNRESET
  INFO root [2017-12-25 18:25:29,890] - 
  INFO root [2017-12-25 18:25:29,890] - -----------------------------------------------------------------------------------------


  INFO root [2017-12-25 18:25:29,891] - Resmgr::initialize: KBE_ROOT=I:/KBE/kbengine-1.0.0/kbe-ball/
  INFO root [2017-12-25 18:25:29,891] - Resmgr::initialize: KBE_RES_PATH=I:/KBE/kbengine-1.0.0/kbe-ball/kbe/res/;I:/KBE/kbengine-1.0.0/kbe-ball/balls_server_assets/;I:/KBE/kbengine-1.0.0/kbe-ball/balls_server_assets/scripts/;I:/KBE/kbengine-1.0.0/kbe-ball/balls_server_assets/res/
  INFO root [2017-12-25 18:25:29,891] - Resmgr::initialize: KBE_BIN_PATH=I:/KBE/kbengine-1.0.0/kbe-ball/kbe/bin/server/
  INFO root [2017-12-25 18:25:29,898] - NetworkInterface::recreateListeningSocket(INTERNAL): bound to all interfaces with default route interface on 192.168.100.93 ( 192.168.100.93:30099 )
  INFO root [2017-12-25 18:25:29,899] - NetworkInterface::recreateListeningSocket(INTERNAL): address 192.168.100.93:30099, SOMAXCONN=5.
  INFO root [2017-12-25 18:25:29,902] - ---- interfaces Version: 1.0.0. ScriptVersion: 0.1.0. Protocol: 1ABB6125D8365C3720079E1D4CCC25C7. Config: Debug X86. Built: 15:23:35 Nov 23 2017. AppID: 3000. UID: 10103. PID: 9876 ----
  INFO root [2017-12-25 18:25:29,903] - Server :         Intel(R) Core(TM) i5-3470 CPU @ 3.20GHz with 4194303kB RAM
  INFO root [2017-12-25 18:25:29,904] - ThreadPool::createThreadPool: creating  threadpool...
  INFO root [2017-12-25 18:25:29,904] - ThreadPool::createThreadPool: successfully(2), newThreadCount=1, normalMaxThreadCount=2, maxThreadCount=8
 DEBUG root [2017-12-25 18:25:30,037] - Script::install_py_dlls(): PyInit_pyexpat
 DEBUG root [2017-12-25 18:25:30,037] - Script::install_py_dlls(): PyInit__socket
 DEBUG root [2017-12-25 18:25:30,047] - Script::install_py_dlls(): PyInit__ssl
 DEBUG root [2017-12-25 18:25:30,050] - Script::install_py_dlls(): PyInit__hashlib
 DEBUG root [2017-12-25 18:25:30,051] - Script::install_py_dlls(): PyInit_select
 DEBUG root [2017-12-25 18:25:30,051] - Script::install_py_dlls(): PyInit__ctypes
 DEBUG root [2017-12-25 18:25:30,052] - Script::install_py_dlls(): PyInit__elementtree
 DEBUG root [2017-12-25 18:25:30,127] - Script::install_py_dlls(): PyInit_unicodedata
  INFO root [2017-12-25 18:25:30,171] - Script::install(): is successfully, Python=(3.4.2 (default, Nov 23 2017, 15:23:32) [MSC v.1800 32 bit (Intel)])!
  INFO root [2017-12-25 18:25:30,171] - Script::install(): KBExtra is successfully!
S_INFO root [2017-12-25 18:25:30,181] - onInterfaceAppReady: bootstrapGroupIndex=0, bootstrapGlobalIndex=0
  INFO root [2017-12-25 18:25:30,190] - TelnetServer server is running on port 33000
  INFO root [2017-12-25 18:25:30,466] - ---- interfaces is running ----
 DEBUG root [2017-12-25 18:25:30,468] - Components::process(): Request for the process of identity...
  INFO root [2017-12-25 18:25:37,683] - Components::process(): Found all the components!
  WARN root [2017-12-25 18:26:27,907] - TCPPacketReceiver::processPendingEvents(127.0.0.1:21604): Throwing REASON_GENERAL_NETWORK - WSAECONNRESET
  INFO root [2017-12-25 18:28:30,015] - 
  INFO root [2017-12-25 18:28:30,016] - -----------------------------------------------------------------------------------------


  INFO root [2017-12-25 18:28:30,016] - Resmgr::initialize: KBE_ROOT=I:/KBE/kbengine-1.0.0/kbe-ball/
  INFO root [2017-12-25 18:28:30,016] - Resmgr::initialize: KBE_RES_PATH=I:/KBE/kbengine-1.0.0/kbe-ball/kbe/res/;I:/KBE/kbengine-1.0.0/kbe-ball/balls_server_assets/;I:/KBE/kbengine-1.0.0/kbe-ball/balls_server_assets/scripts/;I:/KBE/kbengine-1.0.0/kbe-ball/balls_server_assets/res/
  INFO root [2017-12-25 18:28:30,016] - Resmgr::initialize: KBE_BIN_PATH=I:/KBE/kbengine-1.0.0/kbe-ball/kbe/bin/server/
  INFO root [2017-12-25 18:28:30,026] - NetworkInterface::recreateListeningSocket(INTERNAL): bound to all interfaces with default route interface on 192.168.100.93 ( 192.168.100.93:30099 )
  INFO root [2017-12-25 18:28:30,026] - NetworkInterface::recreateListeningSocket(INTERNAL): address 192.168.100.93:30099, SOMAXCONN=5.
  INFO root [2017-12-25 18:28:30,030] - ---- interfaces Version: 1.0.0. ScriptVersion: 0.1.0. Protocol: 1ABB6125D8365C3720079E1D4CCC25C7. Config: Debug X86. Built: 15:23:35 Nov 23 2017. AppID: 3000. UID: 10103. PID: 5984 ----
  INFO root [2017-12-25 18:28:30,031] - Server :         Intel(R) Core(TM) i5-3470 CPU @ 3.20GHz with 4194303kB RAM
  INFO root [2017-12-25 18:28:30,032] - ThreadPool::createThreadPool: creating  threadpool...
  INFO root [2017-12-25 18:28:30,032] - ThreadPool::createThreadPool: successfully(2), newThreadCount=1, normalMaxThreadCount=2, maxThreadCount=8
 DEBUG root [2017-12-25 18:28:30,173] - Script::install_py_dlls(): PyInit_pyexpat
 DEBUG root [2017-12-25 18:28:30,173] - Script::install_py_dlls(): PyInit__socket
 DEBUG root [2017-12-25 18:28:30,174] - Script::install_py_dlls(): PyInit__ssl
 DEBUG root [2017-12-25 18:28:30,177] - Script::install_py_dlls(): PyInit__hashlib
 DEBUG root [2017-12-25 18:28:30,177] - Script::install_py_dlls(): PyInit_select
 DEBUG root [2017-12-25 18:28:30,177] - Script::install_py_dlls(): PyInit__ctypes
 DEBUG root [2017-12-25 18:28:30,178] - Script::install_py_dlls(): PyInit__elementtree
 DEBUG root [2017-12-25 18:28:30,226] - Script::install_py_dlls(): PyInit_unicodedata
  INFO root [2017-12-25 18:28:30,262] - Script::install(): is successfully, Python=(3.4.2 (default, Nov 23 2017, 15:23:32) [MSC v.1800 32 bit (Intel)])!
  INFO root [2017-12-25 18:28:30,262] - Script::install(): KBExtra is successfully!
S_INFO root [2017-12-25 18:28:30,272] - onInterfaceAppReady: bootstrapGroupIndex=0, bootstrapGlobalIndex=0
  INFO root [2017-12-25 18:28:30,282] - TelnetServer server is running on port 33000
  INFO root [2017-12-25 18:28:30,531] - ---- interfaces is running ----
 DEBUG root [2017-12-25 18:28:30,532] - Components::process(): Request for the process of identity...
  INFO root [2017-12-25 18:28:37,706] - Components::process(): Found all the components!
S_INFO root [2017-12-25 18:28:50,173] - onRequestAccountLogin: registerName=aaaaaa
